<?xml version="1.0" encoding="utf-8"?><testsuites name="pytest tests"><testsuite name="pytest" errors="1" failures="0" skipped="0" tests="1" time="0.244" timestamp="2026-05-20T00:31:50.215132+08:00" hostname="mzq920426"><testcase classname="" name="tests.unit.test_comfy_lifecycle" time="0.000"><error message="collection failure">ImportError while importing test module 'D:\ClaudeProject\ForgeUE_claude\tests\unit\test_comfy_lifecycle.py'.
Hint: make sure your test modules/packages have valid Python names.
Traceback:
C:\Users\mzq\AppData\Local\Programs\Python\Python313\Lib\importlib\__init__.py:88: in import_module
    return _bootstrap._gcd_import(name[level:], package, level)
           ^^^^^^^^^^^^^^^^^^^^^^^^^^^^^^^^^^^^^^^^^^^^^^^^^^^^
tests\unit\test_comfy_lifecycle.py:4: in &lt;module&gt;
    from framework.runtime.lifecycle import ExternalProcessLifecycle, ComfyLifecycleManager
E   ModuleNotFoundError: No module named 'framework.runtime.lifecycle'</error></testcase></testsuite></testsuites>