<?xml version="1.0" encoding="utf-8"?><testsuites name="pytest tests"><testsuite name="pytest" errors="0" failures="4" skipped="0" tests="5" time="0.263" timestamp="2026-05-19T20:14:14.192055+08:00" hostname="mzq920426"><testcase classname="tests.unit.test_codex_audit_fixes" name="test_generate_structured_reraises_typed_exception_after_retries" time="0.025" /><testcase classname="tests.unit.test_codex_audit_fixes" name="test_select_bare_approve_excludes_explicit_rejects" time="0.013"><failure message="TypeError: object ExecutorResult can't be used in 'await' expression">tmp_path = WindowsPath('C:/Users/mzq/AppData/Local/Temp/pytest-of-mzq/pytest-956/test_select_bare_approve_exclu0')

    async def test_select_bare_approve_excludes_explicit_rejects(tmp_path: Path):
        """Round 2: bare-approve must still drop ids that the verdict
        EXPLICITLY rejected. Previously the bare-approve branch put rejected
        ids into BOTH selected_ids and rejected_ids; downstream consumers
        only read selected_ids, so the rejection was effectively ignored."""
        # RED: executor.execute(ctx) は async 化後 await が必要
        backend_reg = get_backend_registry(artifact_root=str(tmp_path))
        repo = ArtifactRepository(backend_registry=backend_reg)
        cand_ids: list[str] = []
        for i in range(3):
            aid = f"c_{i}"
            repo.put(
                artifact_id=aid, value=b"\x89PNG\r\n\x1a\n" + str(i).encode(),
                artifact_type=ArtifactType(modality="image", shape="raster",
                                            display_name="c"),
                role=ArtifactRole.intermediate, format="png",
                mime_type="image/png", payload_kind=PayloadKind.file,
                producer=ProducerRef(run_id="r", step_id="g"),
                file_suffix=".png",
            )
            cand_ids.append(aid)
        verdict_payload = {
            "verdict_id": "v", "report_id": "rep",
            "decision": Decision.approve.value,
            "selected_candidate_ids": [],            # bare-approve
            "rejected_candidate_ids": ["c_1"],       # explicit reject
        }
        repo.put(
            artifact_id="v_art", value=verdict_payload,
            artifact_type=ArtifactType(modality="report", shape="verdict",
                                        display_name="v"),
            role=ArtifactRole.intermediate, format="json",
            mime_type="application/json", payload_kind=PayloadKind.inline,
            producer=ProducerRef(run_id="r", step_id="rev"),
        )
        step = Step(step_id="sel", type=StepType.select, name="s",
                    capability_ref="select.by_verdict")
        task = Task(task_id="t", task_type=TaskType.asset_generation,
                    run_mode=RunMode.production, title="t", input_payload={},
                    expected_output={}, project_id="p")
        run = Run(run_id="r", task_id="t", project_id="p", status=RunStatus.running,
                  started_at=datetime.now(timezone.utc), workflow_id="w",
                  trace_id="tr")
        ctx = StepContext(run=run, task=task, step=step, repository=repo,
                          upstream_artifact_ids=["v_art", *cand_ids])
&gt;       result = await SelectExecutor().execute(ctx)
                 ^^^^^^^^^^^^^^^^^^^^^^^^^^^^^^^^^^^
E       TypeError: object ExecutorResult can't be used in 'await' expression

tests\unit\test_codex_audit_fixes.py:580: TypeError</failure></testcase><testcase classname="tests.unit.test_codex_audit_fixes" name="test_select_bare_approve_keeps_whole_pool" time="0.010"><failure message="TypeError: object ExecutorResult can't be used in 'await' expression">tmp_path = WindowsPath('C:/Users/mzq/AppData/Local/Temp/pytest-of-mzq/pytest-956/test_select_bare_approve_keeps0')

    async def test_select_bare_approve_keeps_whole_pool(tmp_path: Path):
        # RED: executor.execute(ctx) は async 化後 await が必要
        backend_reg = get_backend_registry(artifact_root=str(tmp_path))
        repo = ArtifactRepository(backend_registry=backend_reg)
        # Seed two upstream candidate artifacts + one verdict (decision=approve,
        # selected_candidate_ids empty).
        cand_ids = []
        for i in range(2):
            aid = f"cand_{i}"
            repo.put(
                artifact_id=aid, value=b"\x89PNG\r\n\x1a\nC" + str(i).encode(),
                artifact_type=ArtifactType(modality="image", shape="raster",
                                            display_name="c"),
                role=ArtifactRole.intermediate, format="png",
                mime_type="image/png", payload_kind=PayloadKind.file,
                producer=ProducerRef(run_id="r", step_id="g"),
                file_suffix=".png",
            )
            cand_ids.append(aid)
        verdict_payload = {
            "verdict_id": "v", "report_id": "rep",
            "decision": Decision.approve.value,
            "selected_candidate_ids": [],   # bare-approve
            "rejected_candidate_ids": [],
        }
        repo.put(
            artifact_id="v_art", value=verdict_payload,
            artifact_type=ArtifactType(modality="report", shape="verdict",
                                        display_name="v"),
            role=ArtifactRole.intermediate, format="json",
            mime_type="application/json", payload_kind=PayloadKind.inline,
            producer=ProducerRef(run_id="r", step_id="rev"),
        )
        step = Step(step_id="sel", type=StepType.select, name="s",
                    capability_ref="select.by_verdict")
        task = Task(task_id="t", task_type=TaskType.asset_generation,
                    run_mode=RunMode.production, title="t", input_payload={},
                    expected_output={}, project_id="p")
        run = Run(run_id="r", task_id="t", project_id="p", status=RunStatus.running,
                  started_at=datetime.now(timezone.utc), workflow_id="w",
                  trace_id="tr")
        ctx = StepContext(run=run, task=task, step=step, repository=repo,
                          upstream_artifact_ids=["v_art", *cand_ids])
&gt;       result = await SelectExecutor().execute(ctx)
                 ^^^^^^^^^^^^^^^^^^^^^^^^^^^^^^^^^^^
E       TypeError: object ExecutorResult can't be used in 'await' expression

tests\unit\test_codex_audit_fixes.py:630: TypeError</failure></testcase><testcase classname="tests.unit.test_review_budget" name="test_review_single_judge_surfaces_cost_usd" time="0.008"><failure message="RuntimeError: Sync ProviderAdapter shim called from inside a running event loop. Use the async method (acompletion/astructured/aimage_*) directly.">tmp_path = WindowsPath('C:/Users/mzq/AppData/Local/Temp/pytest-of-mzq/pytest-956/test_review_single_judge_surfa0')

    async def test_review_single_judge_surfaces_cost_usd(tmp_path: Path):
        reg = get_backend_registry(artifact_root=str(tmp_path))
        repo = ArtifactRepository(backend_registry=reg)
    
        fake = FakeAdapter()
        fake.program("judge-a", outputs=[
            FakeModelProgram(
                schema_value=_judge_report("cand_1"),
                usage={"prompt": 1200, "completion": 300, "total": 1500},
            ),
        ])
        router = CapabilityRouter()
        router.register(fake)
    
        cand_art = _make_candidate(repo, "r_rb", "upstream", "cand_1")
    
        review_step = Step(
            step_id="review_1", type=StepType.review, name="review",
            capability_ref="review.judge", risk_level=RiskLevel.low,
            provider_policy=ProviderPolicy(
                capability_required="text.structured",
                preferred_models=["judge-a"],
            ),
            config={
                "review_mode": ReviewMode.single_judge.value,
                "rubric_inline": _inline_rubric(),
            },
        )
        task = Task(
            task_id="t_rb", task_type=TaskType.asset_generation,
            run_mode=RunMode.production, title="t",
            input_payload={}, expected_output={},
            project_id="p_rb",
        )
        run = Run(
            run_id="r_rb", task_id=task.task_id, project_id=task.project_id,
            status=RunStatus.running, started_at=datetime.now(timezone.utc),
            workflow_id="wf_rb", current_step_id=review_step.step_id,
            trace_id="trace_rb",
        )
        ctx = StepContext(
            run=run, task=task, step=review_step,
            repository=repo, inputs={},
            upstream_artifact_ids=[cand_art.artifact_id],
        )
    
        executor = ReviewExecutor(router=router)
        # RED: executor.execute(ctx) は async 化後 await が必要
&gt;       result = await executor.execute(ctx)
                       ^^^^^^^^^^^^^^^^^^^^^

tests\unit\test_review_budget.py:124: 
_ _ _ _ _ _ _ _ _ _ _ _ _ _ _ _ _ _ _ _ _ _ _ _ _ _ _ _ _ _ _ _ _ _ _ _ _ _ _ _
src\framework\runtime\executors\review.py:91: in execute
    single = self._judge.judge(
src\framework\review_engine\judge.py:176: in judge
    return _run_sync(self.ajudge(
_ _ _ _ _ _ _ _ _ _ _ _ _ _ _ _ _ _ _ _ _ _ _ _ _ _ _ _ _ _ _ _ _ _ _ _ _ _ _ _

coro = &lt;coroutine object LLMJudge.ajudge at 0x000002329501CF40&gt;

    def _run_sync(coro: Awaitable[T]) -&gt; T:
        """Run an async coroutine from a sync context.
    
        Uses `asyncio.run` when no loop is running. If called from within an
        already-running event loop we raise a clear error — callers should use
        the async method directly in that case, not the sync shim.
        """
        try:
            asyncio.get_running_loop()
        except RuntimeError:
            return asyncio.run(coro)
        # Close the coroutine so we don't leak an "un-awaited coroutine" warning.
        if hasattr(coro, "close"):
            coro.close()
&gt;       raise RuntimeError(
            "Sync ProviderAdapter shim called from inside a running event loop. "
            "Use the async method (acompletion/astructured/aimage_*) directly."
        )
E       RuntimeError: Sync ProviderAdapter shim called from inside a running event loop. Use the async method (acompletion/astructured/aimage_*) directly.

src\framework\providers\base.py:99: RuntimeError</failure></testcase><testcase classname="tests.unit.test_review_budget" name="test_review_chief_judge_accumulates_per_judge_cost" time="0.008"><failure message="RuntimeError: Sync ProviderAdapter shim called from inside a running event loop. Use the async method (acompletion/astructured/aimage_*) directly.">tmp_path = WindowsPath('C:/Users/mzq/AppData/Local/Temp/pytest-of-mzq/pytest-956/test_review_chief_judge_accumu0')

    async def test_review_chief_judge_accumulates_per_judge_cost(tmp_path: Path):
        """In chief_judge mode, every judge in the panel contributes to cost_usd.
        Previously thread-local usage hand-off raced under asyncio.gather; now
        each SingleJudgeResult carries its own usage and ReviewExecutor sums."""
        reg = get_backend_registry(artifact_root=str(tmp_path))
        repo = ArtifactRepository(backend_registry=reg)
    
        fake = FakeAdapter()
        for m in ("judge-a", "judge-b", "judge-c"):
            fake.program(m, outputs=[
                FakeModelProgram(
                    schema_value=_judge_report("cand_1"),
                    usage={"prompt": 1000, "completion": 250, "total": 1250},
                ),
            ])
        router = CapabilityRouter()
        router.register(fake)
    
        cand_art = _make_candidate(repo, "r_rb2", "upstream", "cand_1")
    
        panel = [
            ProviderPolicy(capability_required="text.structured",
                           preferred_models=["judge-a"]),
            ProviderPolicy(capability_required="text.structured",
                           preferred_models=["judge-b"]),
            ProviderPolicy(capability_required="text.structured",
                           preferred_models=["judge-c"]),
        ]
        review_step = Step(
            step_id="review_panel", type=StepType.review, name="review",
            capability_ref="review.judge", risk_level=RiskLevel.low,
            config={
                "review_mode": ReviewMode.chief_judge.value,
                "rubric_inline": _inline_rubric(),
                "panel_policies": [p.model_dump() for p in panel],
            },
        )
        task = Task(
            task_id="t_rb2", task_type=TaskType.asset_generation,
            run_mode=RunMode.production, title="t",
            input_payload={}, expected_output={},
            project_id="p_rb2",
        )
        run = Run(
            run_id="r_rb2", task_id=task.task_id, project_id=task.project_id,
            status=RunStatus.running, started_at=datetime.now(timezone.utc),
            workflow_id="wf_rb2", current_step_id=review_step.step_id,
            trace_id="trace_rb2",
        )
        ctx = StepContext(
            run=run, task=task, step=review_step,
            repository=repo, inputs={},
            upstream_artifact_ids=[cand_art.artifact_id],
        )
    
        executor = ReviewExecutor(router=router)
        # RED: executor.execute(ctx) は async 化後 await が必要
&gt;       result = await executor.execute(ctx)
                       ^^^^^^^^^^^^^^^^^^^^^

tests\unit\test_review_budget.py:193: 
_ _ _ _ _ _ _ _ _ _ _ _ _ _ _ _ _ _ _ _ _ _ _ _ _ _ _ _ _ _ _ _ _ _ _ _ _ _ _ _
src\framework\runtime\executors\review.py:102: in execute
    chief_res = self._chief.judge_with_panel(
src\framework\review_engine\chief_judge.py:80: in judge_with_panel
    return _run_sync(self.ajudge_with_panel(
_ _ _ _ _ _ _ _ _ _ _ _ _ _ _ _ _ _ _ _ _ _ _ _ _ _ _ _ _ _ _ _ _ _ _ _ _ _ _ _

coro = &lt;coroutine object ChiefJudge.ajudge_with_panel at 0x00000232950BD7A0&gt;

    def _run_sync(coro: Awaitable[T]) -&gt; T:
        """Run an async coroutine from a sync context.
    
        Uses `asyncio.run` when no loop is running. If called from within an
        already-running event loop we raise a clear error — callers should use
        the async method directly in that case, not the sync shim.
        """
        try:
            asyncio.get_running_loop()
        except RuntimeError:
            return asyncio.run(coro)
        # Close the coroutine so we don't leak an "un-awaited coroutine" warning.
        if hasattr(coro, "close"):
            coro.close()
&gt;       raise RuntimeError(
            "Sync ProviderAdapter shim called from inside a running event loop. "
            "Use the async method (acompletion/astructured/aimage_*) directly."
        )
E       RuntimeError: Sync ProviderAdapter shim called from inside a running event loop. Use the async method (acompletion/astructured/aimage_*) directly.

src\framework\providers\base.py:99: RuntimeError</failure></testcase></testsuite></testsuites>