<?xml version="1.0" encoding="utf-8"?><testsuites name="pytest tests"><testsuite name="pytest" errors="0" failures="22" skipped="0" tests="237" time="10.100" timestamp="2026-05-19T22:52:51.083120+08:00" hostname="mzq920426"><testcase classname="tests.unit.test_generate_audio_comfy" name="test_should_use_comfy_worker_path_returns_true_for_comfy_local_audio_route" time="0.021" /><testcase classname="tests.unit.test_generate_audio_comfy" name="test_should_use_comfy_worker_path_returns_false_when_no_comfy_local_audio" time="0.006" /><testcase classname="tests.unit.test_generate_audio_comfy" name="test_executor_dispatches_comfy_local_audio_to_comfy_worker_branch" time="0.010"><failure message="RuntimeError: asyncio.run() cannot be called from a running event loop">tmp_path = WindowsPath('C:/Users/mzq/AppData/Local/Temp/pytest-of-mzq/pytest-1005/test_executor_dispatches_comfy0')
monkeypatch = &lt;_pytest.monkeypatch.MonkeyPatch object at 0x00000248A02B3A80&gt;

    async def test_executor_dispatches_comfy_local_audio_to_comfy_worker_branch(tmp_path, monkeypatch):
        """End-to-end:executor.execute → ComfyAgentWorker.generate_audio called。
        Mock at `subprocess.run` boundary(沿 mesh test 同款模式)。"""
        monkeypatch.setenv("FORGEUE_COMFY_SCRIPTS_DIR", str(tmp_path / "scripts"))
        (tmp_path / "scripts" / "comfyui_api").mkdir(parents=True)
        fake = tmp_path / "out.flac"
        fake.write_bytes(b"fLaC" + b"\x80\x00\x00\x22" + b"\x00" * 50)
        ctx, _ = _make_audio_ctx(tmp_path)
        executor = GenerateAudioExecutor()
        import asyncio
        import json
    
        # TBD-010 Task 3: generate_audio 现在走 asyncio.create_subprocess_exec
        _stdout = json.dumps({
            "ok": True,
            "outputs": {"audio": [str(fake)], "images": [], "glb": [], "video": []},
        }).encode("utf-8")
        call_count = []
    
        class _FakeProc:
            returncode = 0
            async def communicate(self): return (_stdout, b"")
            async def wait(self): return 0
            def terminate(self): pass
            def kill(self): pass
    
        _orig = asyncio.create_subprocess_exec
        async def _fake_create(*a, **kw):
            call_count.append(1)
            return _FakeProc()
        asyncio.create_subprocess_exec = _fake_create  # type: ignore[assignment]
        try:
            # Task 5 RED: executor.execute 已转为 async def,需 await
&gt;           result = await executor.execute(ctx)
                           ^^^^^^^^^^^^^^^^^^^^^

tests\unit\test_generate_audio_comfy.py:180: 
_ _ _ _ _ _ _ _ _ _ _ _ _ _ _ _ _ _ _ _ _ _ _ _ _ _ _ _ _ _ _ _ _ _ _ _ _ _ _ _
src\framework\runtime\executors\generate_audio.py:102: in execute
    candidates = self._generate_via_comfy_worker(
src\framework\runtime\executors\generate_audio.py:233: in _generate_via_comfy_worker
    return worker.generate_audio(
src\framework\providers\workers\comfy_worker.py:1188: in generate_audio
    return asyncio.run(self.agenerate_audio(
_ _ _ _ _ _ _ _ _ _ _ _ _ _ _ _ _ _ _ _ _ _ _ _ _ _ _ _ _ _ _ _ _ _ _ _ _ _ _ _

main = &lt;coroutine object ComfyAgentWorker.agenerate_audio at 0x00000248A04CCB40&gt;

    def run(main, *, debug=None, loop_factory=None):
        """Execute the coroutine and return the result.
    
        This function runs the passed coroutine, taking care of
        managing the asyncio event loop, finalizing asynchronous
        generators and closing the default executor.
    
        This function cannot be called when another asyncio event loop is
        running in the same thread.
    
        If debug is True, the event loop will be run in debug mode.
        If loop_factory is passed, it is used for new event loop creation.
    
        This function always creates a new event loop and closes it at the end.
        It should be used as a main entry point for asyncio programs, and should
        ideally only be called once.
    
        The executor is given a timeout duration of 5 minutes to shutdown.
        If the executor hasn't finished within that duration, a warning is
        emitted and the executor is closed.
    
        Example:
    
            async def main():
                await asyncio.sleep(1)
                print('hello')
    
            asyncio.run(main())
        """
        if events._get_running_loop() is not None:
            # fail fast with short traceback
&gt;           raise RuntimeError(
                "asyncio.run() cannot be called from a running event loop")
E           RuntimeError: asyncio.run() cannot be called from a running event loop

C:\Users\mzq\AppData\Local\Programs\Python\Python313\Lib\asyncio\runners.py:191: RuntimeError</failure></testcase><testcase classname="tests.unit.test_generate_audio_comfy" name="test_executor_no_audio_worker_path_resolved_raises" time="0.008" /><testcase classname="tests.unit.test_generate_audio_comfy" name="test_generate_via_comfy_worker_wraps_worker_timeout_to_audio_worker_timeout_on_exhaustion" time="0.009" /><testcase classname="tests.unit.test_generate_audio_comfy" name="test_generate_via_comfy_worker_wraps_worker_unsupported_to_audio_worker_unsupported_immediately" time="0.008" /><testcase classname="tests.unit.test_generate_audio_comfy" name="test_generate_via_comfy_worker_wraps_generic_worker_error_immediately" time="0.008" /><testcase classname="tests.unit.test_generate_audio_comfy" name="test_local_comfy_audio_executor_retry_on_excludes_timeout_short_circuits_first_attempt" time="0.008" /><testcase classname="tests.unit.test_generate_audio_comfy" name="test_executor_persists_audio_artifact_with_shape_waveform_and_format_aware_file_suffix" time="0.009"><failure message="TypeError: object ExecutorResult can't be used in 'await' expression">tmp_path = WindowsPath('C:/Users/mzq/AppData/Local/Temp/pytest-of-mzq/pytest-1005/test_executor_persists_audio_a0')
monkeypatch = &lt;_pytest.monkeypatch.MonkeyPatch object at 0x000002489F02CAE0&gt;

    async def test_executor_persists_audio_artifact_with_shape_waveform_and_format_aware_file_suffix(tmp_path, monkeypatch):
        """F-Plan-R6-A round-6 critical:Artifact.artifact_type.shape == "waveform"
        (与 UE bridge `_KIND_MAP[("audio", "waveform")] = "sound_wave"` 唯一映射对齐);
        file_suffix=`.{cand.format}` 反映真实 payload 编码。"""
        monkeypatch.setenv("FORGEUE_COMFY_SCRIPTS_DIR", str(tmp_path / "scripts"))
        (tmp_path / "scripts" / "comfyui_api").mkdir(parents=True)
        ctx, repo = _make_audio_ctx(tmp_path)
        executor = GenerateAudioExecutor()
        cand = _fake_audio_candidate(format_="flac")
        with patch("framework.runtime.executors.generate_audio.ComfyAgentWorker") as cls_mock:
            worker_inst = MagicMock()
            worker_inst.generate_audio.return_value = [cand]
            cls_mock.return_value = worker_inst
&gt;           result = await executor.execute(ctx)
                     ^^^^^^^^^^^^^^^^^^^^^^^^^^^
E           TypeError: object ExecutorResult can't be used in 'await' expression

tests\unit\test_generate_audio_comfy.py:289: TypeError</failure></testcase><testcase classname="tests.unit.test_generate_audio_comfy" name="test_executor_artifact_top_level_metadata_includes_format_duration_sample_rate" time="0.011"><failure message="TypeError: object ExecutorResult can't be used in 'await' expression">tmp_path = WindowsPath('C:/Users/mzq/AppData/Local/Temp/pytest-of-mzq/pytest-1005/test_executor_artifact_top_lev0')
monkeypatch = &lt;_pytest.monkeypatch.MonkeyPatch object at 0x00000248A02BF890&gt;

    async def test_executor_artifact_top_level_metadata_includes_format_duration_sample_rate(tmp_path, monkeypatch):
        """F-Plan-R7-A round-7 single-source + FR-STORE-004 audio metadata 三件套:
        Artifact.metadata.format=cand.format;duration_seconds/sample_rate=None always。"""
        monkeypatch.setenv("FORGEUE_COMFY_SCRIPTS_DIR", str(tmp_path / "scripts"))
        (tmp_path / "scripts" / "comfyui_api").mkdir(parents=True)
        ctx, repo = _make_audio_ctx(tmp_path)
        executor = GenerateAudioExecutor()
        cand = _fake_audio_candidate(format_="mp3")
        with patch("framework.runtime.executors.generate_audio.ComfyAgentWorker") as cls_mock:
            worker_inst = MagicMock()
            worker_inst.generate_audio.return_value = [cand]
            cls_mock.return_value = worker_inst
&gt;           result = await executor.execute(ctx)
                     ^^^^^^^^^^^^^^^^^^^^^^^^^^^
E           TypeError: object ExecutorResult can't be used in 'await' expression

tests\unit\test_generate_audio_comfy.py:313: TypeError</failure></testcase><testcase classname="tests.unit.test_generate_audio_comfy" name="test_local_comfy_audio_pricing_none_treated_as_non_premium" time="0.010"><failure message="TypeError: object ExecutorResult can't be used in 'await' expression">tmp_path = WindowsPath('C:/Users/mzq/AppData/Local/Temp/pytest-of-mzq/pytest-1005/test_local_comfy_audio_pricing0')
monkeypatch = &lt;_pytest.monkeypatch.MonkeyPatch object at 0x00000248A067BEE0&gt;

    async def test_local_comfy_audio_pricing_none_treated_as_non_premium(tmp_path, monkeypatch):
        """ADR-007 边界:`pricing=None` → `(None or {}).get("per_task_usd", 0) == 0` → non-premium
        → 内部 retry loop 用 `policy.max_attempts` 不受 ADR-007 strict-single-attempt 约束。"""
        monkeypatch.setenv("FORGEUE_COMFY_SCRIPTS_DIR", str(tmp_path / "scripts"))
        (tmp_path / "scripts" / "comfyui_api").mkdir(parents=True)
        policy = RetryPolicy(max_attempts=3, retry_on=["timeout"])
        ctx, _ = _make_audio_ctx(tmp_path, retry_policy=policy)
        # Confirm route pricing=None
        assert ctx.step.provider_policy.prepared_routes[0].pricing is None
        executor = GenerateAudioExecutor()
        with patch("framework.runtime.executors.generate_audio.ComfyAgentWorker") as cls_mock:
            worker_inst = MagicMock()
            # 第一次 timeout,第二次成功(retry budget 起作用)
            worker_inst.generate_audio.side_effect = [
                _ComfyWorkerTimeout("first call timeout"),
                [_fake_audio_candidate()],
            ]
            cls_mock.return_value = worker_inst
&gt;           result = await executor.execute(ctx)
                     ^^^^^^^^^^^^^^^^^^^^^^^^^^^
E           TypeError: object ExecutorResult can't be used in 'await' expression

tests\unit\test_generate_audio_comfy.py:350: TypeError</failure></testcase><testcase classname="tests.unit.test_generate_audio_comfy" name="test_should_retry_returns_true_for_audio_timeout_with_timeout_in_retry_on" time="0.005" /><testcase classname="tests.unit.test_generate_audio_comfy" name="test_should_retry_returns_false_for_audio_timeout_when_timeout_not_in_retry_on" time="0.005" /><testcase classname="tests.unit.test_generate_audio_comfy" name="test_should_retry_returns_false_for_audio_unsupported" time="0.005" /><testcase classname="tests.unit.test_generate_video_comfy" name="test_should_use_comfy_worker_path_returns_true_for_comfy_local_video_route" time="0.007" /><testcase classname="tests.unit.test_generate_video_comfy" name="test_should_use_comfy_worker_path_returns_false_when_no_comfy_local_video" time="0.006" /><testcase classname="tests.unit.test_generate_video_comfy" name="test_executor_dispatches_comfy_local_video_to_comfy_worker_branch" time="0.009"><failure message="RuntimeError: asyncio.run() cannot be called from a running event loop">tmp_path = WindowsPath('C:/Users/mzq/AppData/Local/Temp/pytest-of-mzq/pytest-1005/test_executor_dispatches_comfy1')
monkeypatch = &lt;_pytest.monkeypatch.MonkeyPatch object at 0x00000248A0251950&gt;

    async def test_executor_dispatches_comfy_local_video_to_comfy_worker_branch(tmp_path, monkeypatch):
        """End-to-end:executor.execute → ComfyAgentWorker.generate_video called。
        Mock at `subprocess.run` boundary(沿 audio test 同款模式)。"""
        monkeypatch.setenv("FORGEUE_COMFY_SCRIPTS_DIR", str(tmp_path / "scripts"))
        (tmp_path / "scripts" / "comfyui_api").mkdir(parents=True)
        fake = tmp_path / "out.mp4"
        fake.write_bytes(
            b"\x00\x00\x00\x20" + b"ftyp" + b"isom" + b"\x00\x00\x02\x00"
            + b"isom" + b"iso2" + b"mp41" + b"mp42"
        )
        ctx, _ = _make_video_ctx(tmp_path)
        executor = GenerateVideoExecutor()
        import asyncio
        import json
    
        # TBD-010 Task 3: generate_video 现在走 asyncio.create_subprocess_exec
        _stdout = json.dumps({
            "ok": True,
            "outputs": {"images": [], "audio": [], "glb": [], "video": [str(fake)]},
        }).encode("utf-8")
        call_count = []
    
        class _FakeProc:
            returncode = 0
            async def communicate(self): return (_stdout, b"")
            async def wait(self): return 0
            def terminate(self): pass
            def kill(self): pass
    
        _orig = asyncio.create_subprocess_exec
        async def _fake_create(*a, **kw):
            call_count.append(1)
            return _FakeProc()
        asyncio.create_subprocess_exec = _fake_create  # type: ignore[assignment]
        try:
            # Task 5 RED: executor.execute 已转为 async def,需 await
&gt;           result = await executor.execute(ctx)
                           ^^^^^^^^^^^^^^^^^^^^^

tests\unit\test_generate_video_comfy.py:188: 
_ _ _ _ _ _ _ _ _ _ _ _ _ _ _ _ _ _ _ _ _ _ _ _ _ _ _ _ _ _ _ _ _ _ _ _ _ _ _ _
src\framework\runtime\executors\generate_video.py:105: in execute
    candidates = self._generate_via_comfy_worker(
src\framework\runtime\executors\generate_video.py:245: in _generate_via_comfy_worker
    return worker.generate_video(
src\framework\providers\workers\comfy_worker.py:1447: in generate_video
    return asyncio.run(self.agenerate_video(
_ _ _ _ _ _ _ _ _ _ _ _ _ _ _ _ _ _ _ _ _ _ _ _ _ _ _ _ _ _ _ _ _ _ _ _ _ _ _ _

main = &lt;coroutine object ComfyAgentWorker.agenerate_video at 0x00000248A04CCE00&gt;

    def run(main, *, debug=None, loop_factory=None):
        """Execute the coroutine and return the result.
    
        This function runs the passed coroutine, taking care of
        managing the asyncio event loop, finalizing asynchronous
        generators and closing the default executor.
    
        This function cannot be called when another asyncio event loop is
        running in the same thread.
    
        If debug is True, the event loop will be run in debug mode.
        If loop_factory is passed, it is used for new event loop creation.
    
        This function always creates a new event loop and closes it at the end.
        It should be used as a main entry point for asyncio programs, and should
        ideally only be called once.
    
        The executor is given a timeout duration of 5 minutes to shutdown.
        If the executor hasn't finished within that duration, a warning is
        emitted and the executor is closed.
    
        Example:
    
            async def main():
                await asyncio.sleep(1)
                print('hello')
    
            asyncio.run(main())
        """
        if events._get_running_loop() is not None:
            # fail fast with short traceback
&gt;           raise RuntimeError(
                "asyncio.run() cannot be called from a running event loop")
E           RuntimeError: asyncio.run() cannot be called from a running event loop

C:\Users\mzq\AppData\Local\Programs\Python\Python313\Lib\asyncio\runners.py:191: RuntimeError</failure></testcase><testcase classname="tests.unit.test_generate_video_comfy" name="test_executor_no_video_worker_path_resolved_raises" time="0.008" /><testcase classname="tests.unit.test_generate_video_comfy" name="test_generate_via_comfy_worker_wraps_worker_timeout_to_video_worker_timeout_on_exhaustion" time="0.008" /><testcase classname="tests.unit.test_generate_video_comfy" name="test_generate_via_comfy_worker_wraps_worker_unsupported_to_video_worker_unsupported_immediately" time="0.009" /><testcase classname="tests.unit.test_generate_video_comfy" name="test_generate_via_comfy_worker_wraps_generic_worker_error_immediately" time="0.009" /><testcase classname="tests.unit.test_generate_video_comfy" name="test_local_comfy_video_executor_retry_on_excludes_timeout_short_circuits_first_attempt" time="0.009" /><testcase classname="tests.unit.test_generate_video_comfy" name="test_executor_persists_video_artifact_with_shape_mp4_and_format_aware_file_suffix" time="0.011"><failure message="TypeError: object ExecutorResult can't be used in 'await' expression">tmp_path = WindowsPath('C:/Users/mzq/AppData/Local/Temp/pytest-of-mzq/pytest-1005/test_executor_persists_video_a0')
monkeypatch = &lt;_pytest.monkeypatch.MonkeyPatch object at 0x000002489EBA1BE0&gt;

    async def test_executor_persists_video_artifact_with_shape_mp4_and_format_aware_file_suffix(tmp_path, monkeypatch):
        """D1 + D8 critical:Artifact.artifact_type.shape == "mp4"(与 UE bridge
        `_KIND_MAP[("video", "mp4")] = "file_media_source"` 唯一映射对齐);
        file_suffix=`.{cand.format}` 反映真实 payload 编码(post-F2 sweep mp4-only =`.mp4`)。"""
        monkeypatch.setenv("FORGEUE_COMFY_SCRIPTS_DIR", str(tmp_path / "scripts"))
        (tmp_path / "scripts" / "comfyui_api").mkdir(parents=True)
        ctx, repo = _make_video_ctx(tmp_path)
        executor = GenerateVideoExecutor()
        cand = _fake_video_candidate()
        with patch("framework.runtime.executors.generate_video.ComfyAgentWorker") as cls_mock:
            worker_inst = MagicMock()
            worker_inst.generate_video.return_value = [cand]
            cls_mock.return_value = worker_inst
&gt;           result = await executor.execute(ctx)
                     ^^^^^^^^^^^^^^^^^^^^^^^^^^^
E           TypeError: object ExecutorResult can't be used in 'await' expression

tests\unit\test_generate_video_comfy.py:300: TypeError</failure></testcase><testcase classname="tests.unit.test_generate_video_comfy" name="test_executor_artifact_top_level_metadata_includes_format_5_video_metadata_fields" time="0.010"><failure message="TypeError: object ExecutorResult can't be used in 'await' expression">tmp_path = WindowsPath('C:/Users/mzq/AppData/Local/Temp/pytest-of-mzq/pytest-1005/test_executor_artifact_top_lev1')
monkeypatch = &lt;_pytest.monkeypatch.MonkeyPatch object at 0x000002489F073E00&gt;

    async def test_executor_artifact_top_level_metadata_includes_format_5_video_metadata_fields(tmp_path, monkeypatch):
        """D8 single-source + FR-STORE-004 video metadata 6 件套(format + 5 video fields):
        Artifact.metadata.format=cand.format("mp4");5 video metadata 顶层全 None always
        (本 change scope ComfyUI agent CLI 不暴露 video metadata,follow-on `video-metadata-parser` 加 ffprobe / mutagen 解析)。"""
        monkeypatch.setenv("FORGEUE_COMFY_SCRIPTS_DIR", str(tmp_path / "scripts"))
        (tmp_path / "scripts" / "comfyui_api").mkdir(parents=True)
        ctx, repo = _make_video_ctx(tmp_path)
        executor = GenerateVideoExecutor()
        cand = _fake_video_candidate()
        with patch("framework.runtime.executors.generate_video.ComfyAgentWorker") as cls_mock:
            worker_inst = MagicMock()
            worker_inst.generate_video.return_value = [cand]
            cls_mock.return_value = worker_inst
&gt;           result = await executor.execute(ctx)
                     ^^^^^^^^^^^^^^^^^^^^^^^^^^^
E           TypeError: object ExecutorResult can't be used in 'await' expression

tests\unit\test_generate_video_comfy.py:325: TypeError</failure></testcase><testcase classname="tests.unit.test_generate_video_comfy" name="test_local_comfy_video_pricing_none_treated_as_non_premium" time="0.011"><failure message="TypeError: object ExecutorResult can't be used in 'await' expression">tmp_path = WindowsPath('C:/Users/mzq/AppData/Local/Temp/pytest-of-mzq/pytest-1005/test_local_comfy_video_pricing0')
monkeypatch = &lt;_pytest.monkeypatch.MonkeyPatch object at 0x000002489EBA1E10&gt;

    async def test_local_comfy_video_pricing_none_treated_as_non_premium(tmp_path, monkeypatch):
        """ADR-007 边界:`pricing=None` → `(None or {}).get("per_task_usd", 0) == 0` → non-premium
        → 内部 retry loop 用 `policy.max_attempts` 不受 ADR-007 strict-single-attempt 约束。"""
        monkeypatch.setenv("FORGEUE_COMFY_SCRIPTS_DIR", str(tmp_path / "scripts"))
        (tmp_path / "scripts" / "comfyui_api").mkdir(parents=True)
        policy = RetryPolicy(max_attempts=3, retry_on=["timeout"])
        ctx, _ = _make_video_ctx(tmp_path, retry_policy=policy)
        # Confirm route pricing=None
        assert ctx.step.provider_policy.prepared_routes[0].pricing is None
        executor = GenerateVideoExecutor()
        with patch("framework.runtime.executors.generate_video.ComfyAgentWorker") as cls_mock:
            worker_inst = MagicMock()
            # 第一次 timeout,第二次成功(retry budget 起作用)
            worker_inst.generate_video.side_effect = [
                _ComfyWorkerTimeout("first call timeout"),
                [_fake_video_candidate()],
            ]
            cls_mock.return_value = worker_inst
&gt;           result = await executor.execute(ctx)
                     ^^^^^^^^^^^^^^^^^^^^^^^^^^^
E           TypeError: object ExecutorResult can't be used in 'await' expression

tests\unit\test_generate_video_comfy.py:365: TypeError</failure></testcase><testcase classname="tests.unit.test_generate_video_comfy" name="test_should_retry_returns_true_for_video_timeout_with_timeout_in_retry_on" time="0.005" /><testcase classname="tests.unit.test_generate_video_comfy" name="test_should_retry_returns_false_for_video_timeout_when_timeout_not_in_retry_on" time="0.006" /><testcase classname="tests.unit.test_generate_video_comfy" name="test_should_retry_returns_false_for_video_unsupported" time="0.005" /><testcase classname="tests.unit.test_generate_mesh_comfy" name="test_should_use_comfy_worker_path_reads_provider_policy_from_step_top_level" time="0.009" /><testcase classname="tests.unit.test_generate_mesh_comfy" name="test_should_use_comfy_worker_path_returns_false_for_remote_hunyuan_route" time="0.007" /><testcase classname="tests.unit.test_generate_mesh_comfy" name="test_should_use_comfy_worker_path_returns_false_when_no_provider_policy" time="0.008" /><testcase classname="tests.unit.test_generate_mesh_comfy" name="test_generate_via_comfy_worker_writes_source_bytes_to_comfyui_input_dir_with_forgeue_prefix" time="0.009" /><testcase classname="tests.unit.test_generate_mesh_comfy" name="test_generate_via_comfy_worker_passes_source_image_filename_to_worker_generate_mesh" time="0.008" /><testcase classname="tests.unit.test_generate_mesh_comfy" name="test_generate_via_comfy_worker_raises_when_FORGEUE_COMFY_INPUT_DIR_unset" time="0.007" /><testcase classname="tests.unit.test_generate_mesh_comfy" name="test_generate_via_comfy_worker_constructs_worker_with_model_id_comfy_local_mesh" time="0.009" /><testcase classname="tests.unit.test_generate_mesh_comfy" name="test_generate_via_comfy_worker_raises_when_env_unset" time="0.008" /><testcase classname="tests.unit.test_generate_mesh_comfy" name="test_generate_via_comfy_worker_wraps_worker_timeout_to_mesh_worker_timeout" time="0.008" /><testcase classname="tests.unit.test_generate_mesh_comfy" name="test_generate_via_comfy_worker_wraps_worker_unsupported_response_to_mesh_worker_unsupported" time="0.009" /><testcase classname="tests.unit.test_generate_mesh_comfy" name="test_generate_via_comfy_worker_wraps_generic_worker_error_to_mesh_worker_error" time="0.008" /><testcase classname="tests.unit.test_generate_mesh_comfy" name="test_local_comfy_mesh_executor_calls_worker_max_attempts_times_on_timeout" time="0.008" /><testcase classname="tests.unit.test_generate_mesh_comfy" name="test_local_comfy_mesh_executor_does_not_retry_on_worker_unsupported_response" time="0.008" /><testcase classname="tests.unit.test_generate_mesh_comfy" name="test_local_comfy_mesh_executor_raises_after_all_retries_exhausted" time="0.010" /><testcase classname="tests.unit.test_generate_mesh_comfy" name="test_failure_mode_map_routes_wrapped_local_comfy_mesh_timeout_to_abort_or_fallback_after_internal_retries_exhausted" time="0.006" /><testcase classname="tests.unit.test_generate_mesh_comfy" name="test_failure_mode_map_routes_wrapped_mesh_worker_unsupported_to_abort_or_fallback" time="0.006" /><testcase classname="tests.unit.test_generate_mesh_comfy" name="test_executor_execute_dispatches_comfy_local_mesh_via_internal_retry_branch" time="0.012"><failure message="TypeError: object ExecutorResult can't be used in 'await' expression">tmp_path = WindowsPath('C:/Users/mzq/AppData/Local/Temp/pytest-of-mzq/pytest-1005/test_executor_execute_dispatch0')
monkeypatch = &lt;_pytest.monkeypatch.MonkeyPatch object at 0x000002489F073BD0&gt;

    async def test_executor_execute_dispatches_comfy_local_mesh_via_internal_retry_branch(tmp_path, monkeypatch):
        """End-to-end:execute() 检测 comfy/local-mesh route → _generate_via_comfy_worker
        (NOT 现有 self._worker.generate)→ 持久化为 in-tree GLB Artifact。"""
        monkeypatch.setenv("FORGEUE_COMFY_SCRIPTS_DIR", str(tmp_path))
        monkeypatch.setenv("FORGEUE_COMFY_INPUT_DIR", str(tmp_path / "comfy_input"))  # round 5 D10
        ctx, repo, src_bytes = _make_comfy_mesh_ctx(tmp_path, num_candidates=1)
    
        # injected worker:不应被调用(comfy 分支接管)
        injected_worker = MagicMock(spec=MeshWorker)
        injected_worker.name = "injected_test_worker"
        executor = GenerateMeshExecutor(worker=injected_worker)
    
        fake_cand = _fake_mesh_candidate()
        with patch("framework.runtime.executors.generate_mesh.ComfyAgentWorker") as W:
            W.return_value.generate_mesh.return_value = [fake_cand]
            # Task 5 RED: executor.execute 已转为 async def,需 await
&gt;           result = await executor.execute(ctx)
                     ^^^^^^^^^^^^^^^^^^^^^^^^^^^
E           TypeError: object ExecutorResult can't be used in 'await' expression

tests\unit\test_generate_mesh_comfy.py:449: TypeError</failure></testcase><testcase classname="tests.unit.test_generate_mesh_comfy" name="test_executor_execute_remote_hunyuan_route_does_not_dispatch_to_comfy_branch" time="0.011"><failure message="TypeError: object ExecutorResult can't be used in 'await' expression">tmp_path = WindowsPath('C:/Users/mzq/AppData/Local/Temp/pytest-of-mzq/pytest-1005/test_executor_execute_remote_h0')

    async def test_executor_execute_remote_hunyuan_route_does_not_dispatch_to_comfy_branch(tmp_path):
        """regression:no comfy/local-mesh route → 走原 self._worker.generate 路径
        (远端 mesh attempts=1 enforcement 不受本 change 影响)。"""
        extra = [PreparedRoute(model="hunyuan/hy-3d-3.1", api_key_env="HUNYUAN_3D_KEY",
                               kind="mesh", pricing={"per_task_usd": 0.25})]
        ctx, _, _ = _make_comfy_mesh_ctx(tmp_path,
                                          use_comfy_local_mesh_route=False,
                                          extra_routes=extra,
                                          num_candidates=1)
        executor = GenerateMeshExecutor(worker=FakeMeshWorker())
        with patch("framework.runtime.executors.generate_mesh.ComfyAgentWorker") as W:
&gt;           result = await executor.execute(ctx)
                     ^^^^^^^^^^^^^^^^^^^^^^^^^^^
E           TypeError: object ExecutorResult can't be used in 'await' expression

tests\unit\test_generate_mesh_comfy.py:470: TypeError</failure></testcase><testcase classname="tests.unit.test_generate_mesh_comfy" name="test_executor_dispatches_comfy_local_mesh_records_provider_as_comfy_agent_cli" time="0.012"><failure message="TypeError: object ExecutorResult can't be used in 'await' expression">tmp_path = WindowsPath('C:/Users/mzq/AppData/Local/Temp/pytest-of-mzq/pytest-1005/test_executor_dispatches_comfy2')
monkeypatch = &lt;_pytest.monkeypatch.MonkeyPatch object at 0x000002489F1C3620&gt;

    async def test_executor_dispatches_comfy_local_mesh_records_provider_as_comfy_agent_cli(tmp_path, monkeypatch):
        """G6-F3 follow-on:comfy/local-mesh 路径活跃时,Artifact.producer.provider
        == "comfy_agent_cli",NOT injected worker name(框架 self._worker.name 注入的
        HunyuanMeshWorker / FakeMeshWorker 名会污染 audit / comparison report)。"""
        monkeypatch.setenv("FORGEUE_COMFY_SCRIPTS_DIR", str(tmp_path))
        monkeypatch.setenv("FORGEUE_COMFY_INPUT_DIR", str(tmp_path / "comfy_input"))
        ctx, repo, src_bytes = _make_comfy_mesh_ctx(tmp_path, num_candidates=1)
    
        # injected worker:其 name 是 "injected_test_worker",但本 change 后该字段
        # 不应出现在 Artifact.producer 里
        injected_worker = MagicMock(spec=MeshWorker)
        injected_worker.name = "injected_test_worker"
        executor = GenerateMeshExecutor(worker=injected_worker)
    
        fake_cand = _fake_mesh_candidate()
        with patch("framework.runtime.executors.generate_mesh.ComfyAgentWorker") as W:
            W.return_value.generate_mesh.return_value = [fake_cand]
&gt;           result = await executor.execute(ctx)
                     ^^^^^^^^^^^^^^^^^^^^^^^^^^^
E           TypeError: object ExecutorResult can't be used in 'await' expression

tests\unit\test_generate_mesh_comfy.py:500: TypeError</failure></testcase><testcase classname="tests.unit.test_generate_mesh_comfy" name="test_executor_remote_hunyuan_path_records_provider_as_worker_name" time="0.011"><failure message="TypeError: object ExecutorResult can't be used in 'await' expression">tmp_path = WindowsPath('C:/Users/mzq/AppData/Local/Temp/pytest-of-mzq/pytest-1005/test_executor_remote_hunyuan_p0')

    async def test_executor_remote_hunyuan_path_records_provider_as_worker_name(tmp_path):
        """regression:non-comfy 路径(远端 Hunyuan / Tripo)producer.provider == self._worker.name,
        保留原行为(本 change 只改 comfy 分支 attribution,不改远端 mesh 分支)。"""
        extra = [PreparedRoute(model="hunyuan/hy-3d-3.1", api_key_env="HUNYUAN_3D_KEY",
                               kind="mesh", pricing={"per_task_usd": 0.25})]
        ctx, _, _ = _make_comfy_mesh_ctx(tmp_path,
                                          use_comfy_local_mesh_route=False,
                                          extra_routes=extra,
                                          num_candidates=1)
        fake_worker = FakeMeshWorker()
        executor = GenerateMeshExecutor(worker=fake_worker)
&gt;       result = await executor.execute(ctx)
                 ^^^^^^^^^^^^^^^^^^^^^^^^^^^
E       TypeError: object ExecutorResult can't be used in 'await' expression

tests\unit\test_generate_mesh_comfy.py:528: TypeError</failure></testcase><testcase classname="tests.unit.test_generate_mesh_cost" name="test_mesh_executor_emits_cost_usd_when_policy_has_pricing" time="0.019"><failure message="TypeError: object ExecutorResult can't be used in 'await' expression">tmp_path = WindowsPath('C:/Users/mzq/AppData/Local/Temp/pytest-of-mzq/pytest-1005/test_mesh_executor_emits_cost_0')

    async def test_mesh_executor_emits_cost_usd_when_policy_has_pricing(tmp_path):
        """With `prepared_routes[0].pricing.per_task_usd=0.14` and 3 candidates,
        `metrics["cost_usd"]` must equal 0.42. This is the fence for 2026-04
        pricing wiring — pre-PR this field didn't exist at all, which meant
        BudgetTracker saw $0 for every mesh step no matter how many paid
        Hunyuan 3D / Tripo3D tasks ran."""
        policy = ProviderPolicy(
            capability_required="mesh.generation",
            prepared_routes=[PreparedRoute(
                model="hunyuan/hy-3d-3.1",
                api_key_env="HUNYUAN_3D_KEY",
                kind="mesh",
                pricing={"per_task_usd": 0.14},
            )],
        )
        ctx, _ = _make_ctx(tmp_path, "run_mesh_priced",
                             provider_policy=policy, num_candidates=3)
    
&gt;       result = await GenerateMeshExecutor(worker=FakeMeshWorker()).execute(ctx)
                 ^^^^^^^^^^^^^^^^^^^^^^^^^^^^^^^^^^^^^^^^^^^^^^^^^^^^^^^^^^^^^^^^
E       TypeError: object ExecutorResult can't be used in 'await' expression

tests\unit\test_generate_mesh_cost.py:129: TypeError</failure></testcase><testcase classname="tests.unit.test_generate_mesh_cost" name="test_mesh_executor_cost_is_zero_when_no_provider_policy" time="0.011"><failure message="TypeError: object ExecutorResult can't be used in 'await' expression">tmp_path = WindowsPath('C:/Users/mzq/AppData/Local/Temp/pytest-of-mzq/pytest-1005/test_mesh_executor_cost_is_zer0')

    async def test_mesh_executor_cost_is_zero_when_no_provider_policy(tmp_path):
        """Back-compat: pre-PR integration tests construct mesh steps without
        any provider_policy (FakeMeshWorker / offline runs). The new
        cost_usd wiring must NOT introduce a non-zero charge in that
        scenario — pre-PR tests expected `cost_usd = 0.0` (or no key at
        all); changing that would cascade through `test_l4_image_to_3d`
        and every mesh integration fence."""
        ctx, _ = _make_ctx(tmp_path, "run_mesh_nopolicy",
                             provider_policy=None, num_candidates=2)
    
&gt;       result = await GenerateMeshExecutor(worker=FakeMeshWorker()).execute(ctx)
                 ^^^^^^^^^^^^^^^^^^^^^^^^^^^^^^^^^^^^^^^^^^^^^^^^^^^^^^^^^^^^^^^^
E       TypeError: object ExecutorResult can't be used in 'await' expression

tests\unit\test_generate_mesh_cost.py:148: TypeError</failure></testcase><testcase classname="tests.unit.test_generate_mesh_cost" name="test_mesh_executor_cost_is_zero_when_policy_has_no_pricing" time="0.011"><failure message="TypeError: object ExecutorResult can't be used in 'await' expression">tmp_path = WindowsPath('C:/Users/mzq/AppData/Local/Temp/pytest-of-mzq/pytest-1005/test_mesh_executor_cost_is_zer1')

    async def test_mesh_executor_cost_is_zero_when_policy_has_no_pricing(tmp_path):
        """Back-compat: models.yaml entries that don't declare `pricing:`
        produce `PreparedRoute(pricing=None)`. Executor must treat that
        identically to "no policy at all" — charge $0 and fall through
        silently rather than attempting to use a fallback scalar (which
        would silently introduce a non-zero floor for every mesh run)."""
        policy = ProviderPolicy(
            capability_required="mesh.generation",
            prepared_routes=[PreparedRoute(
                model="hunyuan/hy-3d-3.1", kind="mesh",   # pricing=None by default
            )],
        )
        ctx, _ = _make_ctx(tmp_path, "run_mesh_nopricing",
                             provider_policy=policy, num_candidates=2)
    
&gt;       result = await GenerateMeshExecutor(worker=FakeMeshWorker()).execute(ctx)
                 ^^^^^^^^^^^^^^^^^^^^^^^^^^^^^^^^^^^^^^^^^^^^^^^^^^^^^^^^^^^^^^^^
E       TypeError: object ExecutorResult can't be used in 'await' expression

tests\unit\test_generate_mesh_cost.py:169: TypeError</failure></testcase><testcase classname="tests.unit.test_generate_mesh_cost" name="test_mesh_executor_cost_picks_first_mesh_kind_route" time="0.010"><failure message="TypeError: object ExecutorResult can't be used in 'await' expression">tmp_path = WindowsPath('C:/Users/mzq/AppData/Local/Temp/pytest-of-mzq/pytest-1005/test_mesh_executor_cost_picks_0')

    async def test_mesh_executor_cost_picks_first_mesh_kind_route(tmp_path):
        """When the policy has mixed-kind routes (a stray image route
        accidentally left over, or a text fallback), the mesh executor
        must pick the first `kind="mesh"` route's pricing — not the
        textual first-route's. Fence against accidentally charging mesh
        runs at text rates."""
        policy = ProviderPolicy(
            capability_required="mesh.generation",
            prepared_routes=[
                # A non-mesh route first — pricing wrong for mesh
                PreparedRoute(
                    model="openai/gpt-legacy", kind="text",
                    pricing={"input_per_1k_usd": 0.001, "output_per_1k_usd": 0.002},
                ),
                PreparedRoute(
                    model="hunyuan/hy-3d-3.1", kind="mesh",
                    pricing={"per_task_usd": 0.14},
                ),
            ],
        )
        ctx, _ = _make_ctx(tmp_path, "run_mesh_mixed",
                             provider_policy=policy, num_candidates=1)
    
&gt;       result = await GenerateMeshExecutor(worker=FakeMeshWorker()).execute(ctx)
                 ^^^^^^^^^^^^^^^^^^^^^^^^^^^^^^^^^^^^^^^^^^^^^^^^^^^^^^^^^^^^^^^^
E       TypeError: object ExecutorResult can't be used in 'await' expression

tests\unit\test_generate_mesh_cost.py:197: TypeError</failure></testcase><testcase classname="tests.unit.test_mesh_no_silent_retry" name="test_apost_no_transient_retry_on_connect_error" time="0.007" /><testcase classname="tests.unit.test_mesh_no_silent_retry" name="test_executor_no_internal_retry_for_mesh_capability" time="0.010" /><testcase classname="tests.unit.test_mesh_no_silent_retry" name="test_failure_mode_map_routes_mesh_timeout_to_abort" time="0.006" /><testcase classname="tests.unit.test_mesh_no_silent_retry" name="test_failure_mode_map_routes_mesh_error_to_abort" time="0.005" /><testcase classname="tests.integration.test_image_edit" name="test_image_edit_happy_path" time="0.016"><failure message="RuntimeError: Sync ProviderAdapter shim called from inside a running event loop. Use the async method (acompletion/astructured/aimage_*) directly.">tmp_path = WindowsPath('C:/Users/mzq/AppData/Local/Temp/pytest-of-mzq/pytest-1005/test_image_edit_happy_path0')

    async def test_image_edit_happy_path(tmp_path: Path):
        run_id = "run_edit_happy"
        reg = get_backend_registry(artifact_root=str(tmp_path))
        repo = ArtifactRepository(backend_registry=reg)
        src_id = _seed_image(repo, run_id)
    
        fake = FakeAdapter()
        fake._supported.add("qwen-edit-fake")
        fake.program("qwen-edit-fake", outputs=[FakeModelProgram(
            image_bytes_list=[b"\x89PNG\r\n\x1a\nEDITED_1", b"\x89PNG\r\n\x1a\nEDITED_2"],
        )])
        router = CapabilityRouter()
        router.register(fake)
    
        step = Step(
            step_id="step_edit", type=StepType.generate, name="edit",
            risk_level=RiskLevel.medium, capability_ref="image.edit",
            provider_policy=ProviderPolicy(
                capability_required="image.edit",
                prepared_routes=[PreparedRoute(
                    model="qwen-edit-fake", api_key_env=None, api_base=None,
                    kind="image_edit",
                )],
            ),
            config={"num_candidates": 2, "prompt": "night scene + torches",
                    "size": "1024x1024"},
        )
        task = Task(
            task_id="t", task_type=TaskType.asset_generation,
            run_mode=RunMode.production, title="edit",
            input_payload={}, expected_output={}, project_id="p",
        )
        run = Run(run_id=run_id, task_id="t", project_id="p", status=RunStatus.running,
                  started_at=datetime.now(timezone.utc), workflow_id="w", trace_id="tr")
        ctx = StepContext(run=run, task=task, step=step, repository=repo,
                          upstream_artifact_ids=[src_id])
        # Task 5 RED: executor.execute 已转为 async def,需 await
&gt;       result = await GenerateImageEditExecutor(router=router).execute(ctx)
                       ^^^^^^^^^^^^^^^^^^^^^^^^^^^^^^^^^^^^^^^^^^^^^^^^^^^^^

tests\integration\test_image_edit.py:98: 
_ _ _ _ _ _ _ _ _ _ _ _ _ _ _ _ _ _ _ _ _ _ _ _ _ _ _ _ _ _ _ _ _ _ _ _ _ _ _ _
src\framework\runtime\executors\generate_image_edit.py:78: in execute
    results, chosen_model = self._router.image_edit(
src\framework\providers\capability_router.py:243: in image_edit
    return _run_sync(self.aimage_edit(
_ _ _ _ _ _ _ _ _ _ _ _ _ _ _ _ _ _ _ _ _ _ _ _ _ _ _ _ _ _ _ _ _ _ _ _ _ _ _ _

coro = &lt;coroutine object CapabilityRouter.aimage_edit at 0x000002489F03B560&gt;

    def _run_sync(coro: Awaitable[T]) -&gt; T:
        """Run an async coroutine from a sync context.
    
        Uses `asyncio.run` when no loop is running. If called from within an
        already-running event loop we raise a clear error — callers should use
        the async method directly in that case, not the sync shim.
        """
        try:
            asyncio.get_running_loop()
        except RuntimeError:
            return asyncio.run(coro)
        # Close the coroutine so we don't leak an "un-awaited coroutine" warning.
        if hasattr(coro, "close"):
            coro.close()
&gt;       raise RuntimeError(
            "Sync ProviderAdapter shim called from inside a running event loop. "
            "Use the async method (acompletion/astructured/aimage_*) directly."
        )
E       RuntimeError: Sync ProviderAdapter shim called from inside a running event loop. Use the async method (acompletion/astructured/aimage_*) directly.

src\framework\providers\base.py:99: RuntimeError</failure></testcase><testcase classname="tests.integration.test_image_edit" name="test_image_edit_no_upstream_image_raises" time="0.008" /><testcase classname="tests.integration.test_image_edit" name="test_image_edit_requires_provider_policy" time="0.009" /><testcase classname="tests.integration.test_image_edit" name="test_image_edit_falls_back_to_image_generation_for_text_only_adapter" time="0.005" /><testcase classname="tests.integration.test_l4_image_to_3d" name="test_mesh_executor_happy_path" time="0.020"><failure message="TypeError: object ExecutorResult can't be used in 'await' expression">tmp_path = WindowsPath('C:/Users/mzq/AppData/Local/Temp/pytest-of-mzq/pytest-1005/test_mesh_executor_happy_path0')

    async def test_mesh_executor_happy_path(tmp_path: Path):
        run_id = "run_l4_happy"
        reg = get_backend_registry(artifact_root=str(tmp_path))
        repo = ArtifactRepository(backend_registry=reg)
        img_id = _seed_image_artifact(repo, run_id)
        spec_id = _seed_spec_artifact(repo, run_id)
    
        worker = FakeMeshWorker()  # synthesise minimal GLB
        step = Step(
            step_id="step_mesh", type=StepType.generate, name="mesh",
            risk_level=RiskLevel.high, capability_ref="mesh.generation",
            config={"num_candidates": 1},
        )
        task = Task(
            task_id="t", task_type=TaskType.asset_generation,
            run_mode=RunMode.production, title="m",
            input_payload={}, expected_output={}, project_id="p",
        )
        run = Run(run_id=run_id, task_id="t", project_id="p", status=RunStatus.running,
                  started_at=datetime.now(timezone.utc), workflow_id="w", trace_id="tr")
        ctx = StepContext(
            run=run, task=task, step=step, repository=repo,
            upstream_artifact_ids=[spec_id, img_id],
        )
        # Task 5 RED: executor.execute 已转为 async def,需 await
&gt;       result = await GenerateMeshExecutor(worker=worker).execute(ctx)
                 ^^^^^^^^^^^^^^^^^^^^^^^^^^^^^^^^^^^^^^^^^^^^^^^^^^^^^^
E       TypeError: object ExecutorResult can't be used in 'await' expression

tests\integration\test_l4_image_to_3d.py:139: TypeError</failure></testcase><testcase classname="tests.integration.test_l4_image_to_3d" name="test_mesh_executor_no_upstream_image_raises" time="0.008" /><testcase classname="tests.integration.test_l4_image_to_3d" name="test_mesh_executor_does_NOT_retry_on_worker_error" time="0.019" /><testcase classname="tests.integration.test_l4_image_to_3d" name="test_l4_mesh_reads_selected_candidate_from_review_verdict" time="0.027"><failure message="TypeError: object ExecutorResult can't be used in 'await' expression">tmp_path = WindowsPath('C:/Users/mzq/AppData/Local/Temp/pytest-of-mzq/pytest-1005/test_l4_mesh_reads_selected_ca0')

    async def test_l4_mesh_reads_selected_candidate_from_review_verdict(tmp_path: Path):
        """TBD-008 (2026-04-22) Phase B3 — **real production path** fence.
    
        Validates: in the shape of `examples/image_to_3d_pipeline.json`, where
        step_mesh.depends_on = [step_mesh_spec, step_review_image, step_image]
        and step_review_image emits `report.verdict` (NOT a `bundle.selected_set`
        — there is no SelectExecutor in that workflow), mesh executor's
        `_resolve_source_image` must read `verdict.selected_candidate_ids[0]`
        and look up that image — NOT fall through to "first flat cand found"
        (which would silently pick cand_0 regardless of review outcome).
    
        Codex review Phase G Round 2 (2026-04-22) caught this: Round 1 fix
        prioritised `bundle.selected_set`, which is never present in the real
        image_to_3d workflow. Round 2 fix adds verdict as Pass 1 priority.
    
        Strategy: seed 3 distinct-size PNGs; seed a `report.verdict` artifact
        selecting the MIDDLE one (cand_1); upstream includes flat cands BEFORE
        the verdict (matching real orchestrator ordering); assert FakeMeshWorker
        received bytes matching cand_1."""
        from framework.core.artifact import ArtifactType, ProducerRef
        from framework.core.enums import ArtifactRole, PayloadKind
    
        run_id = "run_l4_verdict"
        reg = get_backend_registry(artifact_root=str(tmp_path))
        repo = ArtifactRepository(backend_registry=reg)
    
        cand_ids, fixture_bytes = _seed_candidate_trio(repo, run_id)
    
        # Seed verdict artifact — shape matches `review.py:_persist_verdict`.
        verdict_id = f"{run_id}_verdict"
        repo.put(
            artifact_id=verdict_id,
            value={
                "decision": "approve_one",
                "selected_candidate_ids": [cand_ids[1]],  # pick cand_1 (v2)
                "rejected_candidate_ids": [cand_ids[0], cand_ids[2]],
                "confidence": 0.85,
                "reasons": ["v2 best"],
            },
            artifact_type=ArtifactType(
                modality="report", shape="verdict", display_name="verdict"),
            role=ArtifactRole.intermediate, format="json",
            mime_type="application/json", payload_kind=PayloadKind.inline,
            producer=ProducerRef(run_id=run_id, step_id="step_review_image",
                                   provider="review_engine"),
        )
    
        spec_id = _seed_spec_artifact(repo, run_id)
        step, task, run = _build_mesh_step_and_task(run_id, "verdict_priority")
    
        # Real production upstream shape: spec + flat cands + verdict.
        # Orchestrator._resolve_upstream_ids() orders by depends_on sequence,
        # typically [spec, cands..., verdict] since step_image produces cands
        # first and step_review_image produces verdict. The fence puts flat
        # cands BEFORE verdict to prove pass 1 (verdict) now wins.
        ctx = StepContext(
            run=run, task=task, step=step, repository=repo,
            upstream_artifact_ids=[spec_id, *cand_ids, verdict_id],
        )
    
        worker = FakeMeshWorker()
&gt;       result = await GenerateMeshExecutor(worker=worker).execute(ctx)
                 ^^^^^^^^^^^^^^^^^^^^^^^^^^^^^^^^^^^^^^^^^^^^^^^^^^^^^^
E       TypeError: object ExecutorResult can't be used in 'await' expression

tests\integration\test_l4_image_to_3d.py:339: TypeError</failure></testcase><testcase classname="tests.integration.test_l4_image_to_3d" name="test_l4_mesh_resolves_selected_image_from_selected_set_bundle" time="0.025"><failure message="TypeError: object ExecutorResult can't be used in 'await' expression">tmp_path = WindowsPath('C:/Users/mzq/AppData/Local/Temp/pytest-of-mzq/pytest-1005/test_l4_mesh_resolves_selected0')

    async def test_l4_mesh_resolves_selected_image_from_selected_set_bundle(tmp_path: Path):
        """TBD-008 (2026-04-22) forward-compat fence: workflows that DO run a
        SelectExecutor (emitting `bundle.selected_set`) must still be honoured
        by `_resolve_source_image`'s pass 2. This covers future / other bundles
        even though `image_to_3d_pipeline.json` today goes straight from review
        to mesh without select."""
        from framework.core.artifact import ArtifactType, ProducerRef
        from framework.core.enums import ArtifactRole, PayloadKind
    
        run_id = "run_l4_selected_set"
        reg = get_backend_registry(artifact_root=str(tmp_path))
        repo = ArtifactRepository(backend_registry=reg)
    
        cand_ids, fixture_bytes = _seed_candidate_trio(repo, run_id)
    
        # Seed selected_set bundle — shape matches `select.py:82-92`.
        selected_bundle_id = f"{run_id}_selected_set"
        repo.put(
            artifact_id=selected_bundle_id,
            value={
                "selected_ids": [cand_ids[1]],
                "rejected_ids": [cand_ids[0], cand_ids[2]],
                "source_verdict_id": "v_fake",
            },
            artifact_type=ArtifactType(
                modality="bundle", shape="selected_set", display_name="selected_set"),
            role=ArtifactRole.intermediate, format="json",
            mime_type="application/json", payload_kind=PayloadKind.inline,
            producer=ProducerRef(run_id=run_id, step_id="step_select", provider="select"),
        )
    
        spec_id = _seed_spec_artifact(repo, run_id)
        step, task, run = _build_mesh_step_and_task(run_id, "selected_set_path")
    
        ctx = StepContext(
            run=run, task=task, step=step, repository=repo,
            upstream_artifact_ids=[spec_id, *cand_ids, selected_bundle_id],
        )
    
        worker = FakeMeshWorker()
&gt;       result = await GenerateMeshExecutor(worker=worker).execute(ctx)
                 ^^^^^^^^^^^^^^^^^^^^^^^^^^^^^^^^^^^^^^^^^^^^^^^^^^^^^^
E       TypeError: object ExecutorResult can't be used in 'await' expression

tests\integration\test_l4_image_to_3d.py:395: TypeError</failure></testcase><testcase classname="tests.integration.test_l4_image_to_3d" name="test_hunyuan_mesh_worker_tokenhub_submit_poll_download" time="0.008" /><testcase classname="tests.integration.test_l4_image_to_3d" name="test_mesh_spec_schema_round_trip" time="0.007" /><testcase classname="tests.unit.test_codex_audit_fixes" name="test_generate_structured_reraises_typed_exception_after_retries" time="0.009" /><testcase classname="tests.unit.test_codex_audit_fixes" name="test_hunyuan_tokenhub_post_raises_unsupported_on_html_body" time="0.006" /><testcase classname="tests.unit.test_codex_audit_fixes" name="test_qwen_dashscope_post_raises_unsupported_on_html_body" time="0.006" /><testcase classname="tests.unit.test_codex_audit_fixes" name="test_mesh_worker_apost_raises_unsupported_on_html_body" time="0.009" /><testcase classname="tests.unit.test_codex_audit_fixes" name="test_hunyuan_poll_clamps_timeout_to_remaining_budget" time="0.057" /><testcase classname="tests.unit.test_codex_audit_fixes" name="test_mesh_poll_clamps_timeout_to_remaining_budget" time="0.058" /><testcase classname="tests.unit.test_codex_audit_fixes" name="test_checkpoint_find_hit_misses_on_length_mismatch" time="0.008" /><testcase classname="tests.unit.test_codex_audit_fixes" name="test_image_edit_emits_cost_usd" time="0.018"><failure message="RuntimeError: Sync ProviderAdapter shim called from inside a running event loop. Use the async method (acompletion/astructured/aimage_*) directly.">tmp_path = WindowsPath('C:/Users/mzq/AppData/Local/Temp/pytest-of-mzq/pytest-1005/test_image_edit_emits_cost_usd0')

    async def test_image_edit_emits_cost_usd(tmp_path: Path):
        reg = get_backend_registry(artifact_root=str(tmp_path))
        repo = ArtifactRepository(backend_registry=reg)
        src_id = "src_img"
        repo.put(
            artifact_id=src_id, value=b"\x89PNG\r\n\x1a\nSRC",
            artifact_type=ArtifactType(modality="image", shape="raster",
                                        display_name="img"),
            role=ArtifactRole.intermediate, format="png", mime_type="image/png",
            payload_kind=PayloadKind.file,
            producer=ProducerRef(run_id="r", step_id="up"),
            file_suffix=".png",
        )
        router = CapabilityRouter()
        router.register(_OneShotEditAdapter())
    
        step = Step(
            step_id="edit", type=StepType.generate, name="e",
            risk_level=RiskLevel.medium, capability_ref="image.edit",
            provider_policy=ProviderPolicy(
                capability_required="image.edit",
                prepared_routes=[PreparedRoute(
                    model="edit-x", kind="image_edit",
                    pricing={"per_image_usd": 0.05},
                )],
            ),
            config={"num_candidates": 2, "prompt": "x", "size": "1024x1024"},
        )
        task = Task(task_id="t", task_type=TaskType.asset_generation,
                    run_mode=RunMode.production, title="t", input_payload={},
                    expected_output={}, project_id="p")
        run = Run(run_id="r", task_id="t", project_id="p", status=RunStatus.running,
                  started_at=datetime.now(timezone.utc), workflow_id="w",
                  trace_id="tr")
        ctx = StepContext(run=run, task=task, step=step, repository=repo,
                          upstream_artifact_ids=[src_id])
        # Task 5 RED: executor.execute 已转为 async def,需 await
&gt;       result = await GenerateImageEditExecutor(router=router).execute(ctx)
                       ^^^^^^^^^^^^^^^^^^^^^^^^^^^^^^^^^^^^^^^^^^^^^^^^^^^^^

tests\unit\test_codex_audit_fixes.py:339: 
_ _ _ _ _ _ _ _ _ _ _ _ _ _ _ _ _ _ _ _ _ _ _ _ _ _ _ _ _ _ _ _ _ _ _ _ _ _ _ _
src\framework\runtime\executors\generate_image_edit.py:78: in execute
    results, chosen_model = self._router.image_edit(
src\framework\providers\capability_router.py:243: in image_edit
    return _run_sync(self.aimage_edit(
_ _ _ _ _ _ _ _ _ _ _ _ _ _ _ _ _ _ _ _ _ _ _ _ _ _ _ _ _ _ _ _ _ _ _ _ _ _ _ _

coro = &lt;coroutine object CapabilityRouter.aimage_edit at 0x000002489F03B880&gt;

    def _run_sync(coro: Awaitable[T]) -&gt; T:
        """Run an async coroutine from a sync context.
    
        Uses `asyncio.run` when no loop is running. If called from within an
        already-running event loop we raise a clear error — callers should use
        the async method directly in that case, not the sync shim.
        """
        try:
            asyncio.get_running_loop()
        except RuntimeError:
            return asyncio.run(coro)
        # Close the coroutine so we don't leak an "un-awaited coroutine" warning.
        if hasattr(coro, "close"):
            coro.close()
&gt;       raise RuntimeError(
            "Sync ProviderAdapter shim called from inside a running event loop. "
            "Use the async method (acompletion/astructured/aimage_*) directly."
        )
E       RuntimeError: Sync ProviderAdapter shim called from inside a running event loop. Use the async method (acompletion/astructured/aimage_*) directly.

src\framework\providers\base.py:99: RuntimeError</failure></testcase><testcase classname="tests.unit.test_codex_audit_fixes" name="test_retry_same_step_honours_policy_on_retry" time="0.006" /><testcase classname="tests.unit.test_codex_audit_fixes" name="test_retry_same_step_falls_back_to_step_id_when_unset" time="0.005" /><testcase classname="tests.unit.test_codex_audit_fixes" name="test_orchestrator_uses_fresh_transition_engine_per_arun" time="0.059" /><testcase classname="tests.unit.test_codex_audit_fixes" name="test_orchestrator_concurrent_arun_does_not_share_counters" time="0.011" /><testcase classname="tests.unit.test_codex_audit_fixes" name="test_generate_image_parallel_rejects_heterogeneous_models" time="0.008" /><testcase classname="tests.unit.test_codex_audit_fixes" name="test_select_bare_approve_excludes_explicit_rejects" time="0.010" /><testcase classname="tests.unit.test_codex_audit_fixes" name="test_select_bare_approve_keeps_whole_pool" time="0.009" /><testcase classname="tests.unit.test_codex_audit_fixes" name="test_repository_metadata_dump_and_load_roundtrip" time="0.026" /><testcase classname="tests.unit.test_codex_audit_fixes" name="test_load_run_metadata_skips_missing_payload" time="0.018" /><testcase classname="tests.unit.test_codex_audit_fixes" name="test_resume_yields_cache_hits_after_reload" time="0.024" /><testcase classname="tests.unit.test_codex_audit_fixes" name="test_sync_chunked_download_module_removed" time="0.005" /><testcase classname="tests.unit.test_codex_audit_fixes" name="test_transition_engine_clone_preserves_subclass_and_attrs" time="0.005" /><testcase classname="tests.unit.test_codex_audit_fixes" name="test_hunyuan_unsupported_response_skips_transient_retry" time="0.007" /><testcase classname="tests.unit.test_codex_audit_fixes" name="test_qwen_unsupported_response_skips_transient_retry" time="0.006" /><testcase classname="tests.unit.test_codex_audit_fixes" name="test_image_executor_does_not_retry_on_unsupported_response" time="0.005" /><testcase classname="tests.unit.test_codex_audit_fixes" name="test_mesh_worker_unsupported_response_skips_transient_retry" time="0.006" /><testcase classname="tests.unit.test_codex_audit_fixes" name="test_load_run_metadata_skips_corrupted_payload" time="0.021" /><testcase classname="tests.unit.test_codex_audit_fixes" name="test_router_does_not_fallback_on_unsupported_response" time="0.007" /><testcase classname="tests.unit.test_codex_audit_fixes" name="test_structured_step_persists_cost_for_resume" time="0.011" /><testcase classname="tests.unit.test_codex_audit_fixes" name="test_orchestrator_replays_cached_cost_into_budget_tracker" time="0.022" /><testcase classname="tests.unit.test_codex_audit_fixes" name="test_find_by_producer_safe_under_concurrent_put" time="0.021" /><testcase classname="tests.unit.test_comfy_subprocess" name="test_project_id_none_raises_unsupported_response_at_init" time="0.008" /><testcase classname="tests.unit.test_comfy_subprocess" name="test_artifacts_dir_none_raises_unsupported_response_at_init" time="0.007" /><testcase classname="tests.unit.test_comfy_subprocess" name="test_lifecycle_other_than_none_raises_unsupported_response" time="0.007" /><testcase classname="tests.unit.test_comfy_subprocess" name="test_missing_scripts_dir_raises_unsupported_response" time="0.008" /><testcase classname="tests.unit.test_comfy_subprocess" name="test_python_module_not_found_raises_unsupported_response" time="0.008" /><testcase classname="tests.unit.test_comfy_subprocess" name="test_aprobe_missing_scripts_dir_raises_unsupported_response" time="0.009" /><testcase classname="tests.unit.test_comfy_subprocess" name="test_aprobe_module_not_found_raises_unsupported_response" time="0.008" /><testcase classname="tests.unit.test_comfy_subprocess" name="test_dry_run_30s_timeout" time="5.023" /><testcase classname="tests.unit.test_comfy_subprocess" name="test_aprobe_nonzero_exit_raises" time="0.024" /><testcase classname="tests.unit.test_comfy_subprocess" name="test_exit2_missing_param_maps_to_unsupported" time="0.023" /><testcase classname="tests.unit.test_comfy_subprocess" name="test_exit2_value_out_of_range_maps_to_unsupported" time="0.022" /><testcase classname="tests.unit.test_comfy_subprocess" name="test_exit2_value_not_in_list_maps_to_unsupported" time="0.023" /><testcase classname="tests.unit.test_comfy_subprocess" name="test_stdout_not_json_maps_to_unsupported" time="0.018" /><testcase classname="tests.unit.test_comfy_subprocess" name="test_stdout_missing_outputs_field_maps_to_unsupported" time="0.018" /><testcase classname="tests.unit.test_comfy_subprocess" name="test_exit2_timeout_maps_to_worker_timeout" time="0.016" /><testcase classname="tests.unit.test_comfy_subprocess" name="test_exit2_unrecognised_error_maps_to_worker_error" time="0.018" /><testcase classname="tests.unit.test_comfy_subprocess" name="test_subprocess_invocation_passes_workflow_params_lifecycle_timeout" time="0.021" /><testcase classname="tests.unit.test_comfy_subprocess" name="test_subprocess_invocation_passes_task_project_id_as_dash_dash_project" time="0.022" /><testcase classname="tests.unit.test_comfy_subprocess" name="test_outputs_paths_are_copied_into_run_artifact_tree" time="0.024" /><testcase classname="tests.unit.test_comfy_subprocess" name="test_outputs_glb_non_empty_raises_unsupported_response" time="0.018" /><testcase classname="tests.unit.test_comfy_subprocess" name="test_outputs_audio_non_empty_raises_unsupported_response" time="0.017" /><testcase classname="tests.unit.test_comfy_subprocess" name="test_legacy_workflow_graph_field_rejected" time="0.018" /><testcase classname="tests.unit.test_comfy_subprocess" name="test_cancel_under_to_thread_does_not_orphan_processes" time="0.022" /><testcase classname="tests.unit.test_comfy_subprocess" name="test_executor_dispatches_comfy_local_to_worker_not_router" time="0.015" /><testcase classname="tests.unit.test_comfy_subprocess" name="test_comfy_agent_worker_reads_env_config" time="0.024" /><testcase classname="tests.unit.test_comfy_subprocess" name="test_env_unset_raises_unsupported_response" time="0.014" /><testcase classname="tests.unit.test_comfy_subprocess" name="test_dry_run_skips_probe_when_no_comfy_local_in_routes" time="0.017" /><testcase classname="tests.unit.test_comfy_subprocess" name="test_dry_run_probe_runs_when_comfy_local_in_routes" time="0.026" /><testcase classname="tests.unit.test_comfy_subprocess" name="test_capability_inferred_image_for_comfy_local" time="0.017" /><testcase classname="tests.unit.test_comfy_subprocess" name="test_capability_inferred_mesh_for_comfy_local_mesh" time="0.016" /><testcase classname="tests.unit.test_comfy_subprocess" name="test_unknown_model_id_raises_at_init" time="0.014" /><testcase classname="tests.unit.test_comfy_subprocess" name="test_generate_image_raises_on_mesh_mode_worker" time="0.015" /><testcase classname="tests.unit.test_comfy_subprocess" name="test_generate_mesh_raises_on_image_mode_worker" time="0.014" /><testcase classname="tests.unit.test_comfy_subprocess" name="test_mesh_mode_raises_on_missing_outputs_glb" time="0.018" /><testcase classname="tests.unit.test_comfy_subprocess" name="test_mesh_mode_accepts_non_empty_outputs_images_as_auxiliary" time="0.020" /><testcase classname="tests.unit.test_comfy_subprocess" name="test_mesh_mode_emits_info_log_for_auxiliary_outputs_images_with_count_and_paths" time="0.022" /><testcase classname="tests.unit.test_comfy_subprocess" name="test_mesh_mode_raises_on_rejected_outputs_audio" time="0.017" /><testcase classname="tests.unit.test_comfy_subprocess" name="test_mesh_mode_raises_on_rejected_outputs_video" time="0.017" /><testcase classname="tests.unit.test_comfy_subprocess" name="test_image_mode_still_rejects_outputs_video" time="0.017" /><testcase classname="tests.unit.test_comfy_subprocess" name="test_comfy_mesh_candidate_data_is_glb_bytes_read_from_outputs_glb_path" time="0.021" /><testcase classname="tests.unit.test_comfy_subprocess" name="test_comfy_mesh_candidate_metadata_records_comfy_provenance" time="0.030" /><testcase classname="tests.unit.test_comfy_subprocess" name="test_comfy_mesh_candidate_metadata_snapshot_isolated_from_spec_mutation" time="0.023" /><testcase classname="tests.unit.test_comfy_subprocess" name="test_comfy_mesh_rejects_non_glb_magic_bytes" time="0.019" /><testcase classname="tests.unit.test_comfy_subprocess" name="test_comfy_mesh_rejects_symlink_outputs_glb_path" time="0.022" /><testcase classname="tests.unit.test_comfy_subprocess" name="test_generate_mesh_injects_source_image_filename_into_comfy_params_under_default_input_image_key" time="0.023" /><testcase classname="tests.unit.test_comfy_subprocess" name="test_generate_mesh_injects_under_custom_comfy_image_param_key_when_bundle_declares_it" time="0.021" /><testcase classname="tests.unit.test_comfy_subprocess" name="test_generate_mesh_does_not_mutate_caller_spec_comfy_params" time="0.018" /><testcase classname="tests.unit.test_comfy_subprocess" name="test_dry_run_probe_runs_when_comfy_local_mesh_in_routes" time="0.020" /><testcase classname="tests.unit.test_comfy_subprocess" name="test_dry_run_skips_probe_when_no_comfy_local_or_local_mesh_in_routes" time="0.017" /><testcase classname="tests.unit.test_comfy_subprocess" name="test_generate_image_per_candidate_seed_overrides_comfy_params_seed" time="0.029" /><testcase classname="tests.unit.test_comfy_subprocess" name="test_generate_mesh_per_candidate_seed_overrides_comfy_params_seed" time="0.027" /><testcase classname="tests.unit.test_comfy_subprocess" name="test_executor_dispatches_comfy_local_records_provider_as_comfy_agent_cli" time="0.021"><failure message="RuntimeError: asyncio.run() cannot be called from a running event loop">tmp_path = WindowsPath('C:/Users/mzq/AppData/Local/Temp/pytest-of-mzq/pytest-1005/test_executor_dispatches_comfy4')
monkeypatch = &lt;_pytest.monkeypatch.MonkeyPatch object at 0x000002489F191710&gt;

    async def test_executor_dispatches_comfy_local_records_provider_as_comfy_agent_cli(tmp_path, monkeypatch):
        """G6-F2 follow-on:comfy/local 路径活跃时,Artifact.producer.provider
        == "comfy_agent_cli",NOT injected worker name(framework.run 注入的
        FakeComfyWorker name 会污染 audit / comparison report)。"""
        from datetime import datetime, timezone
        from unittest.mock import MagicMock
        from framework.artifact_store import ArtifactRepository, get_backend_registry
        from framework.core.enums import RiskLevel, RunMode, RunStatus, StepType, TaskType
        from framework.core.policies import PreparedRoute, ProviderPolicy
        from framework.core.task import Run, Step, Task
        from framework.providers.model_registry import ResolvedRoute
        from framework.runtime.executors.base import StepContext
        from framework.runtime.executors.generate_image import GenerateImageExecutor
    
        monkeypatch.setenv("FORGEUE_COMFY_SCRIPTS_DIR", str(tmp_path / "scripts"))
        (tmp_path / "scripts" / "comfyui_api").mkdir(parents=True)
    
        fake_png = tmp_path / "out.png"
        _make_png_file(fake_png)
    
        reg = get_backend_registry(artifact_root=str(tmp_path / "artifacts"))
        repo = ArtifactRepository(backend_registry=reg)
        policy = ProviderPolicy(
            capability_required="image.generation",
            prepared_routes=[PreparedRoute(
                model="comfy/local", api_key_env=None, api_base=None,
                kind="image", pricing=None,
            )],
        )
        step = Step(
            step_id="step_image", type=StepType.generate, name="img",
            risk_level=RiskLevel.medium, capability_ref="image.generation",
            config={
                "num_candidates": 1,
                "seed": 0,
                "worker_timeout_s": 60,
                "spec": {
                    "comfy_workflow": "GameAssets/01b_singleview_sdxl",
                    "comfy_params": {"prompt": "test"},
                    "comfy_lifecycle": "none",
                },
            },
            provider_policy=policy,
        )
        task = Task(
            task_id="t", task_type=TaskType.asset_generation,
            run_mode=RunMode.basic_llm, title="img",
            input_payload={}, expected_output={}, project_id="proj_img",
        )
        run = Run(
            run_id="run_img", task_id="t", project_id="proj_img",
            status=RunStatus.running,
            started_at=datetime.now(timezone.utc),
            workflow_id="w", trace_id="tr",
        )
        ctx = StepContext(
            run=run, task=task, step=step, repository=repo,
            upstream_artifact_ids=[], run_dir=tmp_path / "run_dir",
        )
        (tmp_path / "run_dir").mkdir()
    
        # injected worker(FakeComfyWorker-like)— 其 name 不应 leak 到 producer
        injected_worker = MagicMock()
        injected_worker.name = "fake_comfy_injected"
        executor = GenerateImageExecutor(worker=injected_worker)
    
        with _patch_create_subprocess_exec(_make_async_completed(_ok_stdout([str(fake_png)]))) as run_mock:
            # Task 5 RED: executor.execute 已转为 async def,需 await
&gt;           result = await executor.execute(ctx)
                           ^^^^^^^^^^^^^^^^^^^^^

tests\unit\test_comfy_subprocess.py:1299: 
_ _ _ _ _ _ _ _ _ _ _ _ _ _ _ _ _ _ _ _ _ _ _ _ _ _ _ _ _ _ _ _ _ _ _ _ _ _ _ _
src\framework\runtime\executors\generate_image.py:104: in execute
    candidates, chosen_model, route_pricing = self._generate_via_worker(
src\framework\runtime\executors\generate_image.py:305: in _generate_via_worker
    candidates = worker.generate(
src\framework\providers\workers\comfy_worker.py:589: in generate
    return asyncio.run(self.agenerate(
_ _ _ _ _ _ _ _ _ _ _ _ _ _ _ _ _ _ _ _ _ _ _ _ _ _ _ _ _ _ _ _ _ _ _ _ _ _ _ _

main = &lt;coroutine object ComfyAgentWorker.agenerate at 0x00000248A0520040&gt;

    def run(main, *, debug=None, loop_factory=None):
        """Execute the coroutine and return the result.
    
        This function runs the passed coroutine, taking care of
        managing the asyncio event loop, finalizing asynchronous
        generators and closing the default executor.
    
        This function cannot be called when another asyncio event loop is
        running in the same thread.
    
        If debug is True, the event loop will be run in debug mode.
        If loop_factory is passed, it is used for new event loop creation.
    
        This function always creates a new event loop and closes it at the end.
        It should be used as a main entry point for asyncio programs, and should
        ideally only be called once.
    
        The executor is given a timeout duration of 5 minutes to shutdown.
        If the executor hasn't finished within that duration, a warning is
        emitted and the executor is closed.
    
        Example:
    
            async def main():
                await asyncio.sleep(1)
                print('hello')
    
            asyncio.run(main())
        """
        if events._get_running_loop() is not None:
            # fail fast with short traceback
&gt;           raise RuntimeError(
                "asyncio.run() cannot be called from a running event loop")
E           RuntimeError: asyncio.run() cannot be called from a running event loop

C:\Users\mzq\AppData\Local\Programs\Python\Python313\Lib\asyncio\runners.py:191: RuntimeError</failure></testcase><testcase classname="tests.unit.test_comfy_subprocess" name="test_image_outputs_path_outside_comfy_output_root_raises_unsupported_response" time="0.020" /><testcase classname="tests.unit.test_comfy_subprocess" name="test_mesh_outputs_path_outside_comfy_output_root_raises_unsupported_response" time="0.019" /><testcase classname="tests.unit.test_comfy_subprocess" name="test_comfy_agenerate_uses_create_subprocess_exec" time="0.023" /><testcase classname="tests.unit.test_comfy_subprocess" name="test_comfy_submit_lock_serializes_concurrent_agenerate" time="0.343" /><testcase classname="tests.unit.test_comfy_subprocess" name="test_comfy_submit_lock_safe_across_asyncio_run_loops" time="0.449" /><testcase classname="tests.unit.test_comfy_subprocess" name="test_comfy_generate_sync_shim_still_works" time="0.021" /><testcase classname="tests.unit.test_comfy_subprocess" name="test_comfy_cancel_aborts_server_side_prompt" time="0.328" /><testcase classname="tests.unit.test_cn_image_adapters.TestQwenMultimodalAdapter" name="test_supports_qwen_prefix" time="0.009" /><testcase classname="tests.unit.test_cn_image_adapters.TestQwenMultimodalAdapter" name="test_image_generation_builds_dashscope_body" time="0.014" /><testcase classname="tests.unit.test_cn_image_adapters.TestQwenMultimodalAdapter" name="test_image_edit_embeds_source_image_block" time="0.014" /><testcase classname="tests.unit.test_cn_image_adapters.TestQwenMultimodalAdapter" name="test_http_error_maps_to_provider_error" time="0.014" /><testcase classname="tests.unit.test_cn_image_adapters.TestQwenMultimodalAdapter" name="test_empty_choices_raises_unsupported_response" time="0.013" /><testcase classname="tests.unit.test_cn_image_adapters.TestQwenMultimodalAdapter" name="test_choices_without_image_content_raises_unsupported_response" time="0.015" /><testcase classname="tests.unit.test_cn_image_adapters.TestHunyuanImageAdapter" name="test_supports_hunyuan_prefix" time="0.013" /><testcase classname="tests.unit.test_cn_image_adapters.TestHunyuanImageAdapter" name="test_submit_poll_download_sequence" time="0.017" /><testcase classname="tests.unit.test_cn_image_adapters.TestHunyuanImageAdapter" name="test_image_edit_embeds_base64_image" time="0.015" /><testcase classname="tests.unit.test_cn_image_adapters.TestHunyuanImageAdapter" name="test_image_generation_n3_fans_out" time="0.015" /><testcase classname="tests.unit.test_cn_image_adapters.TestHunyuanImageAdapter" name="test_failed_job_status_raises" time="0.013" /><testcase classname="tests.unit.test_cn_image_adapters.TestHunyuanImageAdapter" name="test_submit_missing_id_raises_unsupported_response" time="0.013" /><testcase classname="tests.unit.test_cn_image_adapters.TestHunyuanMeshWorker" name="test_submit_body_uses_image_field_with_data_url" time="0.013" /><testcase classname="tests.unit.test_cn_image_adapters.TestHunyuanMeshUrlExtraction" name="test_picks_glb_when_all_three_urls_present" time="0.009" /><testcase classname="tests.unit.test_cn_image_adapters.TestHunyuanMeshUrlExtraction" name="test_skips_preview_png_even_if_first" time="0.010" /><testcase classname="tests.unit.test_cn_image_adapters.TestHunyuanMeshUrlExtraction" name="test_falls_back_to_zip_when_no_glb" time="0.011" /><testcase classname="tests.unit.test_cn_image_adapters.TestHunyuanMeshUrlExtraction" name="test_prefers_glb_over_other_mesh_formats" time="0.010" /><testcase classname="tests.unit.test_cn_image_adapters.TestHunyuanMeshUrlExtraction" name="test_falls_back_to_fbx_obj_before_zip" time="0.011" /><testcase classname="tests.unit.test_cn_image_adapters.TestHunyuanMeshUrlExtraction" name="test_legacy_model_url_key_still_works" time="0.010" /><testcase classname="tests.unit.test_cn_image_adapters.TestHunyuanMeshUrlExtraction" name="test_glb_beats_gltf_when_both_present" time="0.011" /><testcase classname="tests.unit.test_cn_image_adapters.TestHunyuanMeshUrlExtraction" name="test_gltf_still_wins_over_zip_when_no_glb" time="0.010" /><testcase classname="tests.unit.test_cn_image_adapters.TestHunyuanMeshUrlExtraction" name="test_rejects_usd_only_response" time="0.010" /><testcase classname="tests.unit.test_cn_image_adapters.TestHunyuanMeshUrlExtraction" name="test_prefers_glb_when_mixed_with_usd" time="0.010" /><testcase classname="tests.unit.test_cn_image_adapters.TestHunyuanMeshUrlExtraction" name="test_ranking_buckets_match_detectable_formats" time="0.011" /><testcase classname="tests.unit.test_cn_image_adapters.TestHunyuanMeshUrlExtraction" name="test_no_extension_url_ranks_above_zip" time="0.010" /><testcase classname="tests.unit.test_cn_image_adapters.TestHunyuanMeshUrlExtraction" name="test_obj_beats_fbx_in_ok_bucket" time="0.010" /><testcase classname="tests.unit.test_cn_image_adapters.TestHunyuanMeshUrlExtraction" name="test_gltf_beats_obj_in_ok_bucket" time="0.009" /><testcase classname="tests.unit.test_cn_image_adapters.TestHunyuanMeshUrlExtraction" name="test_gltf_beats_fbx_in_ok_bucket" time="0.009" /><testcase classname="tests.unit.test_cn_image_adapters.TestHunyuanMeshGltfSelfContainment" name="test_self_contained_gltf_passes" time="0.009" /><testcase classname="tests.unit.test_cn_image_adapters.TestHunyuanMeshGltfSelfContainment" name="test_gltf_without_buffers_and_images_is_trivially_self_contained" time="0.010" /><testcase classname="tests.unit.test_cn_image_adapters.TestHunyuanMeshGltfSelfContainment" name="test_external_bin_uri_fails_check" time="0.010" /><testcase classname="tests.unit.test_cn_image_adapters.TestHunyuanMeshGltfSelfContainment" name="test_external_texture_uri_fails_check" time="0.009" /><testcase classname="tests.unit.test_cn_image_adapters.TestHunyuanMeshGltfSelfContainment" name="test_missing_uri_means_needs_bin_chunk_fails_check" time="0.009" /><testcase classname="tests.unit.test_cn_image_adapters.TestHunyuanMeshGltfSelfContainment" name="test_image_via_bufferview_is_self_contained" time="0.009" /><testcase classname="tests.unit.test_cn_image_adapters.TestHunyuanMeshGltfSelfContainment" name="test_image_without_uri_or_bufferview_fails_check" time="0.010" /><testcase classname="tests.unit.test_cn_image_adapters.TestHunyuanMeshGltfSelfContainment" name="test_obj_without_mtllib_is_self_contained" time="0.010" /><testcase classname="tests.unit.test_cn_image_adapters.TestHunyuanMeshGltfSelfContainment" name="test_obj_with_mtllib_fails_check" time="0.012" /><testcase classname="tests.unit.test_cn_image_adapters.TestHunyuanMeshGltfSelfContainment" name="test_obj_with_mtllib_after_comments_still_fails" time="0.010" /><testcase classname="tests.unit.test_cn_image_adapters.TestHunyuanMeshGltfSelfContainment" name="test_geometry_only_spec_accepts_sidecar_gltf" time="0.014" /><testcase classname="tests.unit.test_cn_image_adapters.TestHunyuanMeshGltfSelfContainment" name="test_geometry_only_still_raises_on_external_gltf_buffer" time="0.013" /><testcase classname="tests.unit.test_cn_image_adapters.TestHunyuanMeshGltfSelfContainment" name="test_corrupted_gltf_fails_self_containment_check" time="0.011" /><testcase classname="tests.unit.test_cn_image_adapters.TestHunyuanMeshGltfSelfContainment" name="test_worker_rejects_corrupted_gltf_even_in_geometry_only" time="0.012" /><testcase classname="tests.unit.test_cn_image_adapters.TestHunyuanMeshGltfSelfContainment" name="test_data_uri_check_is_case_insensitive" time="0.009" /><testcase classname="tests.unit.test_cn_image_adapters.TestHunyuanMeshGltfSelfContainment" name="test_gltf_has_external_geometry_detects_sidecar_bin" time="0.011" /><testcase classname="tests.unit.test_cn_image_adapters.TestHunyuanMeshGltfSelfContainment" name="test_geometry_only_spec_accepts_sidecar_obj" time="0.013" /><testcase classname="tests.unit.test_cn_image_adapters.TestHunyuanMeshGltfSelfContainment" name="test_default_spec_still_raises_on_sidecar_gltf" time="0.014" /><testcase classname="tests.unit.test_cn_image_adapters.TestHunyuanMeshGltfSelfContainment" name="test_worker_raises_unsupported_on_sidecar_obj" time="0.013" /><testcase classname="tests.unit.test_cn_image_adapters.TestHunyuanMeshGltfSelfContainment" name="test_worker_raises_unsupported_on_sidecar_gltf" time="0.013" /><testcase classname="tests.unit.test_cn_image_adapters.TestHunyuanMeshGltfSelfContainment" name="test_worker_raises_on_external_buffer_gltf" time="0.013" /><testcase classname="tests.unit.test_cn_image_adapters.TestHunyuanMeshGltfSelfContainment" name="test_worker_falls_through_on_download_error" time="0.012" /><testcase classname="tests.unit.test_cn_image_adapters.TestHunyuanMeshGltfSelfContainment" name="test_worker_raises_last_download_error_when_all_urls_fail" time="0.012" /><testcase classname="tests.unit.test_cn_image_adapters.TestHunyuanMeshGltfSelfContainment" name="test_empty_ranked_urls_classify_as_unsupported" time="0.011" /><testcase classname="tests.unit.test_cn_image_adapters.TestHunyuanMeshGltfSelfContainment" name="test_download_fallthrough_respects_remaining_budget" time="0.013" /><testcase classname="tests.unit.test_cn_image_adapters.TestHunyuanMeshGltfSelfContainment" name="test_download_fallthrough_raises_timeout_when_budget_exhausted" time="0.168" /><testcase classname="tests.unit.test_cn_image_adapters.TestHunyuanMeshGltfSelfContainment" name="test_worker_falls_through_to_next_url_on_unsupported" time="0.014" /><testcase classname="tests.unit.test_cn_image_adapters.TestHunyuanMeshFormatDetection" name="test_detects_zip_obj_bundle" time="0.009" /><testcase classname="tests.unit.test_cn_image_adapters.TestHunyuanMeshFormatDetection" name="test_detects_real_glb" time="0.010" /><testcase classname="tests.unit.test_cn_image_adapters.TestHunyuanMeshFormatDetection" name="test_detects_text_obj" time="0.010" /><testcase classname="tests.unit.test_cn_image_adapters.TestHunyuanMeshFormatDetection" name="test_detects_obj_with_varied_leading_keywords[o MyObject\nv 1 2 3\n]" time="0.010" /><testcase classname="tests.unit.test_cn_image_adapters.TestHunyuanMeshFormatDetection" name="test_detects_obj_with_varied_leading_keywords[g group_name\nv 0 0 0\n]" time="0.011" /><testcase classname="tests.unit.test_cn_image_adapters.TestHunyuanMeshFormatDetection" name="test_detects_obj_with_varied_leading_keywords[vn 0 0 1\nv 1 0 0\n]" time="0.010" /><testcase classname="tests.unit.test_cn_image_adapters.TestHunyuanMeshFormatDetection" name="test_detects_obj_with_varied_leading_keywords[vt 0 0\nv 0 0 0\n]" time="0.010" /><testcase classname="tests.unit.test_cn_image_adapters.TestHunyuanMeshFormatDetection" name="test_detects_obj_with_varied_leading_keywords[vp 0.5 0.5\nv 0 0 0\n]" time="0.009" /><testcase classname="tests.unit.test_cn_image_adapters.TestHunyuanMeshFormatDetection" name="test_detects_obj_with_varied_leading_keywords[f 1 2 3\nf 2 3 4\n]" time="0.010" /><testcase classname="tests.unit.test_cn_image_adapters.TestHunyuanMeshFormatDetection" name="test_detects_obj_with_varied_leading_keywords[l 1 2 3\n]" time="0.010" /><testcase classname="tests.unit.test_cn_image_adapters.TestHunyuanMeshFormatDetection" name="test_detects_obj_with_varied_leading_keywords[s off\nv 0 0 0\n]" time="0.010" /><testcase classname="tests.unit.test_cn_image_adapters.TestHunyuanMeshFormatDetection" name="test_detects_obj_with_varied_leading_keywords[usemtl steel\nf 1 2 3\n]" time="0.011" /><testcase classname="tests.unit.test_cn_image_adapters.TestHunyuanMeshFormatDetection" name="test_detects_obj_with_varied_leading_keywords[mtllib scene.mtl\nv 0 0 0\n]" time="0.011" /><testcase classname="tests.unit.test_cn_image_adapters.TestHunyuanMeshFormatDetection" name="test_detects_binary_fbx" time="0.009" /><testcase classname="tests.unit.test_cn_image_adapters.TestHunyuanMeshFormatDetection" name="test_detects_ascii_fbx_with_comment_header" time="0.011" /><testcase classname="tests.unit.test_cn_image_adapters.TestHunyuanMeshFormatDetection" name="test_detects_ascii_fbx_via_header_extension_tag" time="0.011" /><testcase classname="tests.unit.test_cn_image_adapters.TestHunyuanMeshFormatDetection" name="test_worker_ships_ascii_fbx_with_correct_format" time="0.013" /><testcase classname="tests.unit.test_cn_image_adapters.TestHunyuanMeshFormatDetection" name="test_rejects_non_obj_that_starts_with_lowercase_letter" time="0.010" /><testcase classname="tests.unit.test_cn_image_adapters.TestHunyuanMeshFormatDetection" name="test_detects_text_gltf_json" time="0.010" /><testcase classname="tests.unit.test_cn_image_adapters.TestHunyuanMeshFormatDetection" name="test_detects_text_gltf_with_leading_whitespace" time="0.012" /><testcase classname="tests.unit.test_cn_image_adapters.TestHunyuanMeshFormatDetection" name="test_rejects_random_json_as_gltf" time="0.009" /><testcase classname="tests.unit.test_cn_image_adapters.TestHunyuanMeshFormatDetection" name="test_detects_fbx_binary" time="0.012" /><testcase classname="tests.unit.test_cn_image_adapters.TestHunyuanMeshFormatDetection" name="test_unknown_falls_back_to_glb_label" time="0.010" /><testcase classname="tests.unit.test_cn_image_adapters.TestHunyuanMeshFormatDetection" name="test_agenerate_raises_on_zip_bundle_response" time="0.014" /><testcase classname="tests.unit.test_cn_image_adapters.TestHunyuanMeshFormatDetection" name="test_unsupported_response_is_not_retried_by_executor" time="0.022" /><testcase classname="tests.unit.test_cn_image_adapters.TestHunyuanMeshFormatDetection" name="test_agenerate_accepts_real_glb_bytes" time="0.014" /><testcase classname="tests.unit.test_cn_image_adapters" name="test_tokenhub_mixin_extract_url_variants" time="0.012" /></testsuite></testsuites>