<?xml version="1.0" encoding="utf-8"?><testsuites name="pytest tests"><testsuite name="pytest" errors="0" failures="1" skipped="0" tests="4" time="0.226" timestamp="2026-05-20T01:34:11.000618+08:00" hostname="mzq920426"><testcase classname="tests.unit.test_comfy_subprocess" name="test_lifecycle_other_than_none_raises_unsupported_response" time="0.021" /><testcase classname="tests.unit.test_comfy_subprocess" name="test_subprocess_invocation_passes_workflow_params_lifecycle_timeout" time="0.013" /><testcase classname="tests.unit.test_comfy_subprocess" name="test_comfy_accepts_four_lifecycle_modes" time="0.008"><failure message="framework.providers.workers.comfy_worker.WorkerUnsupportedResponse: ComfyAgentWorker only supports default_lifecycle='none' in this change scope (got 'ensure_running'); see SRS TBD-010 for the future executor-async-rewrite change.">tmp_path = WindowsPath('C:/Users/mzq/AppData/Local/Temp/pytest-of-mzq/pytest-1052/test_comfy_accepts_four_lifecy0')

    def test_comfy_accepts_four_lifecycle_modes(tmp_path):
        """Task 10 RED fence:ComfyAgentWorker 应接受 lifecycle 四合法值,不 raise。
    
        解锁前 ComfyAgentWorker.__init__ 只接受 "none"(D6 gate),
        传入 ensure_running / ensure_release / self_managed_session 会 raise
        WorkerUnsupportedResponse。解锁后四值均合法。
        """
        scripts_dir = tmp_path / "scripts"
        scripts_dir.mkdir()
        (scripts_dir / "comfyui_api").mkdir()
        artifacts_dir = tmp_path / "artifacts"
        artifacts_dir.mkdir()
    
        # 四个合法 lifecycle 值逐一构造 worker,不应 raise
        for mode in ("none", "ensure_running", "ensure_release", "self_managed_session"):
&gt;           worker = ComfyAgentWorker(
                scripts_dir=scripts_dir,
                model_id="comfy/local",
                run_id="run_test",
                project_id="proj_test",
                artifacts_dir=artifacts_dir,
                default_lifecycle=mode,
            )

tests\unit\test_comfy_subprocess.py:1840: 
_ _ _ _ _ _ _ _ _ _ _ _ _ _ _ _ _ _ _ _ _ _ _ _ _ _ _ _ _ _ _ _ _ _ _ _ _ _ _ _

self = &lt;framework.providers.workers.comfy_worker.ComfyAgentWorker object at 0x000001DAA2994E90&gt;

    def __init__(
        self,
        *,                                       # H3: keyword-only
        scripts_dir: Path,                       # REQUIRED
        model_id: str,                           # REQUIRED (capability dispatch per D1)
        run_id: str,                             # REQUIRED (F4 fix)
        project_id: str,                         # REQUIRED (F4 fix)
        artifacts_dir: Path,                     # REQUIRED (G3 fix; ctx.run_dir)
        python_exe: Path | None = None,          # OPTIONAL (= sys.executable)
        default_lifecycle: str = "none",         # OPTIONAL (only "none" supported in this change)
    ) -&gt; None:
        # F4 fix: REQUIRED project_id None/empty raise.
        if not project_id:
            raise WorkerUnsupportedResponse(
                "ComfyAgentWorker.__init__: project_id is REQUIRED; "
                "executor must pass ctx.task.project_id (round 2 OQ-3)"
            )
        if not run_id:
            raise WorkerUnsupportedResponse(
                "ComfyAgentWorker.__init__: run_id is REQUIRED; "
                "executor must pass ctx.run.run_id"
            )
        # G3 fix: REQUIRED artifacts_dir None or non-directory raise.
        if artifacts_dir is None:
            raise WorkerUnsupportedResponse(
                "ComfyAgentWorker.__init__: artifacts_dir is REQUIRED; "
                "executor must pass ctx.run_dir (round 2 OQ-7 = G-A; "
                "Path('.') default is test-mock convenience only)"
            )
        artifacts_dir = Path(artifacts_dir)
        if not artifacts_dir.is_dir():
            # Auto-create — this is a normal first-run condition for the
            # production path where Orchestrator computes run_dir but
            # the directory may not yet exist. ImageCandidate copy
            # target needs a real directory.
            artifacts_dir.mkdir(parents=True, exist_ok=True)
        # D6: lifecycle scope is locked to "none" in this change (TBD-010 will lift).
        if default_lifecycle != "none":
&gt;           raise WorkerUnsupportedResponse(
                f"ComfyAgentWorker only supports default_lifecycle='none' "
                f"in this change scope (got {default_lifecycle!r}); "
                f"see SRS TBD-010 for the future executor-async-rewrite change."
            )
E           framework.providers.workers.comfy_worker.WorkerUnsupportedResponse: ComfyAgentWorker only supports default_lifecycle='none' in this change scope (got 'ensure_running'); see SRS TBD-010 for the future executor-async-rewrite change.

src\framework\providers\workers\comfy_worker.py:447: WorkerUnsupportedResponse</failure></testcase><testcase classname="tests.unit.test_comfy_subprocess" name="test_comfy_rejects_unknown_lifecycle" time="0.008" /></testsuite></testsuites>