<?xml version="1.0" encoding="utf-8"?><testsuites name="pytest tests"><testsuite name="pytest" errors="0" failures="26" skipped="0" tests="26" time="0.665" timestamp="2026-05-19T21:41:57.842433+08:00" hostname="mzq920426"><testcase classname="tests.unit.test_comfy_subprocess" name="test_aprobe_missing_scripts_dir_raises_unsupported_response" time="0.016"><failure message="AttributeError: type object 'ComfyAgentWorker' has no attribute 'aprobe'">tmp_path = WindowsPath('C:/Users/mzq/AppData/Local/Temp/pytest-of-mzq/pytest-989/test_aprobe_missing_scripts_di0')

    @pytest.mark.asyncio
    async def test_aprobe_missing_scripts_dir_raises_unsupported_response(tmp_path):
        """aprobe(async 主面)拒绝不存在的 scripts_dir — 文件系统守门,无 subprocess。"""
        bogus = tmp_path / "does_not_exist"
        with pytest.raises(WorkerUnsupportedResponse, match="scripts_dir not found"):
&gt;           await ComfyAgentWorker.aprobe(bogus, None, timeout_s=5.0)
                  ^^^^^^^^^^^^^^^^^^^^^^^
E           AttributeError: type object 'ComfyAgentWorker' has no attribute 'aprobe'

tests\unit\test_comfy_subprocess.py:258: AttributeError</failure></testcase><testcase classname="tests.unit.test_comfy_subprocess" name="test_aprobe_module_not_found_raises_unsupported_response" time="0.009"><failure message="AttributeError: type object 'ComfyAgentWorker' has no attribute 'aprobe'">tmp_path = WindowsPath('C:/Users/mzq/AppData/Local/Temp/pytest-of-mzq/pytest-989/test_aprobe_module_not_found_r0')

    @pytest.mark.asyncio
    async def test_aprobe_module_not_found_raises_unsupported_response(tmp_path):
        """aprobe(async 主面)拒绝没有 comfyui_api 子模块的 scripts_dir。"""
        scripts_dir = tmp_path / "scripts"
        scripts_dir.mkdir()
        # 故意不创建 comfyui_api 子模块
        with pytest.raises(WorkerUnsupportedResponse, match="module not found"):
&gt;           await ComfyAgentWorker.aprobe(scripts_dir, None, timeout_s=5.0)
                  ^^^^^^^^^^^^^^^^^^^^^^^
E           AttributeError: type object 'ComfyAgentWorker' has no attribute 'aprobe'

tests\unit\test_comfy_subprocess.py:268: AttributeError</failure></testcase><testcase classname="tests.unit.test_comfy_subprocess" name="test_dry_run_30s_timeout" time="0.009"><failure message="AttributeError: type object 'ComfyAgentWorker' has no attribute 'aprobe'">tmp_path = WindowsPath('C:/Users/mzq/AppData/Local/Temp/pytest-of-mzq/pytest-989/test_dry_run_30s_timeout0')

    @pytest.mark.asyncio
    async def test_dry_run_30s_timeout(tmp_path):
        """aprobe asyncio.TimeoutError → WorkerUnsupportedResponse,含 hint to start ComfyUI。
        Step 6:probe_sync(sync shim)→ aprobe(async 主面),patch asyncio.create_subprocess_exec。"""
        scripts_dir = tmp_path / "scripts"
        scripts_dir.mkdir()
        (scripts_dir / "comfyui_api").mkdir()
    
        async def _timeout_proc(*a, **kw):
            # 模拟 asyncio.create_subprocess_exec 返回的进程对象,communicate() 超时
            raise asyncio.TimeoutError()
    
        import asyncio as _aio
        orig = _aio.create_subprocess_exec
        _aio.create_subprocess_exec = _timeout_proc  # type: ignore[assignment]
        try:
            with pytest.raises(WorkerUnsupportedResponse, match="timed out"):
&gt;               await ComfyAgentWorker.aprobe(scripts_dir, None, timeout_s=30.0)
                      ^^^^^^^^^^^^^^^^^^^^^^^
E               AttributeError: type object 'ComfyAgentWorker' has no attribute 'aprobe'

tests\unit\test_comfy_subprocess.py:288: AttributeError</failure></testcase><testcase classname="tests.unit.test_comfy_subprocess" name="test_aprobe_nonzero_exit_raises" time="0.010"><failure message="AttributeError: type object 'ComfyAgentWorker' has no attribute 'aprobe'">tmp_path = WindowsPath('C:/Users/mzq/AppData/Local/Temp/pytest-of-mzq/pytest-989/test_aprobe_nonzero_exit_raise0')

    @pytest.mark.asyncio
    async def test_aprobe_nonzero_exit_raises(tmp_path):
        """aprobe subprocess returncode != 0 → WorkerUnsupportedResponse。
        Step 6:patch asyncio.create_subprocess_exec 返回 returncode=1 的 fake process。"""
        scripts_dir = tmp_path / "scripts"
        scripts_dir.mkdir()
        (scripts_dir / "comfyui_api").mkdir()
        with _patch_create_subprocess_exec(_make_async_completed("", returncode=1, stderr="connection refused")):
            with pytest.raises(WorkerUnsupportedResponse, match="exit 1"):
&gt;               await ComfyAgentWorker.aprobe(scripts_dir, None, timeout_s=5.0)
                      ^^^^^^^^^^^^^^^^^^^^^^^
E               AttributeError: type object 'ComfyAgentWorker' has no attribute 'aprobe'

tests\unit\test_comfy_subprocess.py:302: AttributeError</failure></testcase><testcase classname="tests.unit.test_comfy_subprocess" name="test_dry_run_probe_runs_when_comfy_local_in_routes" time="0.036"><failure message="TypeError: object NoneType can't be used in 'await' expression">tmp_path = WindowsPath('C:/Users/mzq/AppData/Local/Temp/pytest-of-mzq/pytest-989/test_dry_run_probe_runs_when_c0')
monkeypatch = &lt;_pytest.monkeypatch.MonkeyPatch object at 0x000002676620F680&gt;

    @pytest.mark.asyncio
    async def test_dry_run_probe_runs_when_comfy_local_in_routes(tmp_path, monkeypatch):
        """DryRunPass._check_comfy_reachability(async): comfy/local route 触发 aprobe subprocess。
        Step 6: async _check_comfy_reachability + aprobe 转换(原 sync probe_sync 路径已 async 化)。"""
        from framework.providers.model_registry import ResolvedRoute
        from framework.runtime.dry_run_pass import DryRunPass, DryRunReport
    
        scripts_dir = tmp_path / "scripts"
        scripts_dir.mkdir()
        (scripts_dir / "comfyui_api").mkdir()
        monkeypatch.setenv("FORGEUE_COMFY_SCRIPTS_DIR", str(scripts_dir))
    
        dry_run = DryRunPass()
        report = DryRunReport(passed=True)
    
        step = MagicMock()
        step.provider_policy.prepared_routes = [
            ResolvedRoute(model="comfy/local", api_key_env=None, api_base=None,
                          kind="image", pricing=None),
        ]
    
        with _patch_create_subprocess_exec(_make_async_completed("ok", returncode=0)) as run_mock:
&gt;           await dry_run._check_comfy_reachability(report, steps=[step])
E           TypeError: object NoneType can't be used in 'await' expression

tests\unit\test_comfy_subprocess.py:660: TypeError</failure></testcase><testcase classname="tests.unit.test_comfy_subprocess" name="test_dry_run_skips_probe_when_no_comfy_local_in_routes" time="0.009"><failure message="TypeError: object NoneType can't be used in 'await' expression">tmp_path = WindowsPath('C:/Users/mzq/AppData/Local/Temp/pytest-of-mzq/pytest-989/test_dry_run_skips_probe_when_0')
monkeypatch = &lt;_pytest.monkeypatch.MonkeyPatch object at 0x00000267664D1950&gt;

    @pytest.mark.asyncio
    async def test_dry_run_skips_probe_when_no_comfy_local_in_routes(tmp_path, monkeypatch):
        """DryRunPass._check_comfy_reachability(async): 无 comfy/local route 的 bundle
        不触发 aprobe subprocess — qwen/glm bundle 在无 ComfyUI 主机上不受影响。
        Step 6: async _check_comfy_reachability 转换。"""
        from framework.providers.model_registry import ResolvedRoute
        from framework.runtime.dry_run_pass import DryRunPass, DryRunReport
    
        dry_run = DryRunPass()
        report = DryRunReport(passed=True)
    
        step = MagicMock()
        step.provider_policy.prepared_routes = [
            ResolvedRoute(model="qwen/qwen-image-2.0", api_key_env="QWEN",
                          api_base=None, kind="image", pricing=None),
        ]
    
        with _patch_create_subprocess_exec(_make_async_completed("ok", returncode=0)) as run_mock:
&gt;           await dry_run._check_comfy_reachability(report, steps=[step])
E           TypeError: object NoneType can't be used in 'await' expression

tests\unit\test_comfy_subprocess.py:633: TypeError</failure></testcase><testcase classname="tests.unit.test_comfy_subprocess" name="test_dry_run_probe_runs_when_comfy_local_mesh_in_routes" time="0.034"><failure message="TypeError: object NoneType can't be used in 'await' expression">tmp_path = WindowsPath('C:/Users/mzq/AppData/Local/Temp/pytest-of-mzq/pytest-989/test_dry_run_probe_runs_when_c1')
monkeypatch = &lt;_pytest.monkeypatch.MonkeyPatch object at 0x000002676650A120&gt;

    @pytest.mark.asyncio
    async def test_dry_run_probe_runs_when_comfy_local_mesh_in_routes(tmp_path, monkeypatch):
        """P-F4: dry-run probe gate 扩为 set membership;comfy/local-mesh route 也触发 aprobe。
        Step 6: async _check_comfy_reachability 转换。"""
        from framework.providers.model_registry import ResolvedRoute
        from framework.runtime.dry_run_pass import DryRunPass, DryRunReport
    
        scripts_dir = tmp_path / "scripts"
        scripts_dir.mkdir()
        (scripts_dir / "comfyui_api").mkdir()
        monkeypatch.setenv("FORGEUE_COMFY_SCRIPTS_DIR", str(scripts_dir))
    
        dry_run = DryRunPass()
        report = DryRunReport(passed=True)
    
        step = MagicMock()
        step.provider_policy.prepared_routes = [
            ResolvedRoute(model="comfy/local-mesh", api_key_env=None, api_base=None,
                          kind="mesh", pricing=None),
        ]
    
        with _patch_create_subprocess_exec(_make_async_completed("ok", returncode=0)) as run_mock:
&gt;           await dry_run._check_comfy_reachability(report, steps=[step])
E           TypeError: object NoneType can't be used in 'await' expression

tests\unit\test_comfy_subprocess.py:1107: TypeError</failure></testcase><testcase classname="tests.unit.test_comfy_subprocess" name="test_dry_run_skips_probe_when_no_comfy_local_or_local_mesh_in_routes" time="0.009"><failure message="TypeError: object NoneType can't be used in 'await' expression">tmp_path = WindowsPath('C:/Users/mzq/AppData/Local/Temp/pytest-of-mzq/pytest-989/test_dry_run_skips_probe_when_1')

    @pytest.mark.asyncio
    async def test_dry_run_skips_probe_when_no_comfy_local_or_local_mesh_in_routes(tmp_path):
        """regression: 仅 qwen / glm / hunyuan 路径不触发 ComfyUI aprobe(性能 + 可用性)。
        Step 6: async _check_comfy_reachability 转换。"""
        from framework.providers.model_registry import ResolvedRoute
        from framework.runtime.dry_run_pass import DryRunPass, DryRunReport
    
        dry_run = DryRunPass()
        report = DryRunReport(passed=True)
    
        step = MagicMock()
        step.provider_policy.prepared_routes = [
            ResolvedRoute(model="hunyuan/hy-3d-3.1", api_key_env="HUNYUAN_3D_KEY",
                          api_base=None, kind="mesh", pricing={"per_task_usd": 0.25}),
        ]
    
        with _patch_create_subprocess_exec(_make_async_completed("ok", returncode=0)) as run_mock:
&gt;           await dry_run._check_comfy_reachability(report, steps=[step])
E           TypeError: object NoneType can't be used in 'await' expression

tests\unit\test_comfy_subprocess.py:1133: TypeError</failure></testcase><testcase classname="tests.unit.test_comfy_subprocess_audio" name="test_dry_run_probe_runs_when_comfy_local_audio_in_routes" time="0.035"><failure message="TypeError: object NoneType can't be used in 'await' expression">tmp_path = WindowsPath('C:/Users/mzq/AppData/Local/Temp/pytest-of-mzq/pytest-989/test_dry_run_probe_runs_when_c2')
monkeypatch = &lt;_pytest.monkeypatch.MonkeyPatch object at 0x0000026766569570&gt;

    @pytest.mark.asyncio
    async def test_dry_run_probe_runs_when_comfy_local_audio_in_routes(tmp_path, monkeypatch):
        """commit 6: dry-run probe gate set 扩 `comfy/local-audio`;route 含 audio 触发 aprobe。
        Step 6: async _check_comfy_reachability + aprobe 转换。"""
        from unittest.mock import MagicMock
        from framework.providers.model_registry import ResolvedRoute
        from framework.runtime.dry_run_pass import DryRunPass, DryRunReport
    
        scripts_dir = tmp_path / "scripts"
        scripts_dir.mkdir()
        (scripts_dir / "comfyui_api").mkdir()
        monkeypatch.setenv("FORGEUE_COMFY_SCRIPTS_DIR", str(scripts_dir))
    
        dry_run = DryRunPass()
        report = DryRunReport(passed=True)
    
        step = MagicMock()
        step.provider_policy.prepared_routes = [
            ResolvedRoute(model="comfy/local-audio", api_key_env=None, api_base=None,
                          kind="audio", pricing=None),
        ]
    
        with _patch_create_subprocess_exec(_make_async_completed("ok", returncode=0)) as run_mock:
&gt;           await dry_run._check_comfy_reachability(report, steps=[step])
E           TypeError: object NoneType can't be used in 'await' expression

tests\unit\test_comfy_subprocess_audio.py:541: TypeError</failure></testcase><testcase classname="tests.unit.test_comfy_subprocess_video" name="test_dry_run_probes_comfy_when_comfy_local_video_in_routes" time="0.047"><failure message="TypeError: object NoneType can't be used in 'await' expression">tmp_path = WindowsPath('C:/Users/mzq/AppData/Local/Temp/pytest-of-mzq/pytest-989/test_dry_run_probes_comfy_when0')
monkeypatch = &lt;_pytest.monkeypatch.MonkeyPatch object at 0x00000267664B2D50&gt;

    @pytest.mark.asyncio
    async def test_dry_run_probes_comfy_when_comfy_local_video_in_routes(tmp_path, monkeypatch):
        """commit 9:DryRunPass `_check_comfy_reachability`(async)gate set 扩 `comfy/local-video`
        (沿 P-F4 + audio commit 6 同款 set membership 模式)— bundle 含 video_local
        alias 时触发 aprobe subprocess。Step 6: async _check_comfy_reachability 转换。
        """
        from unittest.mock import MagicMock
    
        from framework.providers.model_registry import ResolvedRoute
        from framework.runtime.dry_run_pass import DryRunPass, DryRunReport
    
        scripts_dir = tmp_path / "scripts"
        scripts_dir.mkdir()
        (scripts_dir / "comfyui_api").mkdir()
        monkeypatch.setenv("FORGEUE_COMFY_SCRIPTS_DIR", str(scripts_dir))
    
        dry_run = DryRunPass()
        report = DryRunReport(passed=True)
    
        step = MagicMock()
        step.provider_policy.prepared_routes = [
            ResolvedRoute(model="comfy/local-video", api_key_env=None, api_base=None,
                          kind="video", pricing=None),
        ]
    
        with _patch_create_subprocess_exec(_make_async_completed("ok", returncode=0)) as run_mock:
&gt;           await dry_run._check_comfy_reachability(report, steps=[step])
E           TypeError: object NoneType can't be used in 'await' expression

tests\unit\test_comfy_subprocess_video.py:766: TypeError</failure></testcase><testcase classname="tests.integration.test_example_bundles_smoke" name="test_bundle_dry_run_passes[character_extract.json]" time="0.008"><failure message="TypeError: object DryRunReport can't be used in 'await' expression">bundle_path = WindowsPath('D:/ClaudeProject/ForgeUE_claude/examples/character_extract.json')

    @pytest.mark.asyncio
    @pytest.mark.parametrize("bundle_path", _bundle_files(),
                              ids=lambda p: p.name)
    async def test_bundle_dry_run_passes(bundle_path: Path):
        """DryRunPass structural checks must return passed=True for every bundle.
        Step 6: DryRunPass.run 转为 async def,await 调用。"""
        loaded = load_task_bundle(bundle_path)
&gt;       report = await DryRunPass().run(
            task=loaded.task, workflow=loaded.workflow, steps=loaded.steps,
        )
E       TypeError: object DryRunReport can't be used in 'await' expression

tests\integration\test_example_bundles_smoke.py:97: TypeError</failure></testcase><testcase classname="tests.integration.test_example_bundles_smoke" name="test_bundle_dry_run_passes[cluster2_l2_video_export.json]" time="0.007"><failure message="TypeError: object DryRunReport can't be used in 'await' expression">bundle_path = WindowsPath('D:/ClaudeProject/ForgeUE_claude/examples/cluster2_l2_video_export.json')

    @pytest.mark.asyncio
    @pytest.mark.parametrize("bundle_path", _bundle_files(),
                              ids=lambda p: p.name)
    async def test_bundle_dry_run_passes(bundle_path: Path):
        """DryRunPass structural checks must return passed=True for every bundle.
        Step 6: DryRunPass.run 转为 async def,await 调用。"""
        loaded = load_task_bundle(bundle_path)
&gt;       report = await DryRunPass().run(
            task=loaded.task, workflow=loaded.workflow, steps=loaded.steps,
        )
E       TypeError: object DryRunReport can't be used in 'await' expression

tests\integration\test_example_bundles_smoke.py:97: TypeError</failure></testcase><testcase classname="tests.integration.test_example_bundles_smoke" name="test_bundle_dry_run_passes[comfy_local_smoke.json]" time="0.008"><failure message="TypeError: object DryRunReport can't be used in 'await' expression">bundle_path = WindowsPath('D:/ClaudeProject/ForgeUE_claude/examples/comfy_local_smoke.json')

    @pytest.mark.asyncio
    @pytest.mark.parametrize("bundle_path", _bundle_files(),
                              ids=lambda p: p.name)
    async def test_bundle_dry_run_passes(bundle_path: Path):
        """DryRunPass structural checks must return passed=True for every bundle.
        Step 6: DryRunPass.run 转为 async def,await 调用。"""
        loaded = load_task_bundle(bundle_path)
&gt;       report = await DryRunPass().run(
            task=loaded.task, workflow=loaded.workflow, steps=loaded.steps,
        )
E       TypeError: object DryRunReport can't be used in 'await' expression

tests\integration\test_example_bundles_smoke.py:97: TypeError</failure></testcase><testcase classname="tests.integration.test_example_bundles_smoke" name="test_bundle_dry_run_passes[comfy_local_smoke_audio.json]" time="0.008"><failure message="TypeError: object DryRunReport can't be used in 'await' expression">bundle_path = WindowsPath('D:/ClaudeProject/ForgeUE_claude/examples/comfy_local_smoke_audio.json')

    @pytest.mark.asyncio
    @pytest.mark.parametrize("bundle_path", _bundle_files(),
                              ids=lambda p: p.name)
    async def test_bundle_dry_run_passes(bundle_path: Path):
        """DryRunPass structural checks must return passed=True for every bundle.
        Step 6: DryRunPass.run 转为 async def,await 调用。"""
        loaded = load_task_bundle(bundle_path)
&gt;       report = await DryRunPass().run(
            task=loaded.task, workflow=loaded.workflow, steps=loaded.steps,
        )
E       TypeError: object DryRunReport can't be used in 'await' expression

tests\integration\test_example_bundles_smoke.py:97: TypeError</failure></testcase><testcase classname="tests.integration.test_example_bundles_smoke" name="test_bundle_dry_run_passes[comfy_local_smoke_mesh.json]" time="0.007"><failure message="TypeError: object DryRunReport can't be used in 'await' expression">bundle_path = WindowsPath('D:/ClaudeProject/ForgeUE_claude/examples/comfy_local_smoke_mesh.json')

    @pytest.mark.asyncio
    @pytest.mark.parametrize("bundle_path", _bundle_files(),
                              ids=lambda p: p.name)
    async def test_bundle_dry_run_passes(bundle_path: Path):
        """DryRunPass structural checks must return passed=True for every bundle.
        Step 6: DryRunPass.run 转为 async def,await 调用。"""
        loaded = load_task_bundle(bundle_path)
&gt;       report = await DryRunPass().run(
            task=loaded.task, workflow=loaded.workflow, steps=loaded.steps,
        )
E       TypeError: object DryRunReport can't be used in 'await' expression

tests\integration\test_example_bundles_smoke.py:97: TypeError</failure></testcase><testcase classname="tests.integration.test_example_bundles_smoke" name="test_bundle_dry_run_passes[comfy_local_smoke_video.json]" time="0.007"><failure message="TypeError: object DryRunReport can't be used in 'await' expression">bundle_path = WindowsPath('D:/ClaudeProject/ForgeUE_claude/examples/comfy_local_smoke_video.json')

    @pytest.mark.asyncio
    @pytest.mark.parametrize("bundle_path", _bundle_files(),
                              ids=lambda p: p.name)
    async def test_bundle_dry_run_passes(bundle_path: Path):
        """DryRunPass structural checks must return passed=True for every bundle.
        Step 6: DryRunPass.run 转为 async def,await 调用。"""
        loaded = load_task_bundle(bundle_path)
&gt;       report = await DryRunPass().run(
            task=loaded.task, workflow=loaded.workflow, steps=loaded.steps,
        )
E       TypeError: object DryRunReport can't be used in 'await' expression

tests\integration\test_example_bundles_smoke.py:97: TypeError</failure></testcase><testcase classname="tests.integration.test_example_bundles_smoke" name="test_bundle_dry_run_passes[image_edit_pipeline.json]" time="0.007"><failure message="TypeError: object DryRunReport can't be used in 'await' expression">bundle_path = WindowsPath('D:/ClaudeProject/ForgeUE_claude/examples/image_edit_pipeline.json')

    @pytest.mark.asyncio
    @pytest.mark.parametrize("bundle_path", _bundle_files(),
                              ids=lambda p: p.name)
    async def test_bundle_dry_run_passes(bundle_path: Path):
        """DryRunPass structural checks must return passed=True for every bundle.
        Step 6: DryRunPass.run 转为 async def,await 调用。"""
        loaded = load_task_bundle(bundle_path)
&gt;       report = await DryRunPass().run(
            task=loaded.task, workflow=loaded.workflow, steps=loaded.steps,
        )
E       TypeError: object DryRunReport can't be used in 'await' expression

tests\integration\test_example_bundles_smoke.py:97: TypeError</failure></testcase><testcase classname="tests.integration.test_example_bundles_smoke" name="test_bundle_dry_run_passes[image_pipeline.json]" time="0.007"><failure message="TypeError: object DryRunReport can't be used in 'await' expression">bundle_path = WindowsPath('D:/ClaudeProject/ForgeUE_claude/examples/image_pipeline.json')

    @pytest.mark.asyncio
    @pytest.mark.parametrize("bundle_path", _bundle_files(),
                              ids=lambda p: p.name)
    async def test_bundle_dry_run_passes(bundle_path: Path):
        """DryRunPass structural checks must return passed=True for every bundle.
        Step 6: DryRunPass.run 转为 async def,await 调用。"""
        loaded = load_task_bundle(bundle_path)
&gt;       report = await DryRunPass().run(
            task=loaded.task, workflow=loaded.workflow, steps=loaded.steps,
        )
E       TypeError: object DryRunReport can't be used in 'await' expression

tests\integration\test_example_bundles_smoke.py:97: TypeError</failure></testcase><testcase classname="tests.integration.test_example_bundles_smoke" name="test_bundle_dry_run_passes[image_to_3d_pipeline.json]" time="0.009"><failure message="TypeError: object DryRunReport can't be used in 'await' expression">bundle_path = WindowsPath('D:/ClaudeProject/ForgeUE_claude/examples/image_to_3d_pipeline.json')

    @pytest.mark.asyncio
    @pytest.mark.parametrize("bundle_path", _bundle_files(),
                              ids=lambda p: p.name)
    async def test_bundle_dry_run_passes(bundle_path: Path):
        """DryRunPass structural checks must return passed=True for every bundle.
        Step 6: DryRunPass.run 转为 async def,await 调用。"""
        loaded = load_task_bundle(bundle_path)
&gt;       report = await DryRunPass().run(
            task=loaded.task, workflow=loaded.workflow, steps=loaded.steps,
        )
E       TypeError: object DryRunReport can't be used in 'await' expression

tests\integration\test_example_bundles_smoke.py:97: TypeError</failure></testcase><testcase classname="tests.integration.test_example_bundles_smoke" name="test_bundle_dry_run_passes[image_to_3d_pipeline_live.json]" time="0.008"><failure message="TypeError: object DryRunReport can't be used in 'await' expression">bundle_path = WindowsPath('D:/ClaudeProject/ForgeUE_claude/examples/image_to_3d_pipeline_live.json')

    @pytest.mark.asyncio
    @pytest.mark.parametrize("bundle_path", _bundle_files(),
                              ids=lambda p: p.name)
    async def test_bundle_dry_run_passes(bundle_path: Path):
        """DryRunPass structural checks must return passed=True for every bundle.
        Step 6: DryRunPass.run 转为 async def,await 调用。"""
        loaded = load_task_bundle(bundle_path)
&gt;       report = await DryRunPass().run(
            task=loaded.task, workflow=loaded.workflow, steps=loaded.steps,
        )
E       TypeError: object DryRunReport can't be used in 'await' expression

tests\integration\test_example_bundles_smoke.py:97: TypeError</failure></testcase><testcase classname="tests.integration.test_example_bundles_smoke" name="test_bundle_dry_run_passes[mock_linear.json]" time="0.007"><failure message="TypeError: object DryRunReport can't be used in 'await' expression">bundle_path = WindowsPath('D:/ClaudeProject/ForgeUE_claude/examples/mock_linear.json')

    @pytest.mark.asyncio
    @pytest.mark.parametrize("bundle_path", _bundle_files(),
                              ids=lambda p: p.name)
    async def test_bundle_dry_run_passes(bundle_path: Path):
        """DryRunPass structural checks must return passed=True for every bundle.
        Step 6: DryRunPass.run 转为 async def,await 调用。"""
        loaded = load_task_bundle(bundle_path)
&gt;       report = await DryRunPass().run(
            task=loaded.task, workflow=loaded.workflow, steps=loaded.steps,
        )
E       TypeError: object DryRunReport can't be used in 'await' expression

tests\integration\test_example_bundles_smoke.py:97: TypeError</failure></testcase><testcase classname="tests.integration.test_example_bundles_smoke" name="test_bundle_dry_run_passes[review_3_images.json]" time="0.009"><failure message="TypeError: object DryRunReport can't be used in 'await' expression">bundle_path = WindowsPath('D:/ClaudeProject/ForgeUE_claude/examples/review_3_images.json')

    @pytest.mark.asyncio
    @pytest.mark.parametrize("bundle_path", _bundle_files(),
                              ids=lambda p: p.name)
    async def test_bundle_dry_run_passes(bundle_path: Path):
        """DryRunPass structural checks must return passed=True for every bundle.
        Step 6: DryRunPass.run 转为 async def,await 调用。"""
        loaded = load_task_bundle(bundle_path)
&gt;       report = await DryRunPass().run(
            task=loaded.task, workflow=loaded.workflow, steps=loaded.steps,
        )
E       TypeError: object DryRunReport can't be used in 'await' expression

tests\integration\test_example_bundles_smoke.py:97: TypeError</failure></testcase><testcase classname="tests.integration.test_example_bundles_smoke" name="test_bundle_dry_run_passes[ue5_api_query.json]" time="0.009"><failure message="TypeError: object DryRunReport can't be used in 'await' expression">bundle_path = WindowsPath('D:/ClaudeProject/ForgeUE_claude/examples/ue5_api_query.json')

    @pytest.mark.asyncio
    @pytest.mark.parametrize("bundle_path", _bundle_files(),
                              ids=lambda p: p.name)
    async def test_bundle_dry_run_passes(bundle_path: Path):
        """DryRunPass structural checks must return passed=True for every bundle.
        Step 6: DryRunPass.run 转为 async def,await 调用。"""
        loaded = load_task_bundle(bundle_path)
&gt;       report = await DryRunPass().run(
            task=loaded.task, workflow=loaded.workflow, steps=loaded.steps,
        )
E       TypeError: object DryRunReport can't be used in 'await' expression

tests\integration\test_example_bundles_smoke.py:97: TypeError</failure></testcase><testcase classname="tests.integration.test_example_bundles_smoke" name="test_bundle_dry_run_passes[ue_export_pipeline.json]" time="0.008"><failure message="TypeError: object DryRunReport can't be used in 'await' expression">bundle_path = WindowsPath('D:/ClaudeProject/ForgeUE_claude/examples/ue_export_pipeline.json')

    @pytest.mark.asyncio
    @pytest.mark.parametrize("bundle_path", _bundle_files(),
                              ids=lambda p: p.name)
    async def test_bundle_dry_run_passes(bundle_path: Path):
        """DryRunPass structural checks must return passed=True for every bundle.
        Step 6: DryRunPass.run 转为 async def,await 调用。"""
        loaded = load_task_bundle(bundle_path)
&gt;       report = await DryRunPass().run(
            task=loaded.task, workflow=loaded.workflow, steps=loaded.steps,
        )
E       TypeError: object DryRunReport can't be used in 'await' expression

tests\integration\test_example_bundles_smoke.py:97: TypeError</failure></testcase><testcase classname="tests.integration.test_example_bundles_smoke" name="test_bundle_dry_run_passes[ue_export_pipeline_live.json]" time="0.007"><failure message="TypeError: object DryRunReport can't be used in 'await' expression">bundle_path = WindowsPath('D:/ClaudeProject/ForgeUE_claude/examples/ue_export_pipeline_live.json')

    @pytest.mark.asyncio
    @pytest.mark.parametrize("bundle_path", _bundle_files(),
                              ids=lambda p: p.name)
    async def test_bundle_dry_run_passes(bundle_path: Path):
        """DryRunPass structural checks must return passed=True for every bundle.
        Step 6: DryRunPass.run 转为 async def,await 调用。"""
        loaded = load_task_bundle(bundle_path)
&gt;       report = await DryRunPass().run(
            task=loaded.task, workflow=loaded.workflow, steps=loaded.steps,
        )
E       TypeError: object DryRunReport can't be used in 'await' expression

tests\integration\test_example_bundles_smoke.py:97: TypeError</failure></testcase><testcase classname="tests.integration.test_p2_standalone_review" name="test_p2_bundle_dry_run_passes" time="0.009"><failure message="TypeError: object DryRunReport can't be used in 'await' expression">bundle_path = WindowsPath('D:/ClaudeProject/ForgeUE_claude/examples/review_3_images.json')
tmp_path = WindowsPath('C:/Users/mzq/AppData/Local/Temp/pytest-of-mzq/pytest-989/test_p2_bundle_dry_run_passes0')

    @pytest.mark.asyncio
    async def test_p2_bundle_dry_run_passes(bundle_path: Path, tmp_path: Path):
        """Dry-run must accept the canonical P2 bundle (no unresolved bindings).
        Step 6: DryRunPass.run 转为 async def,await 调用。"""
        from framework.runtime.dry_run_pass import DryRunPass
        bundle = load_task_bundle(bundle_path)
&gt;       report = await DryRunPass().run(task=bundle.task, workflow=bundle.workflow, steps=bundle.steps)
                 ^^^^^^^^^^^^^^^^^^^^^^^^^^^^^^^^^^^^^^^^^^^^^^^^^^^^^^^^^^^^^^^^^^^^^^^^^^^^^^^^^^^^^^
E       TypeError: object DryRunReport can't be used in 'await' expression

tests\integration\test_p2_standalone_review.py:145: TypeError</failure></testcase></testsuite></testsuites>