<?xml version="1.0" encoding="utf-8"?><testsuites name="pytest tests"><testsuite name="pytest" errors="0" failures="0" skipped="3" tests="1168" time="50.165" timestamp="2026-05-20T00:47:58.269238+08:00" hostname="mzq920426"><testcase classname="tests.integration.test_dag_concurrency" name="test_dag_fans_out_leaves_concurrently" time="0.498" /><testcase classname="tests.integration.test_dag_concurrency" name="test_workflow_metadata_parallel_dag_activates_fanout" time="0.431" /><testcase classname="tests.integration.test_dag_concurrency" name="test_linear_mode_still_sequential" time="0.849" /><testcase classname="tests.integration.test_example_bundles_smoke" name="test_bundle_loads[character_extract.json]" time="0.006" /><testcase classname="tests.integration.test_example_bundles_smoke" name="test_bundle_loads[cluster2_l2_video_export.json]" time="0.006" /><testcase classname="tests.integration.test_example_bundles_smoke" name="test_bundle_loads[comfy_local_smoke.json]" time="0.006" /><testcase classname="tests.integration.test_example_bundles_smoke" name="test_bundle_loads[comfy_local_smoke_audio.json]" time="0.006" /><testcase classname="tests.integration.test_example_bundles_smoke" name="test_bundle_loads[comfy_local_smoke_mesh.json]" time="0.006" /><testcase classname="tests.integration.test_example_bundles_smoke" name="test_bundle_loads[comfy_local_smoke_video.json]" time="0.006" /><testcase classname="tests.integration.test_example_bundles_smoke" name="test_bundle_loads[image_edit_pipeline.json]" time="0.006" /><testcase classname="tests.integration.test_example_bundles_smoke" name="test_bundle_loads[image_pipeline.json]" time="0.006" /><testcase classname="tests.integration.test_example_bundles_smoke" name="test_bundle_loads[image_to_3d_pipeline.json]" time="0.006" /><testcase classname="tests.integration.test_example_bundles_smoke" name="test_bundle_loads[image_to_3d_pipeline_live.json]" time="0.006" /><testcase classname="tests.integration.test_example_bundles_smoke" name="test_bundle_loads[mock_linear.json]" time="0.006" /><testcase classname="tests.integration.test_example_bundles_smoke" name="test_bundle_loads[review_3_images.json]" time="0.006" /><testcase classname="tests.integration.test_example_bundles_smoke" name="test_bundle_loads[ue5_api_query.json]" time="0.006" /><testcase classname="tests.integration.test_example_bundles_smoke" name="test_bundle_loads[ue_export_pipeline.json]" time="0.006" /><testcase classname="tests.integration.test_example_bundles_smoke" name="test_bundle_loads[ue_export_pipeline_live.json]" time="0.006" /><testcase classname="tests.integration.test_example_bundles_smoke" name="test_bundle_dry_run_passes[character_extract.json]" time="0.007" /><testcase classname="tests.integration.test_example_bundles_smoke" name="test_bundle_dry_run_passes[cluster2_l2_video_export.json]" time="0.007" /><testcase classname="tests.integration.test_example_bundles_smoke" name="test_bundle_dry_run_passes[comfy_local_smoke.json]" time="0.007" /><testcase classname="tests.integration.test_example_bundles_smoke" name="test_bundle_dry_run_passes[comfy_local_smoke_audio.json]" time="0.007" /><testcase classname="tests.integration.test_example_bundles_smoke" name="test_bundle_dry_run_passes[comfy_local_smoke_mesh.json]" time="0.007" /><testcase classname="tests.integration.test_example_bundles_smoke" name="test_bundle_dry_run_passes[comfy_local_smoke_video.json]" time="0.007" /><testcase classname="tests.integration.test_example_bundles_smoke" name="test_bundle_dry_run_passes[image_edit_pipeline.json]" time="0.007" /><testcase classname="tests.integration.test_example_bundles_smoke" name="test_bundle_dry_run_passes[image_pipeline.json]" time="0.007" /><testcase classname="tests.integration.test_example_bundles_smoke" name="test_bundle_dry_run_passes[image_to_3d_pipeline.json]" time="0.007" /><testcase classname="tests.integration.test_example_bundles_smoke" name="test_bundle_dry_run_passes[image_to_3d_pipeline_live.json]" time="0.007" /><testcase classname="tests.integration.test_example_bundles_smoke" name="test_bundle_dry_run_passes[mock_linear.json]" time="0.007" /><testcase classname="tests.integration.test_example_bundles_smoke" name="test_bundle_dry_run_passes[review_3_images.json]" time="0.007" /><testcase classname="tests.integration.test_example_bundles_smoke" name="test_bundle_dry_run_passes[ue5_api_query.json]" time="0.007" /><testcase classname="tests.integration.test_example_bundles_smoke" name="test_bundle_dry_run_passes[ue_export_pipeline.json]" time="0.007" /><testcase classname="tests.integration.test_example_bundles_smoke" name="test_bundle_dry_run_passes[ue_export_pipeline_live.json]" time="0.007" /><testcase classname="tests.integration.test_example_bundles_smoke" name="test_bundle_modality_dependency_closure[character_extract.json]" time="0.006" /><testcase classname="tests.integration.test_example_bundles_smoke" name="test_bundle_modality_dependency_closure[cluster2_l2_video_export.json]" time="0.006" /><testcase classname="tests.integration.test_example_bundles_smoke" name="test_bundle_modality_dependency_closure[comfy_local_smoke.json]" time="0.006" /><testcase classname="tests.integration.test_example_bundles_smoke" name="test_bundle_modality_dependency_closure[comfy_local_smoke_audio.json]" time="0.006" /><testcase classname="tests.integration.test_example_bundles_smoke" name="test_bundle_modality_dependency_closure[comfy_local_smoke_mesh.json]" time="0.006" /><testcase classname="tests.integration.test_example_bundles_smoke" name="test_bundle_modality_dependency_closure[comfy_local_smoke_video.json]" time="0.006" /><testcase classname="tests.integration.test_example_bundles_smoke" name="test_bundle_modality_dependency_closure[image_edit_pipeline.json]" time="0.006" /><testcase classname="tests.integration.test_example_bundles_smoke" name="test_bundle_modality_dependency_closure[image_pipeline.json]" time="0.006" /><testcase classname="tests.integration.test_example_bundles_smoke" name="test_bundle_modality_dependency_closure[image_to_3d_pipeline.json]" time="0.006" /><testcase classname="tests.integration.test_example_bundles_smoke" name="test_bundle_modality_dependency_closure[image_to_3d_pipeline_live.json]" time="0.006" /><testcase classname="tests.integration.test_example_bundles_smoke" name="test_bundle_modality_dependency_closure[mock_linear.json]" time="0.006" /><testcase classname="tests.integration.test_example_bundles_smoke" name="test_bundle_modality_dependency_closure[review_3_images.json]" time="0.006" /><testcase classname="tests.integration.test_example_bundles_smoke" name="test_bundle_modality_dependency_closure[ue5_api_query.json]" time="0.005" /><testcase classname="tests.integration.test_example_bundles_smoke" name="test_bundle_modality_dependency_closure[ue_export_pipeline.json]" time="0.005" /><testcase classname="tests.integration.test_example_bundles_smoke" name="test_bundle_modality_dependency_closure[ue_export_pipeline_live.json]" time="0.005" /><testcase classname="tests.integration.test_example_bundles_smoke" name="test_bundle_discovery_is_nonempty" time="0.005" /><testcase classname="tests.integration.test_image_edit" name="test_image_edit_happy_path" time="9.097" /><testcase classname="tests.integration.test_image_edit" name="test_image_edit_no_upstream_image_raises" time="0.020" /><testcase classname="tests.integration.test_image_edit" name="test_image_edit_requires_provider_policy" time="0.023" /><testcase classname="tests.integration.test_image_edit" name="test_image_edit_falls_back_to_image_generation_for_text_only_adapter" time="0.013" /><testcase classname="tests.integration.test_l4_image_to_3d" name="test_mesh_executor_happy_path" time="0.043" /><testcase classname="tests.integration.test_l4_image_to_3d" name="test_mesh_executor_no_upstream_image_raises" time="0.029" /><testcase classname="tests.integration.test_l4_image_to_3d" name="test_mesh_executor_does_NOT_retry_on_worker_error" time="0.038" /><testcase classname="tests.integration.test_l4_image_to_3d" name="test_l4_mesh_reads_selected_candidate_from_review_verdict" time="0.052" /><testcase classname="tests.integration.test_l4_image_to_3d" name="test_l4_mesh_resolves_selected_image_from_selected_set_bundle" time="0.050" /><testcase classname="tests.integration.test_l4_image_to_3d" name="test_hunyuan_mesh_worker_tokenhub_submit_poll_download" time="0.018" /><testcase classname="tests.integration.test_l4_image_to_3d" name="test_mesh_spec_schema_round_trip" time="0.015" /><testcase classname="tests.integration.test_mesh_failure_visibility" name="test_mesh_failure_event_includes_job_id_and_stderr_hint" time="0.032" /><testcase classname="tests.integration.test_p0_mock_linear" name="test_first_run_produces_3_artifacts_and_3_checkpoints" time="0.029" /><testcase classname="tests.integration.test_p0_mock_linear" name="test_second_run_hits_checkpoint_cache" time="0.044" /><testcase classname="tests.integration.test_p0_mock_linear" name="test_dry_run_fails_on_malformed_bundle" time="0.021" /><testcase classname="tests.integration.test_p0_mock_linear" name="test_tracing_emits_run_and_step_spans" time="0.029" /><testcase classname="tests.integration.test_p1_structured_extraction" name="test_p1_happy_path_first_try" time="0.025" /><testcase classname="tests.integration.test_p1_structured_extraction" name="test_p1_schema_fail_retries_then_succeeds" time="0.024" /><testcase classname="tests.integration.test_p1_structured_extraction" name="test_p1_gives_up_after_max_attempts" time="0.031" /><testcase classname="tests.integration.test_p1_structured_extraction" name="test_p1_validate_flags_bad_upstream" time="0.023" /><testcase classname="tests.integration.test_p2_standalone_review" name="test_p2_bundle_single_judge_emits_report_and_verdict" time="0.030" /><testcase classname="tests.integration.test_p2_standalone_review" name="test_p2_bundle_dry_run_passes" time="0.015" /><testcase classname="tests.integration.test_p2_standalone_review" name="test_p2_chief_judge_records_dissent" time="0.030" /><testcase classname="tests.integration.test_p2_standalone_review" name="test_p2_visual_mode_attaches_image_bytes_to_judge_prompt" time="0.240" /><testcase classname="tests.integration.test_p2_standalone_review" name="test_p2_select_emits_selected_set_from_upstream_candidates" time="0.034" /><testcase classname="tests.integration.test_p3_production_pipeline" name="test_p3_happy_path_one_pass" time="0.051" /><testcase classname="tests.integration.test_p3_production_pipeline" name="test_p3_revise_loop_threads_hint_and_converges" time="0.069" /><testcase classname="tests.integration.test_p3_production_pipeline" name="test_p3_max_revise_cap_terminates" time="0.059" /><testcase classname="tests.integration.test_p3_production_pipeline" name="test_p3_worker_timeout_retries_then_succeeds" time="0.045" /><testcase classname="tests.integration.test_p3_production_pipeline" name="test_p3_failure_mode_map_records_worker_error" time="0.027" /><testcase classname="tests.integration.test_p3_production_pipeline" name="test_p3_scheduler_risk_sort_on_runnable_set" time="0.012" /><testcase classname="tests.integration.test_p3_production_pipeline" name="test_p3_api_image_path_via_router" time="0.046" /><testcase classname="tests.integration.test_p4_ue_manifest_only" name="test_p4_full_pipeline_writes_manifest_plan_and_evidence" time="0.074" /><testcase classname="tests.integration.test_p4_ue_manifest_only" name="test_p4_permission_policy_skips_denied_ops" time="0.050" /><testcase classname="tests.integration.test_p4_ue_manifest_only" name="test_p4_verdict_reject_skips_file_drop" time="0.039" /><testcase classname="tests.integration.test_p4_ue_manifest_only" name="test_p4_ue_scripts_run_import_with_stub_unreal" time="0.091" /><testcase classname="tests.integration.test_p4_ue_manifest_only" name="test_p4_manifest_and_plan_builders_pure" time="0.026" /><testcase classname="tests.integration.test_p4_ue_manifest_only" name="test_p4_ue_scripts_run_import_with_stub_unreal_dispatches_file_media_source_to_domain_video" time="0.089" /><testcase classname="tests.integration.test_p4_ue_manifest_only" name="test_p4_run_import_skips_permission_denied_file_media_source_op" time="0.073" /><testcase classname="tests.integration.test_p4_ue_manifest_only" name="test_p4_domain_video_consumes_d12_mp4_in_place_no_copy" time="0.024" /><testcase classname="tests.integration.test_p4_ue_manifest_only" name="test_p4_domain_video_does_not_import_framework_module" time="0.012" /><testcase classname="tests.integration.test_p4_ue_manifest_only" name="test_p4_export_executor_passes_video_artifact_through_is_importable_to_manifest_builder" time="0.044" /><testcase classname="tests.integration.test_p4_ue_manifest_only" name="test_p4_video_artifact_end_to_end_emits_import_file_media_source_in_manifest_plan_and_evidence" time="0.052" /><testcase classname="tests.integration.test_p4_ue_manifest_only" name="test_p4_export_drops_video_mp4_to_content_movies_directly" time="0.055" /><testcase classname="tests.integration.test_p4_ue_manifest_only" name="test_p4_domain_video_returns_failed_when_mp4_missing" time="0.098" /><testcase classname="tests.integration.test_p4_ue_manifest_only" name="test_p4_domain_video_rejects_non_d12_source_uri" time="0.100" /><testcase classname="tests.integration.test_p4_ue_manifest_only" name="test_p4_domain_video_returns_failed_on_source_target_mismatch" time="0.085" /><testcase classname="tests.integration.test_run_comparison_cli" name="test_python_m_framework_comparison_happy_path" time="0.280" /><testcase classname="tests.integration.test_run_comparison_cli" name="test_cli_does_not_pollute_repo_demo_artifacts" time="0.263" /><testcase classname="tests.integration.test_run_comparison_cli" name="test_cli_lineage_diff_surfaces_in_json" time="0.266" /><testcase classname="tests.integration.test_run_comparison_cli" name="test_offline_real_run_pair_via_framework_run" time="1.246" /><testcase classname="tests.integration.test_ws_progress" name="test_health_endpoint" time="0.029" /><testcase classname="tests.integration.test_ws_progress" name="test_ws_run_delivers_matching_events" time="0.023" /><testcase classname="tests.integration.test_ws_progress" name="test_ws_idle_disconnect_cleans_up_subscription" time="0.020" /><testcase classname="tests.unit.test_adapter_budget_clamp" name="test_tripo3d_poll_and_download_clamp_timeout_to_remaining_budget" time="0.012" /><testcase classname="tests.unit.test_adapter_budget_clamp" name="test_tripo3d_download_raises_timeout_when_poll_exhausted_budget" time="0.011" /><testcase classname="tests.unit.test_adapter_budget_clamp" name="test_litellm_collect_image_results_propagates_budget_to_fetch" time="0.016" /><testcase classname="tests.unit.test_adapter_budget_clamp" name="test_litellm_collect_image_results_no_budget_keeps_legacy_60s_timeout" time="0.013" /><testcase classname="tests.unit.test_artifact" name="test_artifact_type_modality_literal_accepts_video" time="0.012" /><testcase classname="tests.unit.test_artifact" name="test_artifact_type_modality_literal_rejects_unknown_modality" time="0.013" /><testcase classname="tests.unit.test_artifact" name="test_artifact_type_pre_phase3_modalities_still_accepted[text-structured]" time="0.013" /><testcase classname="tests.unit.test_artifact" name="test_artifact_type_pre_phase3_modalities_still_accepted[image-raster]" time="0.013" /><testcase classname="tests.unit.test_artifact" name="test_artifact_type_pre_phase3_modalities_still_accepted[audio-waveform]" time="0.013" /><testcase classname="tests.unit.test_artifact" name="test_artifact_type_pre_phase3_modalities_still_accepted[mesh-gltf]" time="0.013" /><testcase classname="tests.unit.test_artifact" name="test_artifact_type_pre_phase3_modalities_still_accepted[material-definition]" time="0.011" /><testcase classname="tests.unit.test_artifact" name="test_artifact_type_pre_phase3_modalities_still_accepted[bundle-candidate_set]" time="0.010" /><testcase classname="tests.unit.test_artifact" name="test_artifact_type_pre_phase3_modalities_still_accepted[ue-manifest]" time="0.010" /><testcase classname="tests.unit.test_artifact" name="test_artifact_type_pre_phase3_modalities_still_accepted[report-review]" time="0.012" /><testcase classname="tests.unit.test_artifact_repository" name="test_put_and_get_inline" time="0.013" /><testcase classname="tests.unit.test_artifact_repository" name="test_put_file_persisted_on_disk" time="0.022" /><testcase classname="tests.unit.test_artifact_repository" name="test_same_value_same_hash" time="0.016" /><testcase classname="tests.unit.test_artifact_repository" name="test_get_missing_raises" time="0.016" /><testcase classname="tests.unit.test_artifact_repository" name="test_lineage_parents_children_and_ancestors" time="0.015" /><testcase classname="tests.unit.test_artifact_repository" name="test_variant_siblings" time="0.022" /><testcase classname="tests.unit.test_artifact_repository" name="test_find_by_tag_and_producer" time="0.015" /><testcase classname="tests.unit.test_artifact_store_lazy_imports" name="test_import_artifact_store_does_not_pull_repository_or_payload_backends" time="0.068" /><testcase classname="tests.unit.test_artifact_store_lazy_imports" name="test_first_access_of_lazy_symbol_loads_submodule_and_caches" time="0.222" /><testcase classname="tests.unit.test_artifact_store_lazy_imports" name="test_dir_returns_full_public_api_surface_before_any_lazy_access" time="0.083" /><testcase classname="tests.unit.test_artifact_store_lazy_imports" name="test_no_callsite_uses_submodule_path" time="0.083" /><testcase classname="tests.unit.test_audio_metadata" name="test_parse_flac_extracts_sample_rate_and_duration" time="0.014" /><testcase classname="tests.unit.test_audio_metadata" name="test_parse_flac_invalid_magic_returns_none" time="0.008" /><testcase classname="tests.unit.test_audio_metadata" name="test_parse_wav_extracts_sample_rate_and_duration" time="0.011" /><testcase classname="tests.unit.test_audio_metadata" name="test_parse_wav_invalid_returns_none" time="0.010" /><testcase classname="tests.unit.test_audio_metadata" name="test_parse_mp3_extracts_sample_rate_for_mpeg1" time="0.011" /><testcase classname="tests.unit.test_audio_metadata" name="test_parse_mp3_with_id3v2_preamble_skipped" time="0.009" /><testcase classname="tests.unit.test_audio_metadata" name="test_parse_audio_metadata_unknown_format_returns_none" time="0.011" /><testcase classname="tests.unit.test_audio_metadata" name="test_parse_audio_metadata_truncated_input_returns_none" time="0.013" /><testcase classname="tests.unit.test_audio_worker" name="test_audio_worker_abc_requires_generate_audio" time="0.013" /><testcase classname="tests.unit.test_audio_worker" name="test_audio_candidate_format_whitelist" time="0.010" /><testcase classname="tests.unit.test_audio_worker" name="test_audio_worker_exception_tree_inheritance" time="0.012" /><testcase classname="tests.unit.test_audio_worker" name="test_fake_audio_worker_returns_minimal_valid_flac_bytes" time="0.011" /><testcase classname="tests.unit.test_audio_worker" name="test_fake_audio_worker_respects_num_candidates_parameter" time="0.009" /><testcase classname="tests.unit.test_audio_worker" name="test_audio_candidate_metadata_does_not_duplicate_top_level_audio_fields" time="0.012" /><testcase classname="tests.unit.test_budget_tracker" name="test_tracker_records_per_step_and_per_model" time="0.012" /><testcase classname="tests.unit.test_budget_tracker" name="test_check_and_would_exceed_after" time="0.011" /><testcase classname="tests.unit.test_budget_tracker" name="test_check_true_when_cap_unset" time="0.009" /><testcase classname="tests.unit.test_budget_tracker" name="test_assert_within_raises_when_over_cap" time="0.010" /><testcase classname="tests.unit.test_budget_tracker" name="test_summary_shape" time="0.012" /><testcase classname="tests.unit.test_budget_tracker" name="test_estimate_call_cost_usd_fallback_with_tokens" time="0.011" /><testcase classname="tests.unit.test_budget_tracker" name="test_estimate_call_cost_usd_fallback_per_call" time="0.012" /><testcase classname="tests.unit.test_budget_tracker_pricing" name="test_text_pricing_uses_yaml_rates_over_litellm" time="0.010" /><testcase classname="tests.unit.test_budget_tracker_pricing" name="test_text_pricing_partial_fields_falls_through" time="0.010" /><testcase classname="tests.unit.test_budget_tracker_pricing" name="test_text_pricing_none_keeps_legacy_behaviour" time="0.011" /><testcase classname="tests.unit.test_budget_tracker_pricing" name="test_text_pricing_respects_usage_none_with_yaml_rates" time="0.009" /><testcase classname="tests.unit.test_budget_tracker_pricing" name="test_image_pricing_yaml_per_image_wins" time="0.010" /><testcase classname="tests.unit.test_budget_tracker_pricing" name="test_image_pricing_missing_per_image_falls_through_to_fallback" time="0.012" /><testcase classname="tests.unit.test_budget_tracker_pricing" name="test_image_pricing_none_keeps_legacy_behaviour" time="0.013" /><testcase classname="tests.unit.test_budget_tracker_pricing" name="test_image_pricing_zero_n_short_circuits" time="0.012" /><testcase classname="tests.unit.test_budget_tracker_pricing" name="test_mesh_pricing_per_task_times_candidates" time="0.011" /><testcase classname="tests.unit.test_budget_tracker_pricing" name="test_mesh_pricing_missing_keeps_zero_by_default" time="0.011" /><testcase classname="tests.unit.test_budget_tracker_pricing" name="test_mesh_pricing_fallback_per_task_when_no_yaml" time="0.009" /><testcase classname="tests.unit.test_budget_tracker_pricing" name="test_mesh_pricing_yaml_wins_over_fallback" time="0.009" /><testcase classname="tests.unit.test_budget_tracker_pricing" name="test_mesh_pricing_zero_candidates_short_circuits" time="0.012" /><testcase classname="tests.unit.test_cancellation" name="test_wait_for_timeout_cancels_adapter_call" time="0.128" /><testcase classname="tests.unit.test_cancellation" name="test_cancellation_breaks_tokenhub_poll_loop" time="0.218" /><testcase classname="tests.unit.test_cascade_cancel" name="test_dag_failure_cancels_sibling" time="0.025" /><testcase classname="tests.unit.test_cascade_cancel" name="test_dag_retry_same_step_reexecutes" time="0.026" /><testcase classname="tests.unit.test_cascade_cancel" name="test_dag_terminate_true_cancels_sibling" time="0.058" /><testcase classname="tests.unit.test_cascade_cancel" name="test_cascade_cancelled_sibling_work_actually_stops" time="0.245" /><testcase classname="tests.unit.test_cascade_cancel" name="test_cascade_drain_timeout_is_explicit_failure" time="0.499" /><testcase classname="tests.unit.test_checkpoint_store" name="test_record_and_find_hit" time="0.018" /><testcase classname="tests.unit.test_checkpoint_store" name="test_miss_on_different_input_hash" time="0.016" /><testcase classname="tests.unit.test_checkpoint_store" name="test_miss_when_artifact_hash_drifts" time="0.020" /><testcase classname="tests.unit.test_checkpoint_store" name="test_miss_when_artifact_missing" time="0.017" /><testcase classname="tests.unit.test_checkpoint_store" name="test_persist_and_reload" time="0.026" /><testcase classname="tests.unit.test_chief_judge_parallel" name="test_panel_runs_concurrently" time="0.223" /><testcase classname="tests.unit.test_chief_judge_parallel" name="test_panel_cancellation_propagates" time="0.077" /><testcase classname="tests.unit.test_cn_image_adapters.TestQwenMultimodalAdapter" name="test_supports_qwen_prefix" time="0.011" /><testcase classname="tests.unit.test_cn_image_adapters.TestQwenMultimodalAdapter" name="test_image_generation_builds_dashscope_body" time="0.016" /><testcase classname="tests.unit.test_cn_image_adapters.TestQwenMultimodalAdapter" name="test_image_edit_embeds_source_image_block" time="0.014" /><testcase classname="tests.unit.test_cn_image_adapters.TestQwenMultimodalAdapter" name="test_http_error_maps_to_provider_error" time="0.015" /><testcase classname="tests.unit.test_cn_image_adapters.TestQwenMultimodalAdapter" name="test_empty_choices_raises_unsupported_response" time="0.018" /><testcase classname="tests.unit.test_cn_image_adapters.TestQwenMultimodalAdapter" name="test_choices_without_image_content_raises_unsupported_response" time="0.013" /><testcase classname="tests.unit.test_cn_image_adapters.TestHunyuanImageAdapter" name="test_supports_hunyuan_prefix" time="0.012" /><testcase classname="tests.unit.test_cn_image_adapters.TestHunyuanImageAdapter" name="test_submit_poll_download_sequence" time="0.017" /><testcase classname="tests.unit.test_cn_image_adapters.TestHunyuanImageAdapter" name="test_image_edit_embeds_base64_image" time="0.016" /><testcase classname="tests.unit.test_cn_image_adapters.TestHunyuanImageAdapter" name="test_image_generation_n3_fans_out" time="0.017" /><testcase classname="tests.unit.test_cn_image_adapters.TestHunyuanImageAdapter" name="test_failed_job_status_raises" time="0.016" /><testcase classname="tests.unit.test_cn_image_adapters.TestHunyuanImageAdapter" name="test_submit_missing_id_raises_unsupported_response" time="0.013" /><testcase classname="tests.unit.test_cn_image_adapters.TestHunyuanMeshWorker" name="test_submit_body_uses_image_field_with_data_url" time="0.016" /><testcase classname="tests.unit.test_cn_image_adapters.TestHunyuanMeshUrlExtraction" name="test_picks_glb_when_all_three_urls_present" time="0.012" /><testcase classname="tests.unit.test_cn_image_adapters.TestHunyuanMeshUrlExtraction" name="test_skips_preview_png_even_if_first" time="0.009" /><testcase classname="tests.unit.test_cn_image_adapters.TestHunyuanMeshUrlExtraction" name="test_falls_back_to_zip_when_no_glb" time="0.009" /><testcase classname="tests.unit.test_cn_image_adapters.TestHunyuanMeshUrlExtraction" name="test_prefers_glb_over_other_mesh_formats" time="0.009" /><testcase classname="tests.unit.test_cn_image_adapters.TestHunyuanMeshUrlExtraction" name="test_falls_back_to_fbx_obj_before_zip" time="0.010" /><testcase classname="tests.unit.test_cn_image_adapters.TestHunyuanMeshUrlExtraction" name="test_legacy_model_url_key_still_works" time="0.011" /><testcase classname="tests.unit.test_cn_image_adapters.TestHunyuanMeshUrlExtraction" name="test_glb_beats_gltf_when_both_present" time="0.010" /><testcase classname="tests.unit.test_cn_image_adapters.TestHunyuanMeshUrlExtraction" name="test_gltf_still_wins_over_zip_when_no_glb" time="0.012" /><testcase classname="tests.unit.test_cn_image_adapters.TestHunyuanMeshUrlExtraction" name="test_rejects_usd_only_response" time="0.012" /><testcase classname="tests.unit.test_cn_image_adapters.TestHunyuanMeshUrlExtraction" name="test_prefers_glb_when_mixed_with_usd" time="0.010" /><testcase classname="tests.unit.test_cn_image_adapters.TestHunyuanMeshUrlExtraction" name="test_ranking_buckets_match_detectable_formats" time="0.013" /><testcase classname="tests.unit.test_cn_image_adapters.TestHunyuanMeshUrlExtraction" name="test_no_extension_url_ranks_above_zip" time="0.013" /><testcase classname="tests.unit.test_cn_image_adapters.TestHunyuanMeshUrlExtraction" name="test_obj_beats_fbx_in_ok_bucket" time="0.012" /><testcase classname="tests.unit.test_cn_image_adapters.TestHunyuanMeshUrlExtraction" name="test_gltf_beats_obj_in_ok_bucket" time="0.011" /><testcase classname="tests.unit.test_cn_image_adapters.TestHunyuanMeshUrlExtraction" name="test_gltf_beats_fbx_in_ok_bucket" time="0.010" /><testcase classname="tests.unit.test_cn_image_adapters.TestHunyuanMeshGltfSelfContainment" name="test_self_contained_gltf_passes" time="0.008" /><testcase classname="tests.unit.test_cn_image_adapters.TestHunyuanMeshGltfSelfContainment" name="test_gltf_without_buffers_and_images_is_trivially_self_contained" time="0.009" /><testcase classname="tests.unit.test_cn_image_adapters.TestHunyuanMeshGltfSelfContainment" name="test_external_bin_uri_fails_check" time="0.010" /><testcase classname="tests.unit.test_cn_image_adapters.TestHunyuanMeshGltfSelfContainment" name="test_external_texture_uri_fails_check" time="0.011" /><testcase classname="tests.unit.test_cn_image_adapters.TestHunyuanMeshGltfSelfContainment" name="test_missing_uri_means_needs_bin_chunk_fails_check" time="0.011" /><testcase classname="tests.unit.test_cn_image_adapters.TestHunyuanMeshGltfSelfContainment" name="test_image_via_bufferview_is_self_contained" time="0.011" /><testcase classname="tests.unit.test_cn_image_adapters.TestHunyuanMeshGltfSelfContainment" name="test_image_without_uri_or_bufferview_fails_check" time="0.013" /><testcase classname="tests.unit.test_cn_image_adapters.TestHunyuanMeshGltfSelfContainment" name="test_obj_without_mtllib_is_self_contained" time="0.012" /><testcase classname="tests.unit.test_cn_image_adapters.TestHunyuanMeshGltfSelfContainment" name="test_obj_with_mtllib_fails_check" time="0.010" /><testcase classname="tests.unit.test_cn_image_adapters.TestHunyuanMeshGltfSelfContainment" name="test_obj_with_mtllib_after_comments_still_fails" time="0.010" /><testcase classname="tests.unit.test_cn_image_adapters.TestHunyuanMeshGltfSelfContainment" name="test_geometry_only_spec_accepts_sidecar_gltf" time="0.012" /><testcase classname="tests.unit.test_cn_image_adapters.TestHunyuanMeshGltfSelfContainment" name="test_geometry_only_still_raises_on_external_gltf_buffer" time="0.014" /><testcase classname="tests.unit.test_cn_image_adapters.TestHunyuanMeshGltfSelfContainment" name="test_corrupted_gltf_fails_self_containment_check" time="0.011" /><testcase classname="tests.unit.test_cn_image_adapters.TestHunyuanMeshGltfSelfContainment" name="test_worker_rejects_corrupted_gltf_even_in_geometry_only" time="0.012" /><testcase classname="tests.unit.test_cn_image_adapters.TestHunyuanMeshGltfSelfContainment" name="test_data_uri_check_is_case_insensitive" time="0.010" /><testcase classname="tests.unit.test_cn_image_adapters.TestHunyuanMeshGltfSelfContainment" name="test_gltf_has_external_geometry_detects_sidecar_bin" time="0.009" /><testcase classname="tests.unit.test_cn_image_adapters.TestHunyuanMeshGltfSelfContainment" name="test_geometry_only_spec_accepts_sidecar_obj" time="0.012" /><testcase classname="tests.unit.test_cn_image_adapters.TestHunyuanMeshGltfSelfContainment" name="test_default_spec_still_raises_on_sidecar_gltf" time="0.012" /><testcase classname="tests.unit.test_cn_image_adapters.TestHunyuanMeshGltfSelfContainment" name="test_worker_raises_unsupported_on_sidecar_obj" time="0.014" /><testcase classname="tests.unit.test_cn_image_adapters.TestHunyuanMeshGltfSelfContainment" name="test_worker_raises_unsupported_on_sidecar_gltf" time="0.012" /><testcase classname="tests.unit.test_cn_image_adapters.TestHunyuanMeshGltfSelfContainment" name="test_worker_raises_on_external_buffer_gltf" time="0.012" /><testcase classname="tests.unit.test_cn_image_adapters.TestHunyuanMeshGltfSelfContainment" name="test_worker_falls_through_on_download_error" time="0.012" /><testcase classname="tests.unit.test_cn_image_adapters.TestHunyuanMeshGltfSelfContainment" name="test_worker_raises_last_download_error_when_all_urls_fail" time="0.013" /><testcase classname="tests.unit.test_cn_image_adapters.TestHunyuanMeshGltfSelfContainment" name="test_empty_ranked_urls_classify_as_unsupported" time="0.012" /><testcase classname="tests.unit.test_cn_image_adapters.TestHunyuanMeshGltfSelfContainment" name="test_download_fallthrough_respects_remaining_budget" time="0.014" /><testcase classname="tests.unit.test_cn_image_adapters.TestHunyuanMeshGltfSelfContainment" name="test_download_fallthrough_raises_timeout_when_budget_exhausted" time="0.175" /><testcase classname="tests.unit.test_cn_image_adapters.TestHunyuanMeshGltfSelfContainment" name="test_worker_falls_through_to_next_url_on_unsupported" time="0.014" /><testcase classname="tests.unit.test_cn_image_adapters.TestHunyuanMeshFormatDetection" name="test_detects_zip_obj_bundle" time="0.009" /><testcase classname="tests.unit.test_cn_image_adapters.TestHunyuanMeshFormatDetection" name="test_detects_real_glb" time="0.011" /><testcase classname="tests.unit.test_cn_image_adapters.TestHunyuanMeshFormatDetection" name="test_detects_text_obj" time="0.009" /><testcase classname="tests.unit.test_cn_image_adapters.TestHunyuanMeshFormatDetection" name="test_detects_obj_with_varied_leading_keywords[o MyObject\nv 1 2 3\n]" time="0.013" /><testcase classname="tests.unit.test_cn_image_adapters.TestHunyuanMeshFormatDetection" name="test_detects_obj_with_varied_leading_keywords[g group_name\nv 0 0 0\n]" time="0.009" /><testcase classname="tests.unit.test_cn_image_adapters.TestHunyuanMeshFormatDetection" name="test_detects_obj_with_varied_leading_keywords[vn 0 0 1\nv 1 0 0\n]" time="0.010" /><testcase classname="tests.unit.test_cn_image_adapters.TestHunyuanMeshFormatDetection" name="test_detects_obj_with_varied_leading_keywords[vt 0 0\nv 0 0 0\n]" time="0.009" /><testcase classname="tests.unit.test_cn_image_adapters.TestHunyuanMeshFormatDetection" name="test_detects_obj_with_varied_leading_keywords[vp 0.5 0.5\nv 0 0 0\n]" time="0.011" /><testcase classname="tests.unit.test_cn_image_adapters.TestHunyuanMeshFormatDetection" name="test_detects_obj_with_varied_leading_keywords[f 1 2 3\nf 2 3 4\n]" time="0.011" /><testcase classname="tests.unit.test_cn_image_adapters.TestHunyuanMeshFormatDetection" name="test_detects_obj_with_varied_leading_keywords[l 1 2 3\n]" time="0.011" /><testcase classname="tests.unit.test_cn_image_adapters.TestHunyuanMeshFormatDetection" name="test_detects_obj_with_varied_leading_keywords[s off\nv 0 0 0\n]" time="0.010" /><testcase classname="tests.unit.test_cn_image_adapters.TestHunyuanMeshFormatDetection" name="test_detects_obj_with_varied_leading_keywords[usemtl steel\nf 1 2 3\n]" time="0.011" /><testcase classname="tests.unit.test_cn_image_adapters.TestHunyuanMeshFormatDetection" name="test_detects_obj_with_varied_leading_keywords[mtllib scene.mtl\nv 0 0 0\n]" time="0.009" /><testcase classname="tests.unit.test_cn_image_adapters.TestHunyuanMeshFormatDetection" name="test_detects_binary_fbx" time="0.009" /><testcase classname="tests.unit.test_cn_image_adapters.TestHunyuanMeshFormatDetection" name="test_detects_ascii_fbx_with_comment_header" time="0.009" /><testcase classname="tests.unit.test_cn_image_adapters.TestHunyuanMeshFormatDetection" name="test_detects_ascii_fbx_via_header_extension_tag" time="0.011" /><testcase classname="tests.unit.test_cn_image_adapters.TestHunyuanMeshFormatDetection" name="test_worker_ships_ascii_fbx_with_correct_format" time="0.013" /><testcase classname="tests.unit.test_cn_image_adapters.TestHunyuanMeshFormatDetection" name="test_rejects_non_obj_that_starts_with_lowercase_letter" time="0.011" /><testcase classname="tests.unit.test_cn_image_adapters.TestHunyuanMeshFormatDetection" name="test_detects_text_gltf_json" time="0.010" /><testcase classname="tests.unit.test_cn_image_adapters.TestHunyuanMeshFormatDetection" name="test_detects_text_gltf_with_leading_whitespace" time="0.010" /><testcase classname="tests.unit.test_cn_image_adapters.TestHunyuanMeshFormatDetection" name="test_rejects_random_json_as_gltf" time="0.009" /><testcase classname="tests.unit.test_cn_image_adapters.TestHunyuanMeshFormatDetection" name="test_detects_fbx_binary" time="0.009" /><testcase classname="tests.unit.test_cn_image_adapters.TestHunyuanMeshFormatDetection" name="test_unknown_falls_back_to_glb_label" time="0.010" /><testcase classname="tests.unit.test_cn_image_adapters.TestHunyuanMeshFormatDetection" name="test_agenerate_raises_on_zip_bundle_response" time="0.015" /><testcase classname="tests.unit.test_cn_image_adapters.TestHunyuanMeshFormatDetection" name="test_unsupported_response_is_not_retried_by_executor" time="0.021" /><testcase classname="tests.unit.test_cn_image_adapters.TestHunyuanMeshFormatDetection" name="test_agenerate_accepts_real_glb_bytes" time="0.014" /><testcase classname="tests.unit.test_cn_image_adapters" name="test_tokenhub_mixin_extract_url_variants" time="0.011" /><testcase classname="tests.unit.test_codex_audit_fixes" name="test_generate_structured_reraises_typed_exception_after_retries" time="0.018" /><testcase classname="tests.unit.test_codex_audit_fixes" name="test_hunyuan_tokenhub_post_raises_unsupported_on_html_body" time="0.013" /><testcase classname="tests.unit.test_codex_audit_fixes" name="test_qwen_dashscope_post_raises_unsupported_on_html_body" time="0.013" /><testcase classname="tests.unit.test_codex_audit_fixes" name="test_mesh_worker_apost_raises_unsupported_on_html_body" time="0.012" /><testcase classname="tests.unit.test_codex_audit_fixes" name="test_hunyuan_poll_clamps_timeout_to_remaining_budget" time="0.062" /><testcase classname="tests.unit.test_codex_audit_fixes" name="test_mesh_poll_clamps_timeout_to_remaining_budget" time="0.064" /><testcase classname="tests.unit.test_codex_audit_fixes" name="test_checkpoint_find_hit_misses_on_length_mismatch" time="0.017" /><testcase classname="tests.unit.test_codex_audit_fixes" name="test_image_edit_emits_cost_usd" time="0.027" /><testcase classname="tests.unit.test_codex_audit_fixes" name="test_retry_same_step_honours_policy_on_retry" time="0.010" /><testcase classname="tests.unit.test_codex_audit_fixes" name="test_retry_same_step_falls_back_to_step_id_when_unset" time="0.013" /><testcase classname="tests.unit.test_codex_audit_fixes" name="test_orchestrator_uses_fresh_transition_engine_per_arun" time="0.026" /><testcase classname="tests.unit.test_codex_audit_fixes" name="test_orchestrator_concurrent_arun_does_not_share_counters" time="0.021" /><testcase classname="tests.unit.test_codex_audit_fixes" name="test_generate_image_parallel_rejects_heterogeneous_models" time="0.019" /><testcase classname="tests.unit.test_codex_audit_fixes" name="test_select_bare_approve_excludes_explicit_rejects" time="0.023" /><testcase classname="tests.unit.test_codex_audit_fixes" name="test_select_bare_approve_keeps_whole_pool" time="0.021" /><testcase classname="tests.unit.test_codex_audit_fixes" name="test_repository_metadata_dump_and_load_roundtrip" time="0.024" /><testcase classname="tests.unit.test_codex_audit_fixes" name="test_load_run_metadata_skips_missing_payload" time="0.030" /><testcase classname="tests.unit.test_codex_audit_fixes" name="test_resume_yields_cache_hits_after_reload" time="0.035" /><testcase classname="tests.unit.test_codex_audit_fixes" name="test_sync_chunked_download_module_removed" time="0.011" /><testcase classname="tests.unit.test_codex_audit_fixes" name="test_transition_engine_clone_preserves_subclass_and_attrs" time="0.009" /><testcase classname="tests.unit.test_codex_audit_fixes" name="test_hunyuan_unsupported_response_skips_transient_retry" time="0.011" /><testcase classname="tests.unit.test_codex_audit_fixes" name="test_qwen_unsupported_response_skips_transient_retry" time="0.013" /><testcase classname="tests.unit.test_codex_audit_fixes" name="test_image_executor_does_not_retry_on_unsupported_response" time="0.013" /><testcase classname="tests.unit.test_codex_audit_fixes" name="test_mesh_worker_unsupported_response_skips_transient_retry" time="0.013" /><testcase classname="tests.unit.test_codex_audit_fixes" name="test_load_run_metadata_skips_corrupted_payload" time="0.032" /><testcase classname="tests.unit.test_codex_audit_fixes" name="test_router_does_not_fallback_on_unsupported_response" time="0.018" /><testcase classname="tests.unit.test_codex_audit_fixes" name="test_structured_step_persists_cost_for_resume" time="0.022" /><testcase classname="tests.unit.test_codex_audit_fixes" name="test_orchestrator_replays_cached_cost_into_budget_tracker" time="0.044" /><testcase classname="tests.unit.test_codex_audit_fixes" name="test_find_by_producer_safe_under_concurrent_put" time="0.030" /><testcase classname="tests.unit.test_codex_command_markdown" name="test_review_default_background" time="0.014" /><testcase classname="tests.unit.test_codex_command_markdown" name="test_adversarial_always_background" time="0.012" /><testcase classname="tests.unit.test_codex_command_markdown" name="test_round_counter_reference_section_exists" time="0.010" /><testcase classname="tests.unit.test_codex_command_markdown" name="test_review_type_5_enumeration_present" time="0.010" /><testcase classname="tests.unit.test_codex_command_markdown" name="test_review_type_counter_isolation" time="0.011" /><testcase classname="tests.unit.test_codex_command_markdown" name="test_polling_convention_section_exists" time="0.012" /><testcase classname="tests.unit.test_codex_command_markdown" name="test_no_do_not_call_bashoutput_text" time="0.011" /><testcase classname="tests.unit.test_codex_command_markdown" name="test_polling_must_directive_present" time="0.010" /><testcase classname="tests.unit.test_codex_command_markdown" name="test_review_strips_stage_hint_documented" time="0.012" /><testcase classname="tests.unit.test_codex_command_markdown" name="test_active_jobs_capture_documented" time="0.012" /><testcase classname="tests.unit.test_codex_command_markdown" name="test_codex_cmds_have_preflight_skill_cascade_disclaimer" time="0.013" /><testcase classname="tests.unit.test_comfy_lifecycle" name="test_ensure_running_starts_when_down" time="0.037" /><testcase classname="tests.unit.test_comfy_lifecycle" name="test_concurrent_ensure_spawns_once" time="0.077" /><testcase classname="tests.unit.test_comfy_lifecycle" name="test_cancel_during_cold_start_still_releasable" time="0.077" /><testcase classname="tests.unit.test_comfy_lifecycle" name="test_release_decision_table[ensure_running-run_end-False]" time="0.015" /><testcase classname="tests.unit.test_comfy_lifecycle" name="test_release_decision_table[ensure_running-arun_error-False]" time="0.013" /><testcase classname="tests.unit.test_comfy_lifecycle" name="test_release_decision_table[ensure_running-orchestrator_close-False]" time="0.012" /><testcase classname="tests.unit.test_comfy_lifecycle" name="test_release_decision_table[ensure_release-run_end-True]" time="0.012" /><testcase classname="tests.unit.test_comfy_lifecycle" name="test_release_decision_table[ensure_release-cascade-True]" time="0.013" /><testcase classname="tests.unit.test_comfy_lifecycle" name="test_release_decision_table[ensure_release-arun_cancel-True]" time="0.014" /><testcase classname="tests.unit.test_comfy_lifecycle" name="test_release_decision_table[ensure_release-arun_error-True]" time="0.011" /><testcase classname="tests.unit.test_comfy_lifecycle" name="test_release_decision_table[ensure_release-orchestrator_close-True]" time="0.012" /><testcase classname="tests.unit.test_comfy_lifecycle" name="test_release_decision_table[self_managed_session-run_end-False]" time="0.015" /><testcase classname="tests.unit.test_comfy_lifecycle" name="test_release_decision_table[self_managed_session-cascade-False]" time="0.013" /><testcase classname="tests.unit.test_comfy_lifecycle" name="test_release_decision_table[self_managed_session-arun_cancel-False]" time="0.014" /><testcase classname="tests.unit.test_comfy_lifecycle" name="test_release_decision_table[self_managed_session-arun_error-False]" time="0.014" /><testcase classname="tests.unit.test_comfy_lifecycle" name="test_release_decision_table[self_managed_session-orchestrator_close-True]" time="0.014" /><testcase classname="tests.unit.test_comfy_lifecycle" name="test_external_process_lifecycle_is_abstract" time="0.012" /><testcase classname="tests.unit.test_comfy_lifecycle" name="test_cancel_then_reensure_does_not_leak" time="0.071" /><testcase classname="tests.unit.test_comfy_lifecycle" name="test_status_subprocess_timeout_returns_false" time="0.125" /><testcase classname="tests.unit.test_comfy_subprocess" name="test_project_id_none_raises_unsupported_response_at_init" time="0.027" /><testcase classname="tests.unit.test_comfy_subprocess" name="test_artifacts_dir_none_raises_unsupported_response_at_init" time="0.018" /><testcase classname="tests.unit.test_comfy_subprocess" name="test_lifecycle_other_than_none_raises_unsupported_response" time="0.016" /><testcase classname="tests.unit.test_comfy_subprocess" name="test_missing_scripts_dir_raises_unsupported_response" time="0.015" /><testcase classname="tests.unit.test_comfy_subprocess" name="test_python_module_not_found_raises_unsupported_response" time="0.015" /><testcase classname="tests.unit.test_comfy_subprocess" name="test_aprobe_missing_scripts_dir_raises_unsupported_response" time="0.017" /><testcase classname="tests.unit.test_comfy_subprocess" name="test_aprobe_module_not_found_raises_unsupported_response" time="0.016" /><testcase classname="tests.unit.test_comfy_subprocess" name="test_dry_run_30s_timeout" time="5.036" /><testcase classname="tests.unit.test_comfy_subprocess" name="test_aprobe_nonzero_exit_raises" time="0.022" /><testcase classname="tests.unit.test_comfy_subprocess" name="test_exit2_missing_param_maps_to_unsupported" time="0.022" /><testcase classname="tests.unit.test_comfy_subprocess" name="test_exit2_value_out_of_range_maps_to_unsupported" time="0.021" /><testcase classname="tests.unit.test_comfy_subprocess" name="test_exit2_value_not_in_list_maps_to_unsupported" time="0.023" /><testcase classname="tests.unit.test_comfy_subprocess" name="test_stdout_not_json_maps_to_unsupported" time="0.023" /><testcase classname="tests.unit.test_comfy_subprocess" name="test_stdout_missing_outputs_field_maps_to_unsupported" time="0.021" /><testcase classname="tests.unit.test_comfy_subprocess" name="test_exit2_timeout_maps_to_worker_timeout" time="0.022" /><testcase classname="tests.unit.test_comfy_subprocess" name="test_exit2_unrecognised_error_maps_to_worker_error" time="0.024" /><testcase classname="tests.unit.test_comfy_subprocess" name="test_subprocess_invocation_passes_workflow_params_lifecycle_timeout" time="0.038" /><testcase classname="tests.unit.test_comfy_subprocess" name="test_subprocess_invocation_passes_task_project_id_as_dash_dash_project" time="0.027" /><testcase classname="tests.unit.test_comfy_subprocess" name="test_outputs_paths_are_copied_into_run_artifact_tree" time="0.027" /><testcase classname="tests.unit.test_comfy_subprocess" name="test_outputs_glb_non_empty_raises_unsupported_response" time="0.021" /><testcase classname="tests.unit.test_comfy_subprocess" name="test_outputs_audio_non_empty_raises_unsupported_response" time="0.021" /><testcase classname="tests.unit.test_comfy_subprocess" name="test_legacy_workflow_graph_field_rejected" time="0.018" /><testcase classname="tests.unit.test_comfy_subprocess" name="test_cancel_under_to_thread_does_not_orphan_processes" time="0.029" /><testcase classname="tests.unit.test_comfy_subprocess" name="test_executor_dispatches_comfy_local_to_worker_not_router" time="0.018" /><testcase classname="tests.unit.test_comfy_subprocess" name="test_comfy_agent_worker_reads_env_config" time="0.030" /><testcase classname="tests.unit.test_comfy_subprocess" name="test_env_unset_raises_unsupported_response" time="0.023" /><testcase classname="tests.unit.test_comfy_subprocess" name="test_dry_run_skips_probe_when_no_comfy_local_in_routes" time="0.021" /><testcase classname="tests.unit.test_comfy_subprocess" name="test_dry_run_probe_runs_when_comfy_local_in_routes" time="0.022" /><testcase classname="tests.unit.test_comfy_subprocess" name="test_capability_inferred_image_for_comfy_local" time="0.022" /><testcase classname="tests.unit.test_comfy_subprocess" name="test_capability_inferred_mesh_for_comfy_local_mesh" time="0.022" /><testcase classname="tests.unit.test_comfy_subprocess" name="test_unknown_model_id_raises_at_init" time="0.018" /><testcase classname="tests.unit.test_comfy_subprocess" name="test_generate_image_raises_on_mesh_mode_worker" time="0.019" /><testcase classname="tests.unit.test_comfy_subprocess" name="test_generate_mesh_raises_on_image_mode_worker" time="0.020" /><testcase classname="tests.unit.test_comfy_subprocess" name="test_mesh_mode_raises_on_missing_outputs_glb" time="0.024" /><testcase classname="tests.unit.test_comfy_subprocess" name="test_mesh_mode_accepts_non_empty_outputs_images_as_auxiliary" time="0.025" /><testcase classname="tests.unit.test_comfy_subprocess" name="test_mesh_mode_emits_info_log_for_auxiliary_outputs_images_with_count_and_paths" time="0.025" /><testcase classname="tests.unit.test_comfy_subprocess" name="test_mesh_mode_raises_on_rejected_outputs_audio" time="0.023" /><testcase classname="tests.unit.test_comfy_subprocess" name="test_mesh_mode_raises_on_rejected_outputs_video" time="0.024" /><testcase classname="tests.unit.test_comfy_subprocess" name="test_image_mode_still_rejects_outputs_video" time="0.017" /><testcase classname="tests.unit.test_comfy_subprocess" name="test_comfy_mesh_candidate_data_is_glb_bytes_read_from_outputs_glb_path" time="0.022" /><testcase classname="tests.unit.test_comfy_subprocess" name="test_comfy_mesh_candidate_metadata_records_comfy_provenance" time="0.030" /><testcase classname="tests.unit.test_comfy_subprocess" name="test_comfy_mesh_candidate_metadata_snapshot_isolated_from_spec_mutation" time="0.021" /><testcase classname="tests.unit.test_comfy_subprocess" name="test_comfy_mesh_rejects_non_glb_magic_bytes" time="0.024" /><testcase classname="tests.unit.test_comfy_subprocess" name="test_comfy_mesh_rejects_symlink_outputs_glb_path" time="0.021" /><testcase classname="tests.unit.test_comfy_subprocess" name="test_generate_mesh_injects_source_image_filename_into_comfy_params_under_default_input_image_key" time="0.020" /><testcase classname="tests.unit.test_comfy_subprocess" name="test_generate_mesh_injects_under_custom_comfy_image_param_key_when_bundle_declares_it" time="0.021" /><testcase classname="tests.unit.test_comfy_subprocess" name="test_generate_mesh_does_not_mutate_caller_spec_comfy_params" time="0.022" /><testcase classname="tests.unit.test_comfy_subprocess" name="test_dry_run_probe_runs_when_comfy_local_mesh_in_routes" time="0.019" /><testcase classname="tests.unit.test_comfy_subprocess" name="test_dry_run_skips_probe_when_no_comfy_local_or_local_mesh_in_routes" time="0.017" /><testcase classname="tests.unit.test_comfy_subprocess" name="test_generate_image_per_candidate_seed_overrides_comfy_params_seed" time="0.033" /><testcase classname="tests.unit.test_comfy_subprocess" name="test_generate_mesh_per_candidate_seed_overrides_comfy_params_seed" time="0.027" /><testcase classname="tests.unit.test_comfy_subprocess" name="test_executor_dispatches_comfy_local_records_provider_as_comfy_agent_cli" time="0.027" /><testcase classname="tests.unit.test_comfy_subprocess" name="test_image_outputs_path_outside_comfy_output_root_raises_unsupported_response" time="0.023" /><testcase classname="tests.unit.test_comfy_subprocess" name="test_mesh_outputs_path_outside_comfy_output_root_raises_unsupported_response" time="0.022" /><testcase classname="tests.unit.test_comfy_subprocess" name="test_comfy_agenerate_uses_create_subprocess_exec" time="0.024" /><testcase classname="tests.unit.test_comfy_subprocess" name="test_comfy_submit_lock_serializes_concurrent_agenerate" time="0.336" /><testcase classname="tests.unit.test_comfy_subprocess" name="test_comfy_submit_lock_safe_across_asyncio_run_loops" time="0.472" /><testcase classname="tests.unit.test_comfy_subprocess" name="test_comfy_generate_sync_shim_still_works" time="0.021" /><testcase classname="tests.unit.test_comfy_subprocess" name="test_comfy_cancel_aborts_server_side_prompt" time="0.330" /><testcase classname="tests.unit.test_comfy_subprocess_audio" name="test_capability_inferred_audio_for_comfy_local_audio" time="0.016" /><testcase classname="tests.unit.test_comfy_subprocess_audio" name="test_unknown_model_id_raises_at_init_lists_audio_in_supported" time="0.020" /><testcase classname="tests.unit.test_comfy_subprocess_audio" name="test_audio_mode_raises_on_missing_outputs_audio" time="0.022" /><testcase classname="tests.unit.test_comfy_subprocess_audio" name="test_audio_mode_raises_on_empty_outputs_audio" time="0.021" /><testcase classname="tests.unit.test_comfy_subprocess_audio" name="test_audio_mode_rejects_outputs_images" time="0.025" /><testcase classname="tests.unit.test_comfy_subprocess_audio" name="test_audio_mode_rejects_outputs_glb" time="0.022" /><testcase classname="tests.unit.test_comfy_subprocess_audio" name="test_audio_mode_rejects_outputs_video" time="0.023" /><testcase classname="tests.unit.test_comfy_subprocess_audio" name="test_generate_audio_flac_extension_detection_reads_bytes" time="0.030" /><testcase classname="tests.unit.test_comfy_subprocess_audio" name="test_generate_audio_mp3_id3_magic_match_accepts" time="0.023" /><testcase classname="tests.unit.test_comfy_subprocess_audio" name="test_generate_audio_mp3_mpeg_frame_sync_magic_match_accepts" time="0.026" /><testcase classname="tests.unit.test_comfy_subprocess_audio" name="test_generate_audio_wav_riff_wave_magic_match_accepts" time="0.024" /><testcase classname="tests.unit.test_comfy_subprocess_audio" name="test_generate_audio_unsupported_extension_ogg_raises_unsupported_response" time="0.024" /><testcase classname="tests.unit.test_comfy_subprocess_audio" name="test_generate_audio_flac_magic_bytes_mismatch_raises_unsupported_response" time="0.025" /><testcase classname="tests.unit.test_comfy_subprocess_audio" name="test_generate_audio_missing_path_raises_unsupported_response" time="0.019" /><testcase classname="tests.unit.test_comfy_subprocess_audio" name="test_generate_audio_symlink_path_raises_unsupported_response" time="0.032" /><testcase classname="tests.unit.test_comfy_subprocess_audio" name="test_generate_audio_runs_subprocess_num_candidates_times_when_num_gt_one" time="0.031" /><testcase classname="tests.unit.test_comfy_subprocess_audio" name="test_generate_audio_per_candidate_seed_overrides_comfy_params_seed" time="0.031" /><testcase classname="tests.unit.test_comfy_subprocess_audio" name="test_generate_audio_metadata_records_comfy_provenance" time="0.028" /><testcase classname="tests.unit.test_comfy_subprocess_audio" name="test_generate_audio_metadata_snapshot_is_independent_copy" time="0.022" /><testcase classname="tests.unit.test_comfy_subprocess_audio" name="test_dry_run_probe_runs_when_comfy_local_audio_in_routes" time="0.021" /><testcase classname="tests.unit.test_comfy_subprocess_audio" name="test_audio_outputs_path_outside_comfy_output_root_raises_unsupported_response" time="0.024" /><testcase classname="tests.unit.test_comfy_subprocess_video" name="test_capability_inferred_video_for_comfy_local_video" time="0.018" /><testcase classname="tests.unit.test_comfy_subprocess_video" name="test_unknown_model_id_raises_at_init_lists_video_in_supported" time="0.018" /><testcase classname="tests.unit.test_comfy_subprocess_video" name="test_video_mode_raises_on_missing_outputs_video" time="0.020" /><testcase classname="tests.unit.test_comfy_subprocess_video" name="test_video_mode_raises_on_empty_outputs_video" time="0.020" /><testcase classname="tests.unit.test_comfy_subprocess_video" name="test_video_mode_rejects_outputs_images" time="0.020" /><testcase classname="tests.unit.test_comfy_subprocess_video" name="test_video_mode_rejects_outputs_glb" time="0.020" /><testcase classname="tests.unit.test_comfy_subprocess_video" name="test_video_mode_rejects_outputs_audio" time="0.020" /><testcase classname="tests.unit.test_comfy_subprocess_video" name="test_image_mode_still_rejects_outputs_video_after_phase3" time="0.022" /><testcase classname="tests.unit.test_comfy_subprocess_video" name="test_mesh_mode_still_rejects_outputs_video_after_phase3" time="0.022" /><testcase classname="tests.unit.test_comfy_subprocess_video" name="test_audio_mode_still_rejects_outputs_video_after_phase3" time="0.024" /><testcase classname="tests.unit.test_comfy_subprocess_video" name="test_generate_video_mp4_extension_detection_reads_bytes" time="0.020" /><testcase classname="tests.unit.test_comfy_subprocess_video" name="test_generate_video_unsupported_extension_mov_raises_unsupported_response" time="0.020" /><testcase classname="tests.unit.test_comfy_subprocess_video" name="test_generate_video_webm_extension_rejected_pending_follow_on" time="0.020" /><testcase classname="tests.unit.test_comfy_subprocess_video" name="test_generate_video_bmff_too_short_raises_unsupported_response" time="0.022" /><testcase classname="tests.unit.test_comfy_subprocess_video" name="test_generate_video_bmff_ftyp_mismatch_raises_unsupported_response" time="0.022" /><testcase classname="tests.unit.test_comfy_subprocess_video" name="test_generate_video_bmff_box_size_too_small_raises" time="0.022" /><testcase classname="tests.unit.test_comfy_subprocess_video" name="test_generate_video_bmff_box_size_exceeds_len_raises" time="0.028" /><testcase classname="tests.unit.test_comfy_subprocess_video" name="test_generate_video_bmff_box_size_largesize_1_rejected_pending_follow_on" time="0.024" /><testcase classname="tests.unit.test_comfy_subprocess_video" name="test_generate_video_bmff_major_brand_zero_raises" time="0.021" /><testcase classname="tests.unit.test_comfy_subprocess_video" name="test_generate_video_bmff_major_brand_spaces_raises" time="0.024" /><testcase classname="tests.unit.test_comfy_subprocess_video" name="test_generate_video_bmff_valid_mp4_accepts_with_isom_brand" time="0.023" /><testcase classname="tests.unit.test_comfy_subprocess_video" name="test_generate_video_bmff_valid_mp4_accepts_with_mp42_brand" time="0.027" /><testcase classname="tests.unit.test_comfy_subprocess_video" name="test_generate_video_missing_path_raises_unsupported_response" time="0.019" /><testcase classname="tests.unit.test_comfy_subprocess_video" name="test_generate_video_symlink_path_raises_unsupported_response" time="0.014"><skipped type="pytest.skip" message="symlink 在 Windows 需要 admin 权限,跳过(POSIX 全覆盖)">D:\ClaudeProject\ForgeUE_claude\tests\unit\test_comfy_subprocess_video.py:599: symlink 在 Windows 需要 admin 权限,跳过(POSIX 全覆盖)</skipped></testcase><testcase classname="tests.unit.test_comfy_subprocess_video" name="test_generate_video_runs_subprocess_num_candidates_times_with_per_candidate_seed_override" time="0.023" /><testcase classname="tests.unit.test_comfy_subprocess_video" name="test_generate_video_metadata_records_5_comfy_provenance_keys" time="0.022" /><testcase classname="tests.unit.test_comfy_subprocess_video" name="test_generate_video_metadata_snapshot_is_independent_copy" time="0.021" /><testcase classname="tests.unit.test_comfy_subprocess_video" name="test_generate_video_does_not_read_forgeue_comfy_input_dir_env_var" time="0.021" /><testcase classname="tests.unit.test_comfy_subprocess_video" name="test_dry_run_probes_comfy_when_comfy_local_video_in_routes" time="0.020" /><testcase classname="tests.unit.test_compactor" name="test_no_compaction_when_under_limit" time="0.009" /><testcase classname="tests.unit.test_compactor" name="test_compaction_drops_middle_preserves_system_and_tail" time="0.008" /><testcase classname="tests.unit.test_compactor" name="test_compaction_handles_multimodal_content" time="0.012" /><testcase classname="tests.unit.test_compactor" name="test_compaction_with_short_history_is_noop" time="0.010" /><testcase classname="tests.unit.test_compactor" name="test_custom_token_counter_used" time="0.009" /><testcase classname="tests.unit.test_core_schemas" name="test_payload_inline_ok" time="0.011" /><testcase classname="tests.unit.test_core_schemas" name="test_payload_file_ok" time="0.010" /><testcase classname="tests.unit.test_core_schemas" name="test_payload_inline_missing_value_rejected" time="0.011" /><testcase classname="tests.unit.test_core_schemas" name="test_payload_file_missing_path_rejected" time="0.009" /><testcase classname="tests.unit.test_core_schemas" name="test_payload_blob_missing_key_rejected" time="0.010" /><testcase classname="tests.unit.test_core_schemas" name="test_artifact_type_internal_is_two_segment" time="0.012" /><testcase classname="tests.unit.test_core_schemas" name="test_artifact_type_modality_enum_check" time="0.012" /><testcase classname="tests.unit.test_core_schemas" name="test_artifact_full_build" time="0.010" /><testcase classname="tests.unit.test_core_schemas" name="test_task_requires_project_id" time="0.011" /><testcase classname="tests.unit.test_core_schemas" name="test_task_basic" time="0.011" /><testcase classname="tests.unit.test_core_schemas" name="test_step_default_risk_is_low" time="0.010" /><testcase classname="tests.unit.test_core_schemas" name="test_workflow_entry_is_in_steps" time="0.011" /><testcase classname="tests.unit.test_core_schemas" name="test_run_status_default" time="0.011" /><testcase classname="tests.unit.test_core_schemas" name="test_input_binding_default_required" time="0.012" /><testcase classname="tests.unit.test_core_schemas" name="test_candidate_set_default_policy" time="0.011" /><testcase classname="tests.unit.test_core_schemas" name="test_review_report_and_verdict_are_separate" time="0.013" /><testcase classname="tests.unit.test_core_schemas" name="test_rubric_criterion_weight" time="0.012" /><testcase classname="tests.unit.test_core_schemas" name="test_review_node_build" time="0.011" /><testcase classname="tests.unit.test_core_schemas" name="test_transition_policy_defaults" time="0.012" /><testcase classname="tests.unit.test_core_schemas" name="test_retry_policy_defaults" time="0.013" /><testcase classname="tests.unit.test_core_schemas" name="test_provider_policy_requires_capability" time="0.013" /><testcase classname="tests.unit.test_core_schemas" name="test_permission_policy_mvp_conservative" time="0.012" /><testcase classname="tests.unit.test_core_schemas" name="test_review_policy_threshold_default" time="0.012" /><testcase classname="tests.unit.test_core_schemas" name="test_budget_policy_optional" time="0.011" /><testcase classname="tests.unit.test_core_schemas" name="test_escalation_default_stop" time="0.012" /><testcase classname="tests.unit.test_core_schemas" name="test_ue_output_target_default_manifest_only" time="0.012" /><testcase classname="tests.unit.test_core_schemas" name="test_ue_asset_manifest_roundtrip" time="0.012" /><testcase classname="tests.unit.test_core_schemas" name="test_ue_import_plan_with_ops" time="0.010" /><testcase classname="tests.unit.test_core_schemas" name="test_evidence_success" time="0.009" /><testcase classname="tests.unit.test_core_schemas" name="test_checkpoint_carries_input_hash" time="0.011" /><testcase classname="tests.unit.test_domain_video_no_copy" name="test_domain_video_does_not_invoke_shutil_copy2" time="0.019" /><testcase classname="tests.unit.test_domain_video_no_copy" name="test_domain_video_file_path_derived_from_source_uri" time="0.017" /><testcase classname="tests.unit.test_domain_video_no_copy" name="test_domain_video_rejects_non_d12_source_uri" time="0.019" /><testcase classname="tests.unit.test_domain_video_no_copy" name="test_domain_video_returns_failed_on_source_target_mismatch" time="0.019" /><testcase classname="tests.unit.test_domain_video_no_copy" name="test_domain_video_returns_failed_when_source_mp4_missing" time="0.016" /><testcase classname="tests.unit.test_download_async" name="test_single_shot_download" time="0.013" /><testcase classname="tests.unit.test_download_async" name="test_download_with_progress" time="0.016" /><testcase classname="tests.unit.test_download_async" name="test_resume_on_transient_failure" time="0.013" /><testcase classname="tests.unit.test_download_async" name="test_range_ignored_server_resets_buffer" time="0.012" /><testcase classname="tests.unit.test_download_async" name="test_range_206_with_wrong_offset_resets_buffer" time="0.014" /><testcase classname="tests.unit.test_download_async" name="test_range_206_with_matching_offset_resumes" time="0.013" /><testcase classname="tests.unit.test_download_async" name="test_cancellation_propagates" time="0.120" /><testcase classname="tests.unit.test_dry_run_pass" name="test_passes_minimal_workflow" time="0.012" /><testcase classname="tests.unit.test_dry_run_pass" name="test_fails_on_missing_input_binding" time="0.012" /><testcase classname="tests.unit.test_dry_run_pass" name="test_fails_on_missing_step_in_workflow" time="0.012" /><testcase classname="tests.unit.test_dry_run_pass" name="test_extra_check_runs" time="0.012" /><testcase classname="tests.unit.test_dry_run_pass" name="test_budget_warn_when_production_missing_cap_on_paid_step" time="0.013" /><testcase classname="tests.unit.test_dry_run_pass" name="test_budget_ok_when_cap_declared" time="0.011" /><testcase classname="tests.unit.test_dry_run_pass" name="test_budget_ok_when_no_paid_steps" time="0.013" /><testcase classname="tests.unit.test_dry_run_pass" name="test_budget_warn_skipped_for_basic_llm_mode" time="0.012" /><testcase classname="tests.unit.test_dry_run_pass" name="test_step_lookup_accepts_upstream_reference" time="0.012" /><testcase classname="tests.unit.test_event_bus" name="test_publish_subscribe_basic" time="0.012" /><testcase classname="tests.unit.test_event_bus" name="test_filter_by_run_and_step" time="0.011" /><testcase classname="tests.unit.test_event_bus" name="test_aclose_drops_subscriber" time="0.012" /><testcase classname="tests.unit.test_event_bus" name="test_context_manager_unsubscribes_on_exit" time="0.014" /><testcase classname="tests.unit.test_event_bus" name="test_contextvar_ambient_publish" time="0.009" /><testcase classname="tests.unit.test_event_bus" name="test_publish_from_worker_thread_is_safe" time="0.014" /><testcase classname="tests.unit.test_event_bus" name="test_subscribe_count_is_lock_guarded" time="0.299" /><testcase classname="tests.unit.test_event_bus" name="test_ambient_publish_then_subscribe" time="0.014" /><testcase classname="tests.unit.test_evidence_skip_reason" name="test_evidence_load_legacy_no_skip_reason_field_defaults_to_none" time="0.011" /><testcase classname="tests.unit.test_evidence_skip_reason" name="test_evidence_dump_excludes_none_skip_reason" time="0.011" /><testcase classname="tests.unit.test_evidence_skip_reason" name="test_evidence_with_permission_denied_skip_reason" time="0.012" /><testcase classname="tests.unit.test_evidence_skip_reason" name="test_evidence_with_no_handler_skip_reason" time="0.011" /><testcase classname="tests.unit.test_evidence_writer_skip_reason" name="test_make_record_with_skip_reason_appears_in_json" time="0.011" /><testcase classname="tests.unit.test_evidence_writer_skip_reason" name="test_make_record_with_permission_denied_skip_reason" time="0.012" /><testcase classname="tests.unit.test_evidence_writer_skip_reason" name="test_make_record_without_skip_reason_yields_null_or_omitted_field" time="0.011" /><testcase classname="tests.unit.test_export_video_path_split" name="test_is_manifest_importable_requires_file_payload_kind" time="0.011" /><testcase classname="tests.unit.test_export_video_path_split" name="test_is_manifest_importable_returns_false_for_unmapped_shape" time="0.009" /><testcase classname="tests.unit.test_export_video_path_split" name="test_is_manifest_importable_returns_true_for_video_mp4" time="0.011" /><testcase classname="tests.unit.test_export_video_path_split" name="test_is_manifest_importable_returns_true_for_image_raster" time="0.008" /><testcase classname="tests.unit.test_export_video_path_split" name="test_derive_drop_target_video_mp4" time="0.011" /><testcase classname="tests.unit.test_export_video_path_split" name="test_derive_drop_target_preserves_raw_filename_for_non_video" time="0.010" /><testcase classname="tests.unit.test_export_video_path_split" name="test_derive_drop_target_falls_through_for_unmapped_shape" time="0.009" /><testcase classname="tests.unit.test_export_video_path_split" name="test_manifest_entry_source_uri_matches_framework_drop_path" time="0.010" /><testcase classname="tests.unit.test_export_video_path_split" name="test_manifest_silent_skip_unmapped_shape_consistent_with_export" time="0.009" /><testcase classname="tests.unit.test_export_video_path_split" name="test_export_drops_video_to_content_movies_and_image_preserves_raw_filename" time="0.012"><skipped type="pytest.skip" message="requires ExportExecutor end-to-end fixture; verify via integration test instead">D:\ClaudeProject\ForgeUE_claude\tests\unit\test_export_video_path_split.py:164: requires ExportExecutor end-to-end fixture; verify via integration test instead</skipped></testcase><testcase classname="tests.unit.test_export_video_path_split" name="test_export_unsupported_shape_does_not_crash_drop_loop" time="0.016"><skipped type="pytest.skip" message="requires ExportExecutor end-to-end fixture; verify via integration test instead">D:\ClaudeProject\ForgeUE_claude\tests\unit\test_export_video_path_split.py:169: requires ExportExecutor end-to-end fixture; verify via integration test instead</skipped></testcase><testcase classname="tests.unit.test_failure_mode_map" name="test_classify_known_exceptions[exc0-provider_timeout]" time="0.011" /><testcase classname="tests.unit.test_failure_mode_map" name="test_classify_known_exceptions[exc1-schema_validation_fail]" time="0.011" /><testcase classname="tests.unit.test_failure_mode_map" name="test_classify_known_exceptions[exc2-provider_error]" time="0.011" /><testcase classname="tests.unit.test_failure_mode_map" name="test_classify_known_exceptions[exc3-worker_timeout]" time="0.010" /><testcase classname="tests.unit.test_failure_mode_map" name="test_classify_known_exceptions[exc4-worker_error]" time="0.011" /><testcase classname="tests.unit.test_failure_mode_map" name="test_classify_known_exceptions[exc5-mesh_worker_timeout]" time="0.013" /><testcase classname="tests.unit.test_failure_mode_map" name="test_classify_known_exceptions[exc6-mesh_worker_error]" time="0.010" /><testcase classname="tests.unit.test_failure_mode_map" name="test_classify_known_exceptions[exc7-unsupported_response]" time="0.010" /><testcase classname="tests.unit.test_failure_mode_map" name="test_classify_known_exceptions[exc8-unsupported_response]" time="0.011" /><testcase classname="tests.unit.test_failure_mode_map" name="test_classify_known_exceptions[exc9-unsupported_response]" time="0.010" /><testcase classname="tests.unit.test_failure_mode_map" name="test_worker_unsupported_not_routed_as_worker_error" time="0.012" /><testcase classname="tests.unit.test_failure_mode_map" name="test_provider_unsupported_not_routed_as_provider_error" time="0.010" /><testcase classname="tests.unit.test_failure_mode_map" name="test_unsupported_response_verdict_terminates_when_no_fallback" time="0.011" /><testcase classname="tests.unit.test_failure_mode_map" name="test_unsupported_response_verdict_honours_on_fallback" time="0.009" /><testcase classname="tests.unit.test_failure_mode_map" name="test_unsupported_response_does_not_loop_same_step" time="0.009" /><testcase classname="tests.unit.test_failure_mode_map" name="test_classify_unknown_returns_none" time="0.009" /><testcase classname="tests.unit.test_failure_mode_map" name="test_classify_disk_full_via_oserror" time="0.009" /><testcase classname="tests.unit.test_failure_mode_map" name="test_default_map_covers_every_failure_mode" time="0.011" /><testcase classname="tests.unit.test_failure_mode_map" name="test_synthesise_verdict_uses_mapped_decision" time="0.010" /><testcase classname="tests.unit.test_failure_mode_map" name="test_synthesise_verdict_accepts_explicit_mode_override" time="0.011" /><testcase classname="tests.unit.test_failure_mode_map" name="test_failure_mode_map_audio_worker_timeout_maps_to_abort_or_fallback" time="0.009" /><testcase classname="tests.unit.test_failure_mode_map" name="test_failure_mode_map_audio_worker_unsupported_maps_to_abort_or_fallback" time="0.011" /><testcase classname="tests.unit.test_failure_mode_map" name="test_classify_audio_worker_timeout_to_audio_mode" time="0.009" /><testcase classname="tests.unit.test_failure_mode_map" name="test_classify_audio_worker_unsupported_to_audio_mode" time="0.011" /><testcase classname="tests.unit.test_failure_mode_map" name="test_classify_audio_worker_error_generic_maps_to_audio_unsupported" time="0.011" /><testcase classname="tests.unit.test_failure_mode_map" name="test_audio_takes_priority_over_generic_worker_exception_via_isinstance_order" time="0.010" /><testcase classname="tests.unit.test_failure_mode_map" name="test_failure_mode_map_video_worker_timeout_maps_to_abort_or_fallback" time="0.009" /><testcase classname="tests.unit.test_failure_mode_map" name="test_failure_mode_map_video_worker_unsupported_maps_to_abort_or_fallback" time="0.011" /><testcase classname="tests.unit.test_failure_mode_map" name="test_classify_video_worker_timeout_to_video_mode" time="0.010" /><testcase classname="tests.unit.test_failure_mode_map" name="test_classify_video_worker_unsupported_to_video_mode" time="0.012" /><testcase classname="tests.unit.test_failure_mode_map" name="test_classify_video_worker_error_generic_maps_to_video_unsupported" time="0.010" /><testcase classname="tests.unit.test_failure_mode_map" name="test_video_takes_priority_over_audio_mesh_generic_via_isinstance_order" time="0.011" /><testcase classname="tests.unit.test_fake_comfy_worker_schema" name="test_fake_comfy_worker_legacy_spec_without_comfy_workflow_passes" time="0.009" /><testcase classname="tests.unit.test_fake_comfy_worker_schema" name="test_fake_comfy_worker_v2_spec_missing_comfy_params_is_optional" time="0.010" /><testcase classname="tests.unit.test_fake_comfy_worker_schema" name="test_fake_comfy_worker_v2_schema_gate_rejects_non_string_comfy_workflow" time="0.008" /><testcase classname="tests.unit.test_fake_comfy_worker_schema" name="test_fake_comfy_worker_v2_schema_gate_rejects_non_dict_comfy_params" time="0.010" /><testcase classname="tests.unit.test_fake_comfy_worker_schema" name="test_fake_comfy_worker_v2_schema_gate_rejects_non_none_lifecycle" time="0.011" /><testcase classname="tests.unit.test_generate_audio_comfy" name="test_should_use_comfy_worker_path_returns_true_for_comfy_local_audio_route" time="0.014" /><testcase classname="tests.unit.test_generate_audio_comfy" name="test_should_use_comfy_worker_path_returns_false_when_no_comfy_local_audio" time="0.015" /><testcase classname="tests.unit.test_generate_audio_comfy" name="test_executor_dispatches_comfy_local_audio_to_comfy_worker_branch" time="0.025" /><testcase classname="tests.unit.test_generate_audio_comfy" name="test_executor_no_audio_worker_path_resolved_raises" time="0.016" /><testcase classname="tests.unit.test_generate_audio_comfy" name="test_generate_via_comfy_worker_wraps_worker_timeout_to_audio_worker_timeout_on_exhaustion" time="0.021" /><testcase classname="tests.unit.test_generate_audio_comfy" name="test_generate_via_comfy_worker_wraps_worker_unsupported_to_audio_worker_unsupported_immediately" time="0.020" /><testcase classname="tests.unit.test_generate_audio_comfy" name="test_generate_via_comfy_worker_wraps_generic_worker_error_immediately" time="0.020" /><testcase classname="tests.unit.test_generate_audio_comfy" name="test_local_comfy_audio_executor_retry_on_excludes_timeout_short_circuits_first_attempt" time="0.018" /><testcase classname="tests.unit.test_generate_audio_comfy" name="test_executor_persists_audio_artifact_with_shape_waveform_and_format_aware_file_suffix" time="0.024" /><testcase classname="tests.unit.test_generate_audio_comfy" name="test_executor_artifact_top_level_metadata_includes_format_duration_sample_rate" time="0.021" /><testcase classname="tests.unit.test_generate_audio_comfy" name="test_local_comfy_audio_pricing_none_treated_as_non_premium" time="0.020" /><testcase classname="tests.unit.test_generate_audio_comfy" name="test_should_retry_returns_true_for_audio_timeout_with_timeout_in_retry_on" time="0.011" /><testcase classname="tests.unit.test_generate_audio_comfy" name="test_should_retry_returns_false_for_audio_timeout_when_timeout_not_in_retry_on" time="0.009" /><testcase classname="tests.unit.test_generate_audio_comfy" name="test_should_retry_returns_false_for_audio_unsupported" time="0.010" /><testcase classname="tests.unit.test_generate_mesh_comfy" name="test_should_use_comfy_worker_path_reads_provider_policy_from_step_top_level" time="0.017" /><testcase classname="tests.unit.test_generate_mesh_comfy" name="test_should_use_comfy_worker_path_returns_false_for_remote_hunyuan_route" time="0.018" /><testcase classname="tests.unit.test_generate_mesh_comfy" name="test_should_use_comfy_worker_path_returns_false_when_no_provider_policy" time="0.016" /><testcase classname="tests.unit.test_generate_mesh_comfy" name="test_generate_via_comfy_worker_writes_source_bytes_to_comfyui_input_dir_with_forgeue_prefix" time="0.026" /><testcase classname="tests.unit.test_generate_mesh_comfy" name="test_generate_via_comfy_worker_passes_source_image_filename_to_worker_generate_mesh" time="0.024" /><testcase classname="tests.unit.test_generate_mesh_comfy" name="test_generate_via_comfy_worker_raises_when_FORGEUE_COMFY_INPUT_DIR_unset" time="0.022" /><testcase classname="tests.unit.test_generate_mesh_comfy" name="test_generate_via_comfy_worker_constructs_worker_with_model_id_comfy_local_mesh" time="0.026" /><testcase classname="tests.unit.test_generate_mesh_comfy" name="test_generate_via_comfy_worker_raises_when_env_unset" time="0.023" /><testcase classname="tests.unit.test_generate_mesh_comfy" name="test_generate_via_comfy_worker_wraps_worker_timeout_to_mesh_worker_timeout" time="0.025" /><testcase classname="tests.unit.test_generate_mesh_comfy" name="test_generate_via_comfy_worker_wraps_worker_unsupported_response_to_mesh_worker_unsupported" time="0.022" /><testcase classname="tests.unit.test_generate_mesh_comfy" name="test_generate_via_comfy_worker_wraps_generic_worker_error_to_mesh_worker_error" time="0.198" /><testcase classname="tests.unit.test_generate_mesh_comfy" name="test_local_comfy_mesh_executor_calls_worker_max_attempts_times_on_timeout" time="0.023" /><testcase classname="tests.unit.test_generate_mesh_comfy" name="test_local_comfy_mesh_executor_does_not_retry_on_worker_unsupported_response" time="0.025" /><testcase classname="tests.unit.test_generate_mesh_comfy" name="test_local_comfy_mesh_executor_raises_after_all_retries_exhausted" time="0.024" /><testcase classname="tests.unit.test_generate_mesh_comfy" name="test_failure_mode_map_routes_wrapped_local_comfy_mesh_timeout_to_abort_or_fallback_after_internal_retries_exhausted" time="0.015" /><testcase classname="tests.unit.test_generate_mesh_comfy" name="test_failure_mode_map_routes_wrapped_mesh_worker_unsupported_to_abort_or_fallback" time="0.014" /><testcase classname="tests.unit.test_generate_mesh_comfy" name="test_executor_execute_dispatches_comfy_local_mesh_via_internal_retry_branch" time="0.028" /><testcase classname="tests.unit.test_generate_mesh_comfy" name="test_executor_execute_remote_hunyuan_route_does_not_dispatch_to_comfy_branch" time="0.027" /><testcase classname="tests.unit.test_generate_mesh_comfy" name="test_executor_dispatches_comfy_local_mesh_records_provider_as_comfy_agent_cli" time="0.027" /><testcase classname="tests.unit.test_generate_mesh_comfy" name="test_executor_remote_hunyuan_path_records_provider_as_worker_name" time="0.025" /><testcase classname="tests.unit.test_generate_mesh_cost" name="test_mesh_executor_emits_cost_usd_when_policy_has_pricing" time="0.031" /><testcase classname="tests.unit.test_generate_mesh_cost" name="test_mesh_executor_cost_is_zero_when_no_provider_policy" time="0.026" /><testcase classname="tests.unit.test_generate_mesh_cost" name="test_mesh_executor_cost_is_zero_when_policy_has_no_pricing" time="0.029" /><testcase classname="tests.unit.test_generate_mesh_cost" name="test_mesh_executor_cost_picks_first_mesh_kind_route" time="0.027" /><testcase classname="tests.unit.test_generate_video_comfy" name="test_should_use_comfy_worker_path_returns_true_for_comfy_local_video_route" time="0.017" /><testcase classname="tests.unit.test_generate_video_comfy" name="test_should_use_comfy_worker_path_returns_false_when_no_comfy_local_video"
[...]
iling_newline" time="0.011" /><testcase classname="tests.unit.test_run_comparison_reporter.TestRenderJson" name="test_deterministic" time="0.012" /><testcase classname="tests.unit.test_run_comparison_reporter.TestRenderJson" name="test_indented_two_spaces" time="0.012" /><testcase classname="tests.unit.test_run_comparison_reporter.TestRenderMarkdownEmpty" name="test_empty_report_renders_without_keyerror" time="0.008" /><testcase classname="tests.unit.test_run_comparison_reporter.TestRenderMarkdownEmpty" name="test_empty_report_anomalies_none" time="0.011" /><testcase classname="tests.unit.test_run_comparison_reporter.TestRenderMarkdownEmpty" name="test_empty_report_step_diffs_none" time="0.011" /><testcase classname="tests.unit.test_run_comparison_reporter.TestRenderMarkdownEmpty" name="test_empty_report_run_metrics_none" time="0.009" /><testcase classname="tests.unit.test_run_comparison_reporter.TestRenderMarkdownEmpty" name="test_counts_table_lists_all_twelve_kinds_even_when_unused" time="0.011" /><testcase classname="tests.unit.test_run_comparison_reporter.TestRenderMarkdownAllKinds" name="test_each_artifact_kind_label_appears" time="0.012" /><testcase classname="tests.unit.test_run_comparison_reporter.TestRenderMarkdownAllKinds" name="test_each_verdict_kind_label_appears" time="0.012" /><testcase classname="tests.unit.test_run_comparison_reporter.TestRenderMarkdownStableOrder" name="test_same_input_byte_identical" time="0.009" /><testcase classname="tests.unit.test_run_comparison_reporter.TestRenderMarkdownAsciiOnly" name="test_pure_ascii_input_strict_encodes" time="0.013" /><testcase classname="tests.unit.test_run_comparison_reporter.TestRenderMarkdownAsciiOnly" name="test_non_ascii_input_coerced_to_backslash_escapes" time="0.010" /><testcase classname="tests.unit.test_run_comparison_reporter.TestRenderMarkdownIntegrityNotes" name="test_note_appears_in_step_section" time="0.009" /><testcase classname="tests.unit.test_run_comparison_reporter.TestRenderMarkdownIntegrityNotes" name="test_anomalies_section_lists_payload_missing" time="0.012" /><testcase classname="tests.unit.test_run_comparison_reporter.TestRenderMarkdownIntegrityNotes" name="test_anomalies_section_lists_missing_in_candidate" time="0.009" /><testcase classname="tests.unit.test_run_comparison_reporter.TestRenderMarkdownIntegrityNotes" name="test_anomalies_section_lists_content_changed_with_note" time="0.011" /><testcase classname="tests.unit.test_run_comparison_reporter.TestRenderMarkdownIntegrityNotes" name="test_unchanged_artifact_not_in_anomalies" time="0.010" /><testcase classname="tests.unit.test_run_comparison_reporter.TestRenderMarkdownSelectedDelta" name="test_selected_delta_with_rejected_keys" time="0.011" /><testcase classname="tests.unit.test_run_comparison_reporter.TestRenderMarkdownSelectedDelta" name="test_selected_delta_skips_absent_rejected_keys" time="0.009" /><testcase classname="tests.unit.test_run_comparison_reporter.TestRenderMarkdownMetadataDelta" name="test_format_change_uses_repr" time="0.009" /><testcase classname="tests.unit.test_run_comparison_reporter.TestRenderMarkdownMetadataDelta" name="test_tags_tuple_of_tuple_uses_repr" time="0.010" /><testcase classname="tests.unit.test_run_comparison_reporter.TestRenderMarkdownMetadataDelta" name="test_metadata_delta_keys_sorted" time="0.012" /><testcase classname="tests.unit.test_run_comparison_reporter.TestRenderMarkdownMetadataDelta" name="test_lineage_delta_renders" time="0.011" /><testcase classname="tests.unit.test_run_comparison_reporter.TestRenderMarkdownMetricNoneValues" name="test_step_metric_one_side_none_renders_dash" time="0.009" /><testcase classname="tests.unit.test_run_comparison_reporter.TestRenderMarkdownMetricNoneValues" name="test_run_level_metric_baseline_zero_pct_dash" time="0.011" /><testcase classname="tests.unit.test_run_comparison_reporter.TestEscapeCell" name="test_none_to_dash" time="0.011" /><testcase classname="tests.unit.test_run_comparison_reporter.TestEscapeCell" name="test_newline_to_space" time="0.009" /><testcase classname="tests.unit.test_run_comparison_reporter.TestEscapeCell" name="test_carriage_return_to_space" time="0.012" /><testcase classname="tests.unit.test_run_comparison_reporter.TestEscapeCell" name="test_pipe_escaped" time="0.011" /><testcase classname="tests.unit.test_run_comparison_reporter.TestEscapeCell" name="test_combined_cr_lf_pipe" time="0.010" /><testcase classname="tests.unit.test_run_comparison_reporter.TestEscapeCell" name="test_non_ascii_backslash_escaped" time="0.008" /><testcase classname="tests.unit.test_run_comparison_reporter.TestEscapeCell" name="test_int_str_passthrough" time="0.011" /><testcase classname="tests.unit.test_run_comparison_reporter.TestEscapeCell" name="test_empty_string_preserved" time="0.012" /><testcase classname="tests.unit.test_run_comparison_reporter.TestCountHelper" name="test_present_key_returns_value" time="0.009" /><testcase classname="tests.unit.test_run_comparison_reporter.TestCountHelper" name="test_absent_key_returns_zero" time="0.009" /><testcase classname="tests.unit.test_run_comparison_reporter.TestCountHelper" name="test_no_keyerror_on_sparse_summary_counts" time="0.011" /><testcase classname="tests.unit.test_run_comparison_reporter.TestRenderMarkdownReportNotMutated" name="test_render_does_not_mutate_report" time="0.011" /><testcase classname="tests.unit.test_run_comparison_reporter.TestRenderMarkdownGeneratedAtFromReport" name="test_render_uses_report_generated_at_only" time="0.012" /><testcase classname="tests.unit.test_run_comparison_reporter.TestWriteReports" name="test_returns_two_paths_with_fixed_filenames" time="0.018" /><testcase classname="tests.unit.test_run_comparison_reporter.TestWriteReports" name="test_json_content_matches_render_json" time="0.017" /><testcase classname="tests.unit.test_run_comparison_reporter.TestWriteReports" name="test_markdown_content_matches_render_markdown" time="0.019" /><testcase classname="tests.unit.test_run_comparison_reporter.TestWriteReports" name="test_creates_nonexistent_output_dir" time="0.020" /><testcase classname="tests.unit.test_run_comparison_reporter.TestWriteReports" name="test_lf_line_endings_no_crlf" time="0.021" /><testcase classname="tests.unit.test_run_comparison_reporter.TestWriteReports" name="test_overwrites_existing_files" time="0.019" /><testcase classname="tests.unit.test_run_comparison_reporter.TestWriteReports" name="test_returns_paths_for_chaining" time="0.016" /><testcase classname="tests.unit.test_run_comparison_reporter.TestReporterImportFence" name="test_reporter_import_does_not_pull_in_forbidden_modules" time="0.176" /><testcase classname="tests.unit.test_run_comparison_reporter.TestReporterImportFenceViaLazyPublicExport" name="test_lazy_public_export_does_not_pull_in_forbidden_modules" time="0.169" /><testcase classname="tests.unit.test_run_comparison_reporter.TestLineSafe" name="test_none_to_dash" time="0.014" /><testcase classname="tests.unit.test_run_comparison_reporter.TestLineSafe" name="test_newline_to_space" time="0.010" /><testcase classname="tests.unit.test_run_comparison_reporter.TestLineSafe" name="test_carriage_return_to_space" time="0.010" /><testcase classname="tests.unit.test_run_comparison_reporter.TestLineSafe" name="test_crlf_collapses_to_two_spaces" time="0.010" /><testcase classname="tests.unit.test_run_comparison_reporter.TestLineSafe" name="test_pipe_not_escaped_in_line_safe" time="0.009" /><testcase classname="tests.unit.test_run_comparison_reporter.TestLineSafe" name="test_non_ascii_backslash_escaped" time="0.013" /><testcase classname="tests.unit.test_run_comparison_reporter.TestLineSafe" name="test_int_str_passthrough" time="0.012" /><testcase classname="tests.unit.test_run_comparison_reporter.TestLineSafe" name="test_empty_string_preserved" time="0.012" /><testcase classname="tests.unit.test_run_comparison_reporter.TestRenderMarkdownLineSafetyForNonTableValues" name="test_run_id_with_newline_does_not_split_header" time="0.010" /><testcase classname="tests.unit.test_run_comparison_reporter.TestRenderMarkdownLineSafetyForNonTableValues" name="test_step_id_with_newline_does_not_split_heading" time="0.010" /><testcase classname="tests.unit.test_run_comparison_reporter.TestRenderMarkdownLineSafetyForNonTableValues" name="test_anomaly_note_with_newline_does_not_split_bullet" time="0.010" /><testcase classname="tests.unit.test_run_comparison_reporter.TestRenderMarkdownLineSafetyForNonTableValues" name="test_baseline_meta_status_with_crlf_does_not_split_bullet" time="0.011" /><testcase classname="tests.unit.test_run_comparison_reporter.TestRenderMarkdownLineSafetyForNonTableValues" name="test_chosen_model_with_newline_does_not_split_bullet" time="0.009" /><testcase classname="tests.unit.test_run_comparison_reporter.TestRenderMarkdownLineSafetyForNonTableValues" name="test_full_report_with_crlf_remains_ascii_only" time="0.011" /><testcase classname="tests.unit.test_run_comparison_reporter.TestRenderMarkdownTrailingNewline" name="test_empty_report_ends_with_exactly_one_newline" time="0.011" /><testcase classname="tests.unit.test_run_comparison_reporter.TestRenderMarkdownTrailingNewline" name="test_full_report_ends_with_exactly_one_newline" time="0.009" /><testcase classname="tests.unit.test_run_import_skipped_filter" name="test_pre_skipped_only_includes_permission_denied" time="0.045" /><testcase classname="tests.unit.test_run_import_skipped_filter" name="test_no_handler_skipped_does_not_pre_filter" time="0.047" /><testcase classname="tests.unit.test_scheduler_risk_ordering" name="test_risk_sort_low_medium_high" time="0.010" /><testcase classname="tests.unit.test_scheduler_risk_ordering" name="test_runnable_after_respects_depends_on" time="0.009" /><testcase classname="tests.unit.test_scheduler_risk_ordering" name="test_runnable_after_risk_ascending_when_multiple_unblocked" time="0.009" /><testcase classname="tests.unit.test_scheduler_risk_ordering" name="test_runnable_after_excludes_already_completed" time="0.011" /><testcase classname="tests.unit.test_secrets" name="test_load_env_file" time="0.024" /><testcase classname="tests.unit.test_secrets" name="test_hydrate_env_no_overwrite" time="0.018" /><testcase classname="tests.unit.test_secrets" name="test_missing_secrets" time="0.010" /><testcase classname="tests.unit.test_secrets" name="test_redact_short_and_long" time="0.009" /><testcase classname="tests.unit.test_secrets" name="test_redact_mapping_hides_sensitive_names" time="0.012" /><testcase classname="tests.unit.test_secrets" name="test_required_env_for_model" time="0.009" /><testcase classname="tests.unit.test_step_context" name="test_step_context_run_dir_defaults_to_path_dot" time="0.010" /><testcase classname="tests.unit.test_step_context" name="test_step_context_run_dir_explicit_value_preserved" time="0.011" /><testcase classname="tests.unit.test_step_context" name="test_step_context_lifecycle_defaults_to_none" time="0.014" /><testcase classname="tests.unit.test_transient_retry" name="test_is_transient_matches_network_signatures[SSL: UNEXPECTED_EOF_WHILE_READING]" time="0.010" /><testcase classname="tests.unit.test_transient_retry" name="test_is_transient_matches_network_signatures[ssl eof occurred]" time="0.009" /><testcase classname="tests.unit.test_transient_retry" name="test_is_transient_matches_network_signatures[&lt;urlopen error timed out&gt;]" time="0.011" /><testcase classname="tests.unit.test_transient_retry" name="test_is_transient_matches_network_signatures[[WinError 10060] connection attempt failed]" time="0.009" /><testcase classname="tests.unit.test_transient_retry" name="test_is_transient_matches_network_signatures[[WinError 10054] connection reset by peer]" time="0.008" /><testcase classname="tests.unit.test_transient_retry" name="test_is_transient_matches_network_signatures[DashScope 429: rate limited]" time="0.009" /><testcase classname="tests.unit.test_transient_retry" name="test_is_transient_matches_network_signatures[tokenhub 502: bad gateway]" time="0.010" /><testcase classname="tests.unit.test_transient_retry" name="test_is_transient_matches_network_signatures[tokenhub https://foo 503: service unavailable]" time="0.011" /><testcase classname="tests.unit.test_transient_retry" name="test_is_transient_matches_network_signatures[tokenhub 504: gateway timeout]" time="0.011" /><testcase classname="tests.unit.test_transient_retry" name="test_is_transient_rejects_permanent_errors[DashScope 400: InvalidParameter]" time="0.012" /><testcase classname="tests.unit.test_transient_retry" name="test_is_transient_rejects_permanent_errors[tokenhub 401: Invalid API-key provided]" time="0.012" /><testcase classname="tests.unit.test_transient_retry" name="test_is_transient_rejects_permanent_errors[tokenhub 403: Forbidden]" time="0.011" /><testcase classname="tests.unit.test_transient_retry" name="test_is_transient_rejects_permanent_errors[tokenhub 404: Not found]" time="0.012" /><testcase classname="tests.unit.test_transient_retry" name="test_is_transient_rejects_permanent_errors[tokenhub submit failed: Prompt missing]" time="0.009" /><testcase classname="tests.unit.test_transient_retry" name="test_is_transient_rejects_permanent_errors[adapter does not implement image_generation]" time="0.010" /><testcase classname="tests.unit.test_transient_retry" name="test_with_transient_retry_succeeds_on_second_attempt" time="0.010" /><testcase classname="tests.unit.test_transient_retry" name="test_with_transient_retry_gives_up_after_max_attempts" time="0.009" /><testcase classname="tests.unit.test_transient_retry" name="test_with_transient_retry_does_not_retry_permanent_error" time="0.009" /><testcase classname="tests.unit.test_transient_retry" name="test_qwen_adapter_retries_once_on_5xx_then_succeeds" time="0.015" /><testcase classname="tests.unit.test_transient_retry" name="test_hunyuan_adapter_retries_on_ssl_eof" time="0.015" /><testcase classname="tests.unit.test_transient_retry" name="test_mesh_worker_does_NOT_retry_on_winerror_10060" time="0.015" /><testcase classname="tests.unit.test_transient_retry" name="test_mesh_worker_does_not_retry_on_submit_failed_status" time="0.014" /><testcase classname="tests.unit.test_transition_engine" name="test_approve_goes_to_default_next" time="0.011" /><testcase classname="tests.unit.test_transition_engine" name="test_approve_prefers_policy_override" time="0.011" /><testcase classname="tests.unit.test_transition_engine" name="test_reject_without_policy_terminates" time="0.011" /><testcase classname="tests.unit.test_transition_engine" name="test_revise_counts_and_caps" time="0.011" /><testcase classname="tests.unit.test_transition_engine" name="test_retry_same_step_caps" time="0.010" /><testcase classname="tests.unit.test_transition_engine" name="test_human_review_terminates" time="0.009" /><testcase classname="tests.unit.test_tripo3d_unsupported" name="test_submit_without_task_id_raises_unsupported_response" time="0.011" /><testcase classname="tests.unit.test_tripo3d_unsupported" name="test_success_without_model_url_raises_unsupported_response" time="0.011" /><testcase classname="tests.unit.test_ue_bridge" name="test_manifest_builder_maps_modalities" time="0.021" /><testcase classname="tests.unit.test_ue_bridge" name="test_manifest_builder_skips_selected_filter" time="0.022" /><testcase classname="tests.unit.test_ue_bridge" name="test_manifest_builder_silently_skips_inline_importable" time="0.018" /><testcase classname="tests.unit.test_ue_bridge" name="test_manifest_builder_flags_missing_expected_kinds" time="0.022" /><testcase classname="tests.unit.test_ue_bridge" name="test_plan_builder_adds_create_folder_and_dependencies" time="0.021" /><testcase classname="tests.unit.test_ue_bridge" name="test_permission_policy_denies_phase_c_ops_by_default" time="0.011" /><testcase classname="tests.unit.test_ue_bridge" name="test_permission_policy_default_allows_import_file_media_source" time="0.012" /><testcase classname="tests.unit.test_ue_bridge" name="test_is_op_allowed_grants_import_file_media_source_under_default_policy" time="0.013" /><testcase classname="tests.unit.test_ue_bridge" name="test_is_importable_accepts_image_mesh_audio_material_video_after_phase3_extension" time="0.013" /><testcase classname="tests.unit.test_ue_bridge" name="test_permission_mask_for_manifest" time="0.022" /><testcase classname="tests.unit.test_ue_bridge" name="test_inspect_project_flags_missing_uproject" time="0.018" /><testcase classname="tests.unit.test_ue_bridge" name="test_inspect_content_path_returns_empty_for_non_game" time="0.020" /><testcase classname="tests.unit.test_ue_bridge" name="test_inspect_asset_exists_detects_fake_uasset" time="0.023" /><testcase classname="tests.unit.test_ue_bridge" name="test_validate_manifest_detects_duplicate_paths" time="0.024" /><testcase classname="tests.unit.test_ue_bridge" name="test_evidence_writer_appends_atomically" time="0.042" /><testcase classname="tests.unit.test_ue_bridge" name="test_kind_map_video_mp4_routes_to_file_media_source" time="0.011" /><testcase classname="tests.unit.test_ue_bridge" name="test_prefix_by_kind_file_media_source_is_MS_underscore" time="0.011" /><testcase classname="tests.unit.test_ue_bridge" name="test_default_import_options_for_file_media_source_kind_returns_video_keys" time="0.009" /><testcase classname="tests.unit.test_ue_bridge" name="test_metadata_overrides_whitelist_includes_video_keys" time="0.021" /><testcase classname="tests.unit.test_ue_bridge" name="test_video_artifact_with_mp4_shape_produces_ms_prefixed_ue_name" time="0.020" /><testcase classname="tests.unit.test_ue_bridge" name="test_import_plan_builder_maps_file_media_source_to_import_file_media_source_op" time="0.017" /><testcase classname="tests.unit.test_ue_bridge" name="test_video_artifact_with_unmapped_shape_does_not_route_to_file_media_source" time="0.021" /><testcase classname="tests.unit.test_video_worker" name="test_video_worker_abc_requires_generate_video" time="0.012" /><testcase classname="tests.unit.test_video_worker" name="test_video_candidate_format_mp4_accepted_dataclass_does_not_runtime_enforce_literal" time="0.009" /><testcase classname="tests.unit.test_video_worker" name="test_video_worker_exception_tree_inheritance" time="0.010" /><testcase classname="tests.unit.test_video_worker" name="test_fake_video_worker_returns_minimal_valid_mp4_bytes" time="0.011" /><testcase classname="tests.unit.test_video_worker" name="test_fake_video_worker_respects_num_candidates_parameter" time="0.011" /><testcase classname="tests.unit.test_video_worker" name="test_fake_video_worker_program_returns_preset_candidates" time="0.010" /><testcase classname="tests.unit.test_video_worker" name="test_fake_video_worker_program_raises_preset_error" time="0.009" /><testcase classname="tests.unit.test_visual_review_image_compress" name="test_compress_thumbnails_oversized_image_to_max_dim" time="0.509" /><testcase classname="tests.unit.test_visual_review_image_compress" name="test_compress_target_under_size_budget_for_typical_qwen_payload" time="0.489" /><testcase classname="tests.unit.test_visual_review_image_compress" name="test_compress_flattens_rgba_alpha_to_white_background" time="0.138" /><testcase classname="tests.unit.test_visual_review_image_compress" name="test_compress_returns_image_jpeg_mime_type_string" time="0.303" /><testcase classname="tests.unit.test_visual_review_image_compress" name="test_attach_skips_compression_when_disabled" time="0.488" /><testcase classname="tests.unit.test_visual_review_image_compress" name="test_attach_short_circuits_under_threshold_keeps_original_bytes" time="0.022" /><testcase classname="tests.unit.test_visual_review_image_compress" name="test_compress_raises_provider_error_with_install_hint_when_pillow_missing" time="0.281" /><testcase classname="tests.unit.test_visual_review_image_compress" name="test_attach_visual_payload_under_provider_limit_for_three_candidates" time="1.526" /></testsuite></testsuites>